<?xml version="1.0" encoding="UTF-8"?>
<coverage generated="1790426096633" clover="3.2.0">
  <project timestamp="1790426096633" name="All files">
    <metrics statements="1689" coveredstatements="1481" conditionals="1413" coveredconditionals="915" methods="188" coveredmethods="146" elements="3290" coveredelements="2542" complexity="0" loc="1689" ncloc="1689" packages="2" files="10" classes="10"/>
    <package name="proposals">
      <metrics statements="1470" coveredstatements="1292" conditionals="1181" coveredconditionals="783" methods="176" coveredmethods="134"/>
      <file name="proposals-scheduler.service.ts" path="/home/dheerajsingh/Desktop/arihant-bos/apps/api/src/modules/proposals/proposals-scheduler.service.ts">
        <metrics statements="133" coveredstatements="97" conditionals="109" coveredconditionals="42" methods="11" coveredmethods="11"/>
        <line num="1" count="2" type="stmt"/>
        <line num="2" count="2" type="stmt"/>
        <line num="3" count="2" type="stmt"/>
        <line num="4" count="2" type="stmt"/>
        <line num="5" count="2" type="stmt"/>
        <line num="6" count="2" type="stmt"/>
        <line num="10" count="2" type="stmt"/>
        <line num="11" count="2" type="stmt"/>
        <line num="14" count="2" type="cond" truecount="6" falsecount="2"/>
        <line num="15" count="2" type="stmt"/>
        <line num="22" count="2" type="cond" truecount="3" falsecount="1"/>
        <line num="23" count="2" type="stmt"/>
        <line num="26" count="2" type="stmt"/>
        <line num="27" count="2" type="stmt"/>
        <line num="29" count="2" type="cond" truecount="0" falsecount="1"/>
        <line num="30" count="0" type="stmt"/>
        <line num="31" count="0" type="stmt"/>
        <line num="34" count="2" type="stmt"/>
        <line num="36" count="2" type="stmt"/>
        <line num="38" count="2" type="stmt"/>
        <line num="44" count="2" type="cond" truecount="1" falsecount="1"/>
        <line num="45" count="2" type="stmt"/>
        <line num="46" count="2" type="stmt"/>
        <line num="48" count="2" type="stmt"/>
        <line num="50" count="2" type="stmt"/>
        <line num="59" count="2" type="stmt"/>
        <line num="62" count="2" type="stmt"/>
        <line num="68" count="2" type="stmt"/>
        <line num="75" count="2" type="stmt"/>
        <line num="76" count="0" type="stmt"/>
        <line num="87" count="0" type="cond" truecount="0" falsecount="1"/>
        <line num="91" count="2" type="stmt"/>
        <line num="97" count="2" type="stmt"/>
        <line num="104" count="2" type="cond" truecount="1" falsecount="1"/>
        <line num="106" count="2" type="stmt"/>
        <line num="107" count="0" type="cond" truecount="0" falsecount="2"/>
        <line num="108" count="0" type="cond" truecount="0" falsecount="1"/>
        <line num="110" count="0" type="stmt"/>
        <line num="111" count="0" type="stmt"/>
        <line num="112" count="0" type="stmt"/>
        <line num="114" count="0" type="stmt"/>
        <line num="126" count="0" type="cond" truecount="0" falsecount="1"/>
        <line num="129" count="0" type="cond" truecount="0" falsecount="1"/>
        <line num="130" count="0" type="cond" truecount="0" falsecount="2"/>
        <line num="131" count="0" type="stmt"/>
        <line num="132" count="0" type="cond" truecount="0" falsecount="1"/>
        <line num="133" count="0" type="stmt"/>
        <line num="138" count="0" type="cond" truecount="0" falsecount="2"/>
        <line num="141" count="0" type="stmt"/>
        <line num="153" count="0" type="cond" truecount="0" falsecount="1"/>
        <line num="158" count="2" type="stmt"/>
        <line num="165" count="2" type="cond" truecount="1" falsecount="1"/>
        <line num="167" count="2" type="stmt"/>
        <line num="168" count="34" type="cond" truecount="0" falsecount="1"/>
        <line num="170" count="34" type="stmt"/>
        <line num="171" count="34" type="stmt"/>
        <line num="172" count="34" type="stmt"/>
        <line num="174" count="34" type="cond" truecount="2" falsecount="0"/>
        <line num="176" count="4" type="stmt"/>
        <line num="188" count="4" type="cond" truecount="1" falsecount="0"/>
        <line num="189" count="30" type="cond" truecount="1" falsecount="0"/>
        <line num="191" count="2" type="stmt"/>
        <line num="203" count="2" type="cond" truecount="1" falsecount="0"/>
        <line num="208" count="2" type="stmt"/>
        <line num="215" count="2" type="stmt"/>
        <line num="216" count="38" type="cond" truecount="1" falsecount="1"/>
        <line num="217" count="38" type="stmt"/>
        <line num="218" count="38" type="cond" truecount="2" falsecount="0"/>
        <line num="219" count="30" type="cond" truecount="1" falsecount="1"/>
        <line num="220" count="8" type="cond" truecount="1" falsecount="1"/>
        <line num="221" count="0" type="cond" truecount="0" falsecount="2"/>
        <line num="222" count="8" type="cond" truecount="1" falsecount="1"/>
        <line num="223" count="0" type="cond" truecount="0" falsecount="2"/>
        <line num="224" count="8" type="cond" truecount="2" falsecount="0"/>
        <line num="225" count="4" type="cond" truecount="1" falsecount="1"/>
        <line num="226" count="4" type="cond" truecount="1" falsecount="0"/>
        <line num="227" count="4" type="cond" truecount="1" falsecount="1"/>
        <line num="230" count="38" type="cond" truecount="1" falsecount="1"/>
        <line num="231" count="38" type="stmt"/>
        <line num="233" count="38" type="cond" truecount="0" falsecount="1"/>
        <line num="234" count="0" type="stmt"/>
        <line num="246" count="0" type="cond" truecount="0" falsecount="1"/>
        <line num="251" count="2" type="stmt"/>
        <line num="258" count="2" type="stmt"/>
        <line num="259" count="0" type="stmt"/>
        <line num="269" count="0" type="cond" truecount="0" falsecount="1"/>
        <line num="273" count="2" type="cond" truecount="1" falsecount="1"/>
        <line num="274" count="2" type="stmt"/>
        <line num="275" count="0" type="cond" truecount="0" falsecount="1"/>
        <line num="276" count="0" type="stmt"/>
        <line num="277" count="0" type="stmt"/>
        <line num="279" count="0" type="cond" truecount="0" falsecount="1"/>
        <line num="280" count="0" type="stmt"/>
        <line num="292" count="0" type="cond" truecount="0" falsecount="1"/>
        <line num="297" count="2" type="stmt"/>
        <line num="313" count="2" type="stmt"/>
        <line num="314" count="38" type="cond" truecount="2" falsecount="0"/>
        <line num="315" count="38" type="cond" truecount="1" falsecount="2"/>
        <line num="316" count="0" type="stmt"/>
        <line num="322" count="0" type="cond" truecount="0" falsecount="2"/>
        <line num="327" count="2" type="cond" truecount="1" falsecount="0"/>
        <line num="328" count="1" type="stmt"/>
        <line num="331" count="2" type="stmt"/>
        <line num="333" count="0" type="stmt"/>
        <line num="336" count="2" type="stmt"/>
        <line num="339" count="2" type="stmt"/>
        <line num="346" count="3" type="stmt"/>
        <line num="352" count="3" type="stmt"/>
        <line num="364" count="6" type="stmt"/>
        <line num="366" count="6" type="stmt"/>
        <line num="367" count="6" type="stmt"/>
        <line num="376" count="6" type="stmt"/>
        <line num="380" count="6" type="cond" truecount="1" falsecount="0"/>
        <line num="381" count="3" type="stmt"/>
        <line num="384" count="3" type="stmt"/>
        <line num="394" count="3" type="stmt"/>
        <line num="396" count="0" type="stmt"/>
        <line num="397" count="0" type="stmt"/>
        <line num="405" count="1" type="stmt"/>
        <line num="407" count="1" type="stmt"/>
        <line num="413" count="1" type="cond" truecount="1" falsecount="1"/>
        <line num="414" count="1" type="stmt"/>
        <line num="417" count="1" type="stmt"/>
        <line num="424" count="1" type="stmt"/>
        <line num="425" count="1" type="stmt"/>
        <line num="427" count="15" type="stmt"/>
        <line num="432" count="15" type="stmt"/>
        <line num="443" count="15" type="cond" truecount="1" falsecount="0"/>
        <line num="444" count="3" type="stmt"/>
        <line num="445" count="3" type="stmt"/>
        <line num="449" count="1" type="stmt"/>
        <line num="456" count="2" type="stmt"/>
        <line num="460" count="1" type="stmt"/>
      </file>
      <file name="proposals.controller.ts" path="/home/dheerajsingh/Desktop/arihant-bos/apps/api/src/modules/proposals/proposals.controller.ts">
        <metrics statements="150" coveredstatements="142" conditionals="123" coveredconditionals="82" methods="37" coveredmethods="34"/>
        <line num="1" count="2" type="stmt"/>
        <line num="19" count="2" type="stmt"/>
        <line num="20" count="2" type="stmt"/>
        <line num="45" count="2" type="stmt"/>
        <line num="46" count="2" type="stmt"/>
        <line num="47" count="2" type="stmt"/>
        <line num="48" count="2" type="stmt"/>
        <line num="52" count="2" type="stmt"/>
        <line num="56" count="2" type="stmt"/>
        <line num="57" count="2" type="cond" truecount="3" falsecount="1"/>
        <line num="63" count="80" type="cond" truecount="1" falsecount="0"/>
        <line num="64" count="2" type="stmt"/>
        <line num="65" count="2" type="cond" truecount="3" falsecount="0"/>
        <line num="66" count="1" type="stmt"/>
        <line num="68" count="1" type="stmt"/>
        <line num="72" count="60" type="cond" truecount="1" falsecount="0"/>
        <line num="73" count="1" type="stmt"/>
        <line num="81" count="2" type="stmt"/>
        <line num="82" count="4" type="stmt"/>
        <line num="87" count="2" type="stmt"/>
        <line num="88" count="2" type="stmt"/>
        <line num="93" count="2" type="stmt"/>
        <line num="98" count="1" type="stmt"/>
        <line num="99" count="1" type="stmt"/>
        <line num="100" count="1" type="stmt"/>
        <line num="101" count="1" type="stmt"/>
        <line num="106" count="2" type="cond" truecount="3" falsecount="1"/>
        <line num="107" count="3" type="stmt"/>
        <line num="112" count="2" type="stmt"/>
        <line num="113" count="1" type="stmt"/>
        <line num="118" count="2" type="cond" truecount="3" falsecount="1"/>
        <line num="119" count="2" type="stmt"/>
        <line num="124" count="2" type="stmt"/>
        <line num="125" count="1" type="stmt"/>
        <line num="130" count="2" type="stmt"/>
        <line num="131" count="0" type="stmt"/>
        <line num="136" count="2" type="stmt"/>
        <line num="137" count="1" type="stmt"/>
        <line num="142" count="2" type="cond" truecount="3" falsecount="1"/>
        <line num="143" count="1" type="stmt"/>
        <line num="151" count="2" type="cond" truecount="3" falsecount="1"/>
        <line num="152" count="9" type="stmt"/>
        <line num="157" count="2" type="stmt"/>
        <line num="158" count="5" type="stmt"/>
        <line num="163" count="2" type="stmt"/>
        <line num="168" count="42" type="stmt"/>
        <line num="169" count="42" type="cond" truecount="1" falsecount="0"/>
        <line num="171" count="41" type="stmt"/>
        <line num="172" count="29" type="stmt"/>
        <line num="173" count="29" type="stmt"/>
        <line num="178" count="2" type="stmt"/>
        <line num="184" count="9" type="cond" truecount="1" falsecount="2"/>
        <line num="185" count="0" type="stmt"/>
        <line num="187" count="9" type="stmt"/>
        <line num="192" count="2" type="stmt"/>
        <line num="193" count="3" type="stmt"/>
        <line num="201" count="2" type="stmt"/>
        <line num="207" count="5" type="stmt"/>
        <line num="208" count="5" type="cond" truecount="0" falsecount="1"/>
        <line num="210" count="5" type="stmt"/>
        <line num="211" count="4" type="stmt"/>
        <line num="212" count="4" type="stmt"/>
        <line num="217" count="2" type="stmt"/>
        <line num="223" count="6" type="stmt"/>
        <line num="224" count="6" type="cond" truecount="0" falsecount="1"/>
        <line num="226" count="6" type="stmt"/>
        <line num="227" count="6" type="stmt"/>
        <line num="228" count="6" type="stmt"/>
        <line num="233" count="2" type="stmt"/>
        <line num="239" count="6" type="stmt"/>
        <line num="240" count="6" type="cond" truecount="0" falsecount="1"/>
        <line num="242" count="6" type="stmt"/>
        <line num="243" count="5" type="stmt"/>
        <line num="244" count="5" type="stmt"/>
        <line num="249" count="2" type="stmt"/>
        <line num="255" count="1" type="stmt"/>
        <line num="256" count="1" type="cond" truecount="0" falsecount="1"/>
        <line num="258" count="1" type="stmt"/>
        <line num="259" count="1" type="stmt"/>
        <line num="260" count="1" type="stmt"/>
        <line num="265" count="2" type="stmt"/>
        <line num="271" count="0" type="stmt"/>
        <line num="272" count="0" type="cond" truecount="0" falsecount="1"/>
        <line num="274" count="0" type="stmt"/>
        <line num="275" count="0" type="stmt"/>
        <line num="276" count="0" type="stmt"/>
        <line num="281" count="2" type="stmt"/>
        <line num="287" count="3" type="stmt"/>
        <line num="288" count="3" type="cond" truecount="0" falsecount="1"/>
        <line num="290" count="3" type="stmt"/>
        <line num="291" count="3" type="stmt"/>
        <line num="292" count="3" type="stmt"/>
        <line num="297" count="2" type="stmt"/>
        <line num="303" count="2" type="stmt"/>
        <line num="304" count="2" type="cond" truecount="0" falsecount="1"/>
        <line num="306" count="2" type="stmt"/>
        <line num="307" count="1" type="stmt"/>
        <line num="308" count="1" type="stmt"/>
        <line num="313" count="2" type="stmt"/>
        <line num="319" count="1" type="stmt"/>
        <line num="320" count="1" type="cond" truecount="0" falsecount="1"/>
        <line num="322" count="1" type="stmt"/>
        <line num="323" count="1" type="stmt"/>
        <line num="324" count="1" type="stmt"/>
        <line num="329" count="2" type="stmt"/>
        <line num="335" count="3" type="stmt"/>
        <line num="336" count="3" type="cond" truecount="0" falsecount="1"/>
        <line num="338" count="3" type="stmt"/>
        <line num="339" count="1" type="stmt"/>
        <line num="340" count="1" type="stmt"/>
        <line num="345" count="2" type="stmt"/>
        <line num="351" count="1" type="stmt"/>
        <line num="352" count="1" type="cond" truecount="0" falsecount="1"/>
        <line num="354" count="1" type="stmt"/>
        <line num="355" count="1" type="stmt"/>
        <line num="356" count="1" type="stmt"/>
        <line num="361" count="2" type="stmt"/>
        <line num="367" count="2" type="stmt"/>
        <line num="368" count="2" type="cond" truecount="0" falsecount="1"/>
        <line num="370" count="2" type="stmt"/>
        <line num="371" count="2" type="stmt"/>
        <line num="372" count="2" type="stmt"/>
        <line num="377" count="2" type="stmt"/>
        <line num="383" count="1" type="stmt"/>
        <line num="384" count="1" type="cond" truecount="0" falsecount="1"/>
        <line num="386" count="1" type="stmt"/>
        <line num="387" count="1" type="stmt"/>
        <line num="388" count="1" type="stmt"/>
        <line num="396" count="2" type="stmt"/>
        <line num="402" count="6" type="stmt"/>
        <line num="403" count="6" type="cond" truecount="0" falsecount="1"/>
        <line num="405" count="6" type="stmt"/>
        <line num="406" count="4" type="stmt"/>
        <line num="407" count="4" type="stmt"/>
        <line num="412" count="2" type="stmt"/>
        <line num="418" count="1" type="stmt"/>
        <line num="419" count="1" type="cond" truecount="0" falsecount="1"/>
        <line num="421" count="1" type="stmt"/>
        <line num="422" count="1" type="stmt"/>
        <line num="423" count="1" type="stmt"/>
        <line num="428" count="2" type="stmt"/>
        <line num="433" count="0" type="stmt"/>
        <line num="438" count="2" type="stmt"/>
        <line num="443" count="1" type="stmt"/>
        <line num="449" count="2" type="stmt"/>
        <line num="454" count="21" type="stmt"/>
        <line num="459" count="2" type="stmt"/>
        <line num="460" count="2" type="stmt"/>
        <line num="465" count="2" type="stmt"/>
        <line num="466" count="2" type="stmt"/>
      </file>
      <file name="proposals.dto.ts" path="/home/dheerajsingh/Desktop/arihant-bos/apps/api/src/modules/proposals/proposals.dto.ts">
        <metrics statements="209" coveredstatements="205" conditionals="0" coveredconditionals="0" methods="7" coveredmethods="3"/>
        <line num="1" count="2" type="stmt"/>
        <line num="15" count="2" type="stmt"/>
        <line num="17" count="2" type="stmt"/>
        <line num="19" count="2" type="stmt"/>
        <line num="22" count="2" type="stmt"/>
        <line num="26" count="2" type="stmt"/>
        <line num="29" count="2" type="stmt"/>
        <line num="32" count="2" type="stmt"/>
        <line num="36" count="2" type="stmt"/>
        <line num="40" count="2" type="stmt"/>
        <line num="44" count="2" type="stmt"/>
        <line num="46" count="2" type="stmt"/>
        <line num="50" count="2" type="stmt"/>
        <line num="54" count="2" type="stmt"/>
        <line num="58" count="2" type="stmt"/>
        <line num="62" count="2" type="stmt"/>
        <line num="66" count="2" type="stmt"/>
        <line num="70" count="2" type="stmt"/>
        <line num="74" count="2" type="stmt"/>
        <line num="78" count="2" type="stmt"/>
        <line num="82" count="2" type="stmt"/>
        <line num="86" count="2" type="stmt"/>
        <line num="90" count="2" type="stmt"/>
        <line num="94" count="2" type="stmt"/>
        <line num="98" count="2" type="stmt"/>
        <line num="102" count="2" type="stmt"/>
        <line num="106" count="2" type="stmt"/>
        <line num="110" count="2" type="stmt"/>
        <line num="114" count="2" type="stmt"/>
        <line num="118" count="2" type="stmt"/>
        <line num="123" count="2" type="stmt"/>
        <line num="127" count="2" type="stmt"/>
        <line num="131" count="2" type="stmt"/>
        <line num="134" count="2" type="stmt"/>
        <line num="137" count="2" type="stmt"/>
        <line num="141" count="2" type="stmt"/>
        <line num="145" count="2" type="stmt"/>
        <line num="149" count="0" type="stmt"/>
        <line num="151" count="2" type="stmt"/>
        <line num="155" count="2" type="stmt"/>
        <line num="159" count="2" type="stmt"/>
        <line num="163" count="2" type="stmt"/>
        <line num="167" count="2" type="stmt"/>
        <line num="171" count="2" type="stmt"/>
        <line num="175" count="2" type="stmt"/>
        <line num="179" count="2" type="stmt"/>
        <line num="183" count="2" type="stmt"/>
        <line num="187" count="2" type="stmt"/>
        <line num="191" count="2" type="stmt"/>
        <line num="195" count="2" type="stmt"/>
        <line num="200" count="2" type="stmt"/>
        <line num="204" count="2" type="stmt"/>
        <line num="207" count="2" type="stmt"/>
        <line num="210" count="2" type="stmt"/>
        <line num="213" count="2" type="stmt"/>
        <line num="216" count="2" type="stmt"/>
        <line num="221" count="2" type="stmt"/>
        <line num="224" count="2" type="stmt"/>
        <line num="227" count="2" type="stmt"/>
        <line num="230" count="2" type="stmt"/>
        <line num="233" count="2" type="stmt"/>
        <line num="236" count="2" type="stmt"/>
        <line num="239" count="2" type="stmt"/>
        <line num="242" count="2" type="stmt"/>
        <line num="245" count="2" type="stmt"/>
        <line num="250" count="2" type="stmt"/>
        <line num="254" count="2" type="stmt"/>
        <line num="258" count="2" type="stmt"/>
        <line num="263" count="2" type="stmt"/>
        <line num="267" count="2" type="stmt"/>
        <line num="270" count="2" type="stmt"/>
        <line num="273" count="2" type="stmt"/>
        <line num="277" count="2" type="stmt"/>
        <line num="282" count="2" type="stmt"/>
        <line num="286" count="2" type="stmt"/>
        <line num="290" count="2" type="stmt"/>
        <line num="295" count="2" type="stmt"/>
        <line num="298" count="2" type="stmt"/>
        <line num="301" count="2" type="stmt"/>
        <line num="305" count="2" type="stmt"/>
        <line num="308" count="2" type="stmt"/>
        <line num="311" count="2" type="stmt"/>
        <line num="315" count="2" type="stmt"/>
        <line num="319" count="2" type="stmt"/>
        <line num="323" count="2" type="stmt"/>
        <line num="326" count="2" type="stmt"/>
        <line num="329" count="2" type="stmt"/>
        <line num="333" count="2" type="stmt"/>
        <line num="337" count="2" type="stmt"/>
        <line num="341" count="2" type="stmt"/>
        <line num="345" count="2" type="stmt"/>
        <line num="348" count="2" type="stmt"/>
        <line num="351" count="2" type="stmt"/>
        <line num="355" count="2" type="stmt"/>
        <line num="359" count="2" type="stmt"/>
        <line num="362" count="2" type="stmt"/>
        <line num="365" count="2" type="stmt"/>
        <line num="368" count="2" type="stmt"/>
        <line num="371" count="2" type="stmt"/>
        <line num="375" count="2" type="stmt"/>
        <line num="379" count="2" type="stmt"/>
        <line num="385" count="2" type="stmt"/>
        <line num="389" count="2" type="stmt"/>
        <line num="393" count="2" type="stmt"/>
        <line num="397" count="2" type="stmt"/>
        <line num="403" count="2" type="stmt"/>
        <line num="407" count="2" type="stmt"/>
        <line num="411" count="2" type="stmt"/>
        <line num="415" count="2" type="stmt"/>
        <line num="419" count="2" type="stmt"/>
        <line num="423" count="2" type="stmt"/>
        <line num="426" count="0" type="stmt"/>
        <line num="428" count="2" type="stmt"/>
        <line num="431" count="0" type="stmt"/>
        <line num="433" count="2" type="stmt"/>
        <line num="436" count="0" type="stmt"/>
        <line num="438" count="2" type="stmt"/>
        <line num="441" count="2" type="stmt"/>
        <line num="444" count="2" type="stmt"/>
        <line num="448" count="2" type="stmt"/>
        <line num="451" count="2" type="stmt"/>
        <line num="454" count="2" type="stmt"/>
        <line num="459" count="2" type="stmt"/>
        <line num="464" count="2" type="stmt"/>
        <line num="467" count="2" type="stmt"/>
        <line num="470" count="2" type="stmt"/>
        <line num="474" count="2" type="stmt"/>
        <line num="478" count="2" type="stmt"/>
        <line num="481" count="2" type="stmt"/>
        <line num="484" count="2" type="stmt"/>
        <line num="488" count="2" type="stmt"/>
        <line num="492" count="2" type="stmt"/>
        <line num="496" count="2" type="stmt"/>
        <line num="499" count="2" type="stmt"/>
        <line num="502" count="2" type="stmt"/>
        <line num="506" count="2" type="stmt"/>
        <line num="510" count="2" type="stmt"/>
        <line num="514" count="2" type="stmt"/>
        <line num="518" count="2" type="stmt"/>
        <line num="522" count="2" type="stmt"/>
        <line num="526" count="2" type="stmt"/>
        <line num="530" count="2" type="stmt"/>
        <line num="533" count="2" type="stmt"/>
        <line num="534" count="2" type="stmt"/>
        <line num="538" count="10" type="stmt"/>
        <line num="540" count="3" type="stmt"/>
        <line num="544" count="10" type="stmt"/>
        <line num="548" count="2" type="stmt"/>
        <line num="552" count="2" type="stmt"/>
        <line num="556" count="2" type="stmt"/>
        <line num="560" count="2" type="stmt"/>
        <line num="564" count="2" type="stmt"/>
        <line num="568" count="2" type="stmt"/>
        <line num="572" count="2" type="stmt"/>
        <line num="576" count="2" type="stmt"/>
        <line num="580" count="2" type="stmt"/>
        <line num="584" count="2" type="stmt"/>
        <line num="588" count="2" type="stmt"/>
        <line num="592" count="2" type="stmt"/>
        <line num="596" count="2" type="stmt"/>
        <line num="600" count="2" type="stmt"/>
        <line num="604" count="2" type="stmt"/>
        <line num="608" count="2" type="stmt"/>
        <line num="612" count="2" type="stmt"/>
        <line num="616" count="2" type="stmt"/>
        <line num="620" count="2" type="stmt"/>
        <line num="624" count="2" type="stmt"/>
        <line num="628" count="2" type="stmt"/>
        <line num="632" count="2" type="stmt"/>
        <line num="636" count="2" type="stmt"/>
        <line num="640" count="2" type="stmt"/>
        <line num="644" count="2" type="stmt"/>
        <line num="648" count="2" type="stmt"/>
        <line num="652" count="2" type="stmt"/>
        <line num="656" count="2" type="stmt"/>
        <line num="660" count="2" type="stmt"/>
        <line num="664" count="2" type="stmt"/>
        <line num="668" count="2" type="stmt"/>
        <line num="672" count="2" type="stmt"/>
        <line num="676" count="10" type="stmt"/>
        <line num="680" count="10" type="stmt"/>
        <line num="683" count="2" type="stmt"/>
        <line num="686" count="2" type="stmt"/>
        <line num="691" count="2" type="stmt"/>
        <line num="696" count="2" type="stmt"/>
        <line num="701" count="2" type="stmt"/>
        <line num="706" count="2" type="stmt"/>
        <line num="711" count="2" type="stmt"/>
        <line num="716" count="2" type="stmt"/>
        <line num="721" count="2" type="stmt"/>
        <line num="726" count="2" type="stmt"/>
        <line num="731" count="2" type="stmt"/>
        <line num="736" count="2" type="stmt"/>
        <line num="741" count="2" type="stmt"/>
        <line num="746" count="2" type="stmt"/>
        <line num="751" count="2" type="stmt"/>
        <line num="756" count="2" type="stmt"/>
        <line num="761" count="2" type="stmt"/>
        <line num="765" count="2" type="stmt"/>
        <line num="769" count="2" type="stmt"/>
        <line num="773" count="2" type="stmt"/>
        <line num="777" count="2" type="stmt"/>
        <line num="781" count="2" type="stmt"/>
        <line num="785" count="2" type="stmt"/>
        <line num="788" count="2" type="stmt"/>
        <line num="791" count="2" type="stmt"/>
        <line num="795" count="2" type="stmt"/>
        <line num="799" count="2" type="stmt"/>
        <line num="803" count="2" type="stmt"/>
      </file>
      <file name="proposals.module.ts" path="/home/dheerajsingh/Desktop/arihant-bos/apps/api/src/modules/proposals/proposals.module.ts">
        <metrics statements="10" coveredstatements="10" conditionals="0" coveredconditionals="0" methods="0" coveredmethods="0"/>
        <line num="1" count="2" type="stmt"/>
        <line num="2" count="2" type="stmt"/>
        <line num="3" count="2" type="stmt"/>
        <line num="4" count="2" type="stmt"/>
        <line num="5" count="2" type="stmt"/>
        <line num="6" count="2" type="stmt"/>
        <line num="7" count="2" type="stmt"/>
        <line num="8" count="2" type="stmt"/>
        <line num="9" count="2" type="stmt"/>
        <line num="29" count="2" type="stmt"/>
      </file>
      <file name="proposals.service.ts" path="/home/dheerajsingh/Desktop/arihant-bos/apps/api/src/modules/proposals/proposals.service.ts">
        <metrics statements="817" coveredstatements="707" conditionals="772" coveredconditionals="520" methods="117" coveredmethods="82"/>
        <line num="1" count="2" type="stmt"/>
        <line num="12" count="2" type="stmt"/>
        <line num="13" count="2" type="stmt"/>
        <line num="14" count="2" type="stmt"/>
        <line num="15" count="2" type="stmt"/>
        <line num="16" count="2" type="stmt"/>
        <line num="23" count="2" type="stmt"/>
        <line num="24" count="2" type="stmt"/>
        <line num="25" count="2" type="stmt"/>
        <line num="26" count="2" type="stmt"/>
        <line num="53" count="2" type="stmt"/>
        <line num="54" count="2" type="stmt"/>
        <line num="57" count="2" type="cond" truecount="6" falsecount="2"/>
        <line num="58" count="2" type="cond" truecount="3" falsecount="1"/>
        <line num="59" count="2" type="cond" truecount="3" falsecount="1"/>
        <line num="60" count="2" type="cond" truecount="3" falsecount="1"/>
        <line num="61" count="2" type="stmt"/>
        <line num="68" count="1" type="stmt"/>
        <line num="69" count="1" type="stmt"/>
        <line num="81" count="1" type="cond" truecount="1" falsecount="1"/>
        <line num="88" count="71" type="cond" truecount="3" falsecount="0"/>
        <line num="89" count="24" type="stmt"/>
        <line num="90" count="24" type="cond" truecount="1" falsecount="0"/>
        <line num="92" count="23" type="stmt"/>
        <line num="99" count="305" type="stmt"/>
        <line num="105" count="305" type="cond" truecount="0" falsecount="1"/>
        <line num="106" count="0" type="stmt"/>
        <line num="109" count="0" type="stmt"/>
        <line num="111" count="0" type="stmt"/>
        <line num="117" count="305" type="stmt"/>
        <line num="124" count="2" type="cond" truecount="1" falsecount="1"/>
        <line num="125" count="2" type="cond" truecount="2" falsecount="1"/>
        <line num="126" count="0" type="stmt"/>
        <line num="129" count="2" type="stmt"/>
        <line num="138" count="2" type="stmt"/>
        <line num="145" count="12" type="stmt"/>
        <line num="146" count="12" type="stmt"/>
        <line num="148" count="12" type="stmt"/>
        <line num="151" count="12" type="stmt"/>
        <line num="152" count="12" type="stmt"/>
        <line num="160" count="12" type="stmt"/>
        <line num="161" count="12" type="stmt"/>
        <line num="168" count="12" type="stmt"/>
        <line num="169" count="12" type="stmt"/>
        <line num="176" count="12" type="stmt"/>
        <line num="177" count="12" type="stmt"/>
        <line num="186" count="12" type="cond" truecount="1" falsecount="1"/>
        <line num="187" count="12" type="cond" truecount="2" falsecount="0"/>
        <line num="188" count="12" type="cond" truecount="0" falsecount="1"/>
        <line num="189" count="0" type="cond" truecount="0" falsecount="4"/>
        <line num="190" count="0" type="stmt"/>
        <line num="192" count="0" type="stmt"/>
        <line num="193" count="0" type="stmt"/>
        <line num="201" count="0" type="cond" truecount="0" falsecount="1"/>
        <line num="202" count="0" type="stmt"/>
        <line num="204" count="0" type="stmt"/>
        <line num="210" count="12" type="cond" truecount="3" falsecount="0"/>
        <line num="211" count="1" type="stmt"/>
        <line num="212" count="1" type="stmt"/>
        <line num="216" count="12" type="cond" truecount="2" falsecount="0"/>
        <line num="217" count="12" type="cond" truecount="0" falsecount="1"/>
        <line num="218" count="0" type="stmt"/>
        <line num="219" count="0" type="stmt"/>
        <line num="224" count="12" type="cond" truecount="0" falsecount="1"/>
        <line num="225" count="0" type="stmt"/>
        <line num="229" count="12" type="cond" truecount="2" falsecount="0"/>
        <line num="230" count="12" type="cond" truecount="1" falsecount="1"/>
        <line num="231" count="0" type="stmt"/>
        <line num="232" count="12" type="cond" truecount="3" falsecount="0"/>
        <line num="233" count="2" type="stmt"/>
        <line num="234" count="2" type="cond" truecount="1" falsecount="1"/>
        <line num="235" count="0" type="stmt"/>
        <line num="236" count="0" type="stmt"/>
        <line num="239" count="2" type="stmt"/>
        <line num="244" count="12" type="cond" truecount="2" falsecount="0"/>
        <line num="245" count="12" type="cond" truecount="1" falsecount="0"/>
        <line num="246" count="1" type="stmt"/>
        <line num="247" count="1" type="stmt"/>
        <line num="252" count="12" type="cond" truecount="2" falsecount="0"/>
        <line num="253" count="12" type="cond" truecount="0" falsecount="1"/>
        <line num="254" count="0" type="stmt"/>
        <line num="255" count="0" type="stmt"/>
        <line num="260" count="12" type="stmt"/>
        <line num="267" count="12" type="cond" truecount="2" falsecount="1"/>
        <line num="268" count="0" type="stmt"/>
        <line num="271" count="0" type="stmt"/>
        <line num="275" count="12" type="cond" truecount="3" falsecount="0"/>
        <line num="276" count="1" type="stmt"/>
        <line num="279" count="1" type="stmt"/>
        <line num="283" count="12" type="cond" truecount="2" falsecount="1"/>
        <line num="284" count="0" type="cond" truecount="0" falsecount="2"/>
        <line num="285" count="0" type="stmt"/>
        <line num="288" count="0" type="stmt"/>
        <line num="297" count="12" type="cond" truecount="3" falsecount="0"/>
        <line num="298" count="1" type="stmt"/>
        <line num="303" count="12" type="cond" truecount="2" falsecount="1"/>
        <line num="304" count="0" type="stmt"/>
        <line num="307" count="12" type="cond" truecount="2" falsecount="1"/>
        <line num="308" count="0" type="stmt"/>
        <line num="311" count="12" type="cond" truecount="2" falsecount="1"/>
        <line num="312" count="0" type="stmt"/>
        <line num="316" count="12" type="cond" truecount="0" falsecount="1"/>
        <line num="317" count="12" type="cond" truecount="0" falsecount="1"/>
        <line num="318" count="12" type="cond" truecount="0" falsecount="1"/>
        <line num="319" count="12" type="cond" truecount="0" falsecount="1"/>
        <line num="320" count="12" type="cond" truecount="0" falsecount="1"/>
        <line num="321" count="12" type="cond" truecount="0" falsecount="1"/>
        <line num="322" count="12" type="cond" truecount="0" falsecount="1"/>
        <line num="323" count="0" type="stmt"/>
        <line num="324" count="0" type="stmt"/>
        <line num="330" count="12" type="cond" truecount="0" falsecount="1"/>
        <line num="331" count="0" type="stmt"/>
        <line num="332" count="0" type="stmt"/>
        <line num="340" count="12" type="cond" truecount="3" falsecount="0"/>
        <line num="341" count="1" type="stmt"/>
        <line num="342" count="1" type="stmt"/>
        <line num="343" count="1" type="stmt"/>
        <line num="356" count="12" type="stmt"/>
        <line num="359" count="12" type="cond" truecount="2" falsecount="0"/>
        <line num="361" count="12" type="cond" truecount="2" falsecount="0"/>
        <line num="362" count="12" type="stmt"/>
        <line num="363" count="12" type="cond" truecount="4" falsecount="0"/>
        <line num="364" count="11" type="cond" truecount="3" falsecount="1"/>
        <line num="365" count="11" type="cond" truecount="2" falsecount="1"/>
        <line num="367" count="12" type="cond" truecount="4" falsecount="1"/>
        <line num="369" count="12" type="stmt"/>
        <line num="434" count="93" type="stmt"/>
        <line num="440" count="12" type="stmt"/>
        <line num="447" count="182" type="stmt"/>
        <line num="451" count="182" type="stmt"/>
        <line num="452" count="182" type="stmt"/>
        <line num="460" count="182" type="stmt"/>
        <line num="461" count="182" type="stmt"/>
        <line num="468" count="182" type="stmt"/>
        <line num="469" count="182" type="stmt"/>
        <line num="476" count="182" type="stmt"/>
        <line num="477" count="182" type="stmt"/>
        <line num="496" count="182" type="cond" truecount="1" falsecount="0"/>
        <line num="497" count="3" type="stmt"/>
        <line num="501" count="179" type="cond" truecount="1" falsecount="0"/>
        <line num="502" count="179" type="cond" truecount="1" falsecount="1"/>
        <line num="503" count="179" type="cond" truecount="2" falsecount="0"/>
        <line num="504" count="179" type="cond" truecount="1" falsecount="0"/>
        <line num="505" count="63" type="cond" truecount="4" falsecount="0"/>
        <line num="506" count="8" type="cond" truecount="0" falsecount="1"/>
        <line num="507" count="0" type="stmt"/>
        <line num="511" count="55" type="cond" truecount="1" falsecount="5"/>
        <line num="517" count="55" type="cond" truecount="1" falsecount="2"/>
        <line num="518" count="0" type="stmt"/>
        <line num="524" count="179" type="stmt"/>
        <line num="527" count="179" type="stmt"/>
        <line num="541" count="179" type="stmt"/>
        <line num="549" count="179" type="stmt"/>
        <line num="573" count="179" type="stmt"/>
        <line num="591" count="179" type="stmt"/>
        <line num="606" count="179" type="stmt"/>
        <line num="624" count="41" type="stmt"/>
        <line num="625" count="41" type="cond" truecount="2" falsecount="0"/>
        <line num="628" count="41" type="cond" truecount="1" falsecount="0"/>
        <line num="629" count="2" type="stmt"/>
        <line num="631" count="39" type="stmt"/>
        <line num="636" count="39" type="cond" truecount="1" falsecount="0"/>
        <line num="637" count="2" type="stmt"/>
        <line num="641" count="37" type="stmt"/>
        <line num="642" count="37" type="cond" truecount="4" falsecount="0"/>
        <line num="643" count="4" type="stmt"/>
        <line num="644" count="2" type="cond" truecount="1" falsecount="0"/>
        <line num="645" count="1" type="stmt"/>
        <line num="647" count="1" type="stmt"/>
        <line num="648" count="2" type="stmt"/>
        <line num="653" count="35" type="cond" truecount="1" falsecount="1"/>
        <line num="654" count="35" type="stmt"/>
        <line num="656" count="0" type="stmt"/>
        <line num="660" count="36" type="stmt"/>
        <line num="661" count="36" type="stmt"/>
        <line num="662" count="37" type="cond" truecount="1" falsecount="0"/>
        <line num="663" count="1" type="stmt"/>
        <line num="665" count="36" type="stmt"/>
        <line num="667" count="35" type="cond" truecount="1" falsecount="1"/>
        <line num="670" count="35" type="stmt"/>
        <line num="671" count="35" type="stmt"/>
        <line num="676" count="35" type="cond" truecount="1" falsecount="0"/>
        <line num="677" count="1" type="stmt"/>
        <line num="682" count="34" type="stmt"/>
        <line num="689" count="34" type="cond" truecount="2" falsecount="0"/>
        <line num="690" count="34" type="stmt"/>
        <line num="693" count="34" type="cond" truecount="1" falsecount="0"/>
        <line num="694" count="1" type="stmt"/>
        <line num="698" count="33" type="cond" truecount="1" falsecount="0"/>
        <line num="699" count="2" type="stmt"/>
        <line num="706" count="31" type="cond" truecount="1" falsecount="1"/>
        <line num="707" count="31" type="stmt"/>
        <line num="708" count="31" type="stmt"/>
        <line num="709" count="31" type="stmt"/>
        <line num="710" count="31" type="stmt"/>
        <line num="713" count="31" type="cond" truecount="3" falsecount="0"/>
        <line num="714" count="31" type="cond" truecount="1" falsecount="0"/>
        <line num="715" count="1" type="cond" truecount="1" falsecount="1"/>
        <line num="716" count="1" type="stmt"/>
        <line num="717" count="1" type="cond" truecount="0" falsecount="1"/>
        <line num="718" count="0" type="stmt"/>
        <line num="721" count="1" type="stmt"/>
        <line num="726" count="1" type="cond" truecount="2" falsecount="1"/>
        <line num="727" count="0" type="stmt"/>
        <line num="732" count="31" type="cond" truecount="3" falsecount="0"/>
        <line num="733" count="31" type="cond" truecount="1" falsecount="0"/>
        <line num="734" count="13" type="stmt"/>
        <line num="739" count="13" type="cond" truecount="3" falsecount="0"/>
        <line num="740" count="1" type="stmt"/>
        <line num="745" count="30" type="stmt"/>
        <line num="746" count="30" type="cond" truecount="1" falsecount="2"/>
        <line num="747" count="30" type="cond" truecount="3" falsecount="0"/>
        <line num="748" count="30" type="stmt"/>
        <line num="753" count="30" type="cond" truecount="0" falsecount="1"/>
        <line num="757" count="30" type="cond" truecount="1" falsecount="1"/>
        <line num="758" count="30" type="stmt"/>
        <line num="762" count="30" type="stmt"/>
        <line num="766" count="30" type="stmt"/>
        <line num="774" count="30" type="cond" truecount="4" falsecount="0"/>
        <line num="775" count="1" type="stmt"/>
        <line num="784" count="29" type="stmt"/>
        <line num="785" count="29" type="cond" truecount="1" falsecount="1"/>
        <line num="786" count="29" type="stmt"/>
        <line num="787" count="29" type="stmt"/>
        <line num="788" count="29" type="stmt"/>
        <line num="791" count="29" type="stmt"/>
        <line num="792" count="29" type="stmt"/>
        <line num="793" count="29" type="cond" truecount="2" falsecount="0"/>
        <line num="795" count="29" type="stmt"/>
        <line num="838" count="29" type="stmt"/>
        <line num="839" count="29" type="stmt"/>
        <line num="851" count="29" type="stmt"/>
        <line num="865" count="29" type="stmt"/>
        <line num="878" count="29" type="stmt"/>
        <line num="896" count="29" type="cond" truecount="1" falsecount="0"/>
        <line num="897" count="12" type="stmt"/>
        <line num="913" count="29" type="stmt"/>
        <line num="927" count="29" type="stmt"/>
        <line num="930" count="29" type="stmt"/>
        <line num="931" count="29" type="stmt"/>
        <line num="932" count="29" type="cond" truecount="1" falsecount="0"/>
        <line num="933" count="4" type="stmt"/>
        <line num="934" count="4" type="stmt"/>
        <line num="936" count="29" type="stmt"/>
        <line num="943" count="9" type="stmt"/>
        <line num="944" count="9" type="stmt"/>
        <line num="947" count="9" type="cond" truecount="3" falsecount="0"/>
        <line num="948" count="1" type="stmt"/>
        <line num="955" count="8" type="cond" truecount="1" falsecount="0"/>
        <line num="956" count="3" type="cond" truecount="5" falsecount="0"/>
        <line num="958" count="1" type="cond" truecount="1" falsecount="1"/>
        <line num="961" count="1" type="stmt"/>
        <line num="966" count="1" type="stmt"/>
        <line num="968" count="2" type="stmt"/>
        <line num="975" count="5" type="stmt"/>
        <line num="978" count="5" type="cond" truecount="2" falsecount="0"/>
        <line num="979" count="5" type="cond" truecount="1" falsecount="4"/>
        <line num="980" count="0" type="stmt"/>
        <line num="984" count="5" type="cond" truecount="4" falsecount="0"/>
        <line num="985" count="2" type="cond" truecount="1" falsecount="0"/>
        <line num="986" count="1" type="stmt"/>
        <line num="991" count="4" type="stmt"/>
        <line num="992" count="4" type="cond" truecount="1" falsecount="0"/>
        <line num="993" count="1" type="cond" truecount="1" falsecount="1"/>
        <line num="994" count="1" type="cond" truecount="2" falsecount="0"/>
        <line num="995" count="1" type="cond" truecount="3" falsecount="0"/>
        <line num="996" count="1" type="stmt"/>
        <line num="1000" count="4" type="stmt"/>
        <line num="1001" count="4" type="cond" truecount="1" falsecount="1"/>
        <line num="1002" count="4" type="cond" truecount="2" falsecount="0"/>
        <line num="1004" count="4" type="stmt"/>
        <line num="1010" count="4" type="cond" truecount="1" falsecount="0"/>
        <line num="1011" count="4" type="cond" truecount="0" falsecount="1"/>
        <line num="1012" count="0" type="stmt"/>
        <line num="1013" count="0" type="stmt"/>
        <line num="1015" count="4" type="cond" truecount="1" falsecount="0"/>
        <line num="1016" count="4" type="cond" truecount="0" falsecount="1"/>
        <line num="1017" count="4" type="cond" truecount="0" falsecount="1"/>
        <line num="1018" count="4" type="cond" truecount="2" falsecount="1"/>
        <line num="1019" count="0" type="cond" truecount="0" falsecount="2"/>
        <line num="1020" count="0" type="stmt"/>
        <line num="1021" count="0" type="stmt"/>
        <line num="1023" count="4" type="cond" truecount="2" falsecount="1"/>
        <line num="1024" count="0" type="cond" truecount="0" falsecount="2"/>
        <line num="1025" count="0" type="stmt"/>
        <line num="1026" count="0" type="stmt"/>
        <line num="1028" count="4" type="cond" truecount="1" falsecount="0"/>
        <line num="1029" count="4" type="cond" truecount="1" falsecount="0"/>
        <line num="1030" count="4" type="cond" truecount="3" falsecount="0"/>
        <line num="1031" count="1" type="cond" truecount="2" falsecount="0"/>
        <line num="1032" count="1" type="stmt"/>
        <line num="1033" count="1" type="stmt"/>
        <line num="1036" count="4" type="cond" truecount="1" falsecount="0"/>
        <line num="1037" count="1" type="stmt"/>
        <line num="1038" count="1" type="stmt"/>
        <line num="1039" count="1" type="stmt"/>
        <line num="1040" count="1" type="stmt"/>
        <line num="1043" count="4" type="stmt"/>
        <line num="1045" count="4" type="cond" truecount="2" falsecount="0"/>
        <line num="1046" count="1" type="stmt"/>
        <line num="1058" count="1" type="stmt"/>
        <line num="1070" count="3" type="stmt"/>
        <line num="1083" count="4" type="stmt"/>
        <line num="1084" count="4" type="stmt"/>
        <line num="1091" count="10" type="stmt"/>
        <line num="1092" count="10" type="stmt"/>
        <line num="1095" count="10" type="cond" truecount="2" falsecount="0"/>
        <line num="1096" count="10" type="cond" truecount="1" falsecount="0"/>
        <line num="1097" count="2" type="stmt"/>
        <line num="1100" count="10" type="stmt"/>
        <line num="1108" count="9" type="stmt"/>
        <line num="1109" count="9" type="stmt"/>
        <line num="1121" count="9" type="stmt"/>
        <line num="1133" count="9" type="stmt"/>
        <line num="1142" count="9" type="stmt"/>
        <line num="1143" count="9" type="stmt"/>
        <line num="1150" count="10" type="stmt"/>
        <line num="1151" count="10" type="stmt"/>
        <line num="1153" count="10" type="stmt"/>
        <line num="1155" count="10" type="stmt"/>
        <line num="1156" count="10" type="stmt"/>
        <line num="1166" count="10" type="stmt"/>
        <line num="1178" count="10" type="stmt"/>
        <line num="1192" count="10" type="stmt"/>
        <line num="1193" count="10" type="stmt"/>
        <line num="1200" count="11" type="stmt"/>
        <line num="1201" count="11" type="stmt"/>
        <line num="1203" count="11" type="stmt"/>
        <line num="1205" count="9" type="stmt"/>
        <line num="1206" count="9" type="stmt"/>
        <line num="1219" count="9" type="stmt"/>
        <line num="1231" count="9" type="stmt"/>
        <line num="1246" count="9" type="stmt"/>
        <line num="1247" count="9" type="stmt"/>
        <line num="1254" count="1" type="stmt"/>
        <line num="1255" count="1" type="stmt"/>
        <line num="1257" count="1" type="stmt"/>
        <line num="1265" count="1" type="stmt"/>
        <line num="1266" count="1" type="cond" truecount="2" falsecount="0"/>
        <line num="1268" count="1" type="stmt"/>
        <line num="1279" count="1" type="stmt"/>
        <line num="1291" count="1" type="stmt"/>
        <line num="1307" count="1" type="stmt"/>
        <line num="1308" count="1" type="stmt"/>
        <line num="1315" count="0" type="stmt"/>
        <line num="1316" count="0" type="stmt"/>
        <line num="1318" count="0" type="stmt"/>
        <line num="1326" count="0" type="stmt"/>
        <line num="1327" count="0" type="stmt"/>
        <line num="1340" count="0" type="stmt"/>
        <line num="1352" count="0" type="stmt"/>
        <line num="1365" count="0" type="stmt"/>
        <line num="1366" count="0" type="stmt"/>
        <line num="1373" count="6" type="stmt"/>
        <line num="1374" count="6" type="stmt"/>
        <line num="1376" count="6" type="stmt"/>
        <line num="1390" count="6" type="cond" truecount="1" falsecount="1"/>
        <line num="1393" count="6" type="cond" truecount="1" falsecount="1"/>
        <line num="1396" count="6" type="cond" truecount="3" falsecount="0"/>
        <line num="1398" count="6" type="stmt"/>
        <line num="1399" count="6" type="stmt"/>
        <line num="1401" count="6" type="stmt"/>
        <line num="1420" count="6" type="cond" truecount="1" falsecount="1"/>
        <line num="1421" count="6" type="stmt"/>
        <line num="1433" count="6" type="stmt"/>
        <line num="1445" count="6" type="stmt"/>
        <line num="1463" count="6" type="stmt"/>
        <line num="1464" count="6" type="stmt"/>
        <line num="1471" count="2" type="stmt"/>
        <line num="1472" count="2" type="stmt"/>
        <line num="1474" count="2" type="cond" truecount="1" falsecount="0"/>
        <line num="1475" count="1" type="stmt"/>
        <line num="1478" count="1" type="stmt"/>
        <line num="1492" count="1" type="cond" truecount="1" falsecount="1"/>
        <line num="1495" count="1" type="cond" truecount="1" falsecount="1"/>
        <line num="1498" count="1" type="cond" truecount="3" falsecount="0"/>
        <line num="1500" count="1" type="stmt"/>
        <line num="1501" count="1" type="stmt"/>
        <line num="1503" count="1" type="stmt"/>
        <line num="1524" count="1" type="stmt"/>
        <line num="1536" count="1" type="stmt"/>
        <line num="1555" count="1" type="stmt"/>
        <line num="1556" count="1" type="stmt"/>
        <line num="1563" count="1" type="stmt"/>
        <line num="1564" count="1" type="stmt"/>
        <line num="1566" count="1" type="stmt"/>
        <line num="1574" count="1" type="stmt"/>
        <line num="1575" count="1" type="cond" truecount="1" falsecount="1"/>
        <line num="1578" count="1" type="stmt"/>
        <line num="1596" count="1" type="stmt"/>
        <line num="1609" count="1" type="stmt"/>
        <line num="1621" count="1" type="stmt"/>
        <line num="1636" count="1" type="stmt"/>
        <line num="1637" count="1" type="stmt"/>
        <line num="1644" count="4" type="stmt"/>
        <line num="1645" count="4" type="stmt"/>
        <line num="1647" count="4" type="stmt"/>
        <line num="1655" count="2" type="stmt"/>
        <line num="1656" count="2" type="stmt"/>
        <line num="1674" count="2" type="stmt"/>
        <line num="1686" count="2" type="stmt"/>
        <line num="1704" count="2" type="stmt"/>
        <line num="1705" count="2" type="stmt"/>
        <line num="1712" count="2" type="stmt"/>
        <line num="1713" count="2" type="stmt"/>
        <line num="1715" count="2" type="cond" truecount="2" falsecount="0"/>
        <line num="1717" count="2" type="stmt"/>
        <line num="1729" count="2" type="stmt"/>
        <line num="1730" count="2" type="stmt"/>
        <line num="1750" count="2" type="stmt"/>
        <line num="1762" count="2" type="stmt"/>
        <line num="1780" count="2" type="stmt"/>
        <line num="1781" count="2" type="stmt"/>
        <line num="1788" count="2" type="stmt"/>
        <line num="1789" count="2" type="stmt"/>
        <line num="1791" count="2" type="stmt"/>
        <line num="1793" count="2" type="stmt"/>
        <line num="1805" count="2" type="stmt"/>
        <line num="1806" count="2" type="stmt"/>
        <line num="1823" count="2" type="stmt"/>
        <line num="1835" count="2" type="stmt"/>
        <line num="1850" count="2" type="stmt"/>
        <line num="1851" count="2" type="stmt"/>
        <line num="1858" count="1" type="stmt"/>
        <line num="1859" count="1" type="stmt"/>
        <line num="1861" count="1" type="stmt"/>
        <line num="1869" count="1" type="cond" truecount="1" falsecount="1"/>
        <line num="1871" count="1" type="stmt"/>
        <line num="1872" count="1" type="stmt"/>
        <line num="1885" count="1" type="stmt"/>
        <line num="1897" count="1" type="stmt"/>
        <line num="1912" count="1" type="stmt"/>
        <line num="1913" count="1" type="stmt"/>
        <line num="1920" count="6" type="stmt"/>
        <line num="1921" count="6" type="stmt"/>
        <line num="1924" count="6" type="stmt"/>
        <line num="1925" count="6" type="cond" truecount="0" falsecount="1"/>
        <line num="1926" count="0" type="stmt"/>
        <line num="1929" count="6" type="cond" truecount="2" falsecount="1"/>
        <line num="1930" count="6" type="stmt"/>
        <line num="1933" count="6" type="cond" truecount="0" falsecount="1"/>
        <line num="1934" count="0" type="stmt"/>
        <line num="1936" count="6" type="cond" truecount="2" falsecount="1"/>
        <line num="1937" count="0" type="stmt"/>
        <line num="1940" count="6" type="cond" truecount="2" falsecount="0"/>
        <line num="1941" count="6" type="cond" truecount="0" falsecount="1"/>
        <line num="1942" count="0" type="stmt"/>
        <line num="1946" count="6" type="cond" truecount="2" falsecount="0"/>
        <line num="1947" count="6" type="cond" truecount="3" falsecount="0"/>
        <line num="1949" count="6" type="cond" truecount="3" falsecount="0"/>
        <line num="1950" count="1" type="stmt"/>
        <line num="1956" count="5" type="cond" truecount="1" falsecount="0"/>
        <line num="1957" count="5" type="cond" truecount="1" falsecount="0"/>
        <line num="1958" count="1" type="stmt"/>
        <line num="1960" count="4" type="cond" truecount="1" falsecount="1"/>
        <line num="1961" count="4" type="stmt"/>
        <line num="1962" count="4" type="stmt"/>
        <line num="1963" count="4" type="stmt"/>
        <line num="1964" count="4" type="cond" truecount="1" falsecount="2"/>
        <line num="1965" count="0" type="stmt"/>
        <line num="1972" count="4" type="stmt"/>
        <line num="1973" count="4" type="cond" truecount="2" falsecount="0"/>
        <line num="1974" count="4" type="cond" truecount="2" falsecount="0"/>
        <line num="1977" count="4" type="stmt"/>
        <line num="1996" count="4" type="stmt"/>
        <line num="2011" count="4" type="stmt"/>
        <line num="2012" count="4" type="cond" truecount="1" falsecount="0"/>
        <line num="2013" count="2" type="stmt"/>
        <line num="2016" count="4" type="cond" truecount="2" falsecount="0"/>
        <line num="2018" count="4" type="stmt"/>
        <line num="2034" count="4" type="stmt"/>
        <line num="2054" count="4" type="stmt"/>
        <line num="2057" count="4" type="cond" truecount="1" falsecount="1"/>
        <line num="2058" count="0" type="stmt"/>
        <line num="2059" count="4" type="cond" truecount="1" falsecount="1"/>
        <line num="2060" count="0" type="stmt"/>
        <line num="2061" count="4" type="cond" truecount="0" falsecount="1"/>
        <line num="2062" count="0" type="stmt"/>
        <line num="2065" count="4" type="stmt"/>
        <line num="2066" count="4" type="stmt"/>
        <line num="2080" count="1" type="stmt"/>
        <line num="2081" count="1" type="stmt"/>
        <line num="2083" count="1" type="stmt"/>
        <line num="2084" count="1" type="cond" truecount="0" falsecount="1"/>
        <line num="2085" count="0" type="stmt"/>
        <line num="2088" count="1" type="stmt"/>
        <line num="2089" count="1" type="cond" truecount="2" falsecount="0"/>
        <line num="2090" count="1" type="cond" truecount="1" falsecount="1"/>
        <line num="2092" count="1" type="stmt"/>
        <line num="2108" count="1" type="stmt"/>
        <line num="2120" count="1" type="stmt"/>
        <line num="2135" count="1" type="stmt"/>
        <line num="2136" count="1" type="stmt"/>
        <line num="2143" count="2" type="stmt"/>
        <line num="2145" count="2" type="cond" truecount="1" falsecount="1"/>
        <line num="2146" count="2" type="cond" truecount="2" falsecount="0"/>
        <line num="2148" count="2" type="stmt"/>
        <line num="2149" count="2" type="stmt"/>
        <line num="2151" count="2" type="cond" truecount="1" falsecount="0"/>
        <line num="2152" count="2" type="stmt"/>
        <line num="2153" count="2" type="stmt"/>
        <line num="2155" count="2" type="cond" truecount="0" falsecount="1"/>
        <line num="2156" count="0" type="stmt"/>
        <line num="2157" count="0" type="stmt"/>
        <line num="2161" count="2" type="stmt"/>
        <line num="2164" count="2" type="stmt"/>
        <line num="2166" count="2" type="cond" truecount="3" falsecount="0"/>
        <line num="2167" count="2" type="stmt"/>
        <line num="2182" count="2" type="cond" truecount="1" falsecount="2"/>
        <line num="2183" count="0" type="stmt"/>
        <line num="2199" count="2" type="stmt"/>
        <line num="2200" count="2" type="stmt"/>
        <line num="2210" count="1" type="stmt"/>
        <line num="2211" count="1" type="stmt"/>
        <line num="2212" count="1" type="stmt"/>
        <line num="2214" count="1" type="stmt"/>
        <line num="2215" count="1" type="stmt"/>
        <line num="2216" count="1" type="stmt"/>
        <line num="2225" count="1" type="stmt"/>
        <line num="2227" count="0" type="stmt"/>
        <line num="2228" count="0" type="stmt"/>
        <line num="2232" count="1" type="stmt"/>
        <line num="2239" count="0" type="stmt"/>
        <line num="2240" count="0" type="cond" truecount="0" falsecount="2"/>
        <line num="2242" count="0" type="stmt"/>
        <line num="2243" count="0" type="stmt"/>
        <line num="2256" count="0" type="stmt"/>
        <line num="2267" count="0" type="stmt"/>
        <line num="2280" count="0" type="stmt"/>
        <line num="2281" count="0" type="stmt"/>
        <line num="2288" count="3" type="cond" truecount="1" falsecount="1"/>
        <line num="2289" count="3" type="cond" truecount="2" falsecount="1"/>
        <line num="2290" count="0" type="stmt"/>
        <line num="2293" count="3" type="stmt"/>
        <line num="2294" count="3" type="cond" truecount="1" falsecount="0"/>
        <line num="2295" count="1" type="stmt"/>
        <line num="2300" count="2" type="stmt"/>
        <line num="2301" count="2" type="stmt"/>
        <line num="2311" count="2" type="stmt"/>
        <line num="2320" count="2" type="stmt"/>
        <line num="2321" count="2" type="stmt"/>
        <line num="2328" count="4" type="stmt"/>
        <line num="2329" count="4" type="cond" truecount="1" falsecount="1"/>
        <line num="2330" count="4" type="stmt"/>
        <line num="2337" count="4" type="stmt"/>
        <line num="2340" count="4" type="stmt"/>
        <line num="2341" count="4" type="stmt"/>
        <line num="2350" count="4" type="cond" truecount="1" falsecount="1"/>
        <line num="2351" count="4" type="cond" truecount="2" falsecount="0"/>
        <line num="2352" count="4" type="cond" truecount="1" falsecount="0"/>
        <line num="2353" count="1" type="cond" truecount="2" falsecount="2"/>
        <line num="2354" count="0" type="stmt"/>
        <line num="2356" count="1" type="stmt"/>
        <line num="2357" count="1" type="stmt"/>
        <line num="2365" count="1" type="cond" truecount="1" falsecount="0"/>
        <line num="2366" count="1" type="stmt"/>
        <line num="2368" count="1" type="stmt"/>
        <line num="2373" count="4" type="stmt"/>
        <line num="2375" count="4" type="stmt"/>
        <line num="2376" count="4" type="stmt"/>
        <line num="2377" count="4" type="stmt"/>
        <line num="2378" count="4" type="stmt"/>
        <line num="2379" count="4" type="stmt"/>
        <line num="2380" count="4" type="stmt"/>
        <line num="2381" count="4" type="stmt"/>
        <line num="2382" count="4" type="stmt"/>
        <line num="2383" count="4" type="stmt"/>
        <line num="2385" count="4" type="stmt"/>
        <line num="2386" count="4" type="stmt"/>
        <line num="2387" count="4" type="stmt"/>
        <line num="2388" count="4" type="stmt"/>
        <line num="2389" count="4" type="stmt"/>
        <line num="2390" count="4" type="stmt"/>
        <line num="2391" count="4" type="stmt"/>
        <line num="2392" count="4" type="stmt"/>
        <line num="2393" count="4" type="stmt"/>
        <line num="2394" count="4" type="stmt"/>
        <line num="2396" count="4" type="stmt"/>
        <line num="2397" count="4" type="stmt"/>
        <line num="2399" count="4" type="cond" truecount="1" falsecount="1"/>
        <line num="2400" count="4" type="cond" truecount="1" falsecount="1"/>
        <line num="2401" count="4" type="cond" truecount="1" falsecount="1"/>
        <line num="2402" count="4" type="stmt"/>
        <line num="2404" count="4" type="stmt"/>
        <line num="2405" count="89" type="cond" truecount="1" falsecount="1"/>
        <line num="2407" count="89" type="cond" truecount="4" falsecount="0"/>
        <line num="2408" count="32" type="cond" truecount="1" falsecount="1"/>
        <line num="2409" count="32" type="cond" truecount="2" falsecount="0"/>
        <line num="2410" count="31" type="cond" truecount="2" falsecount="0"/>
        <line num="2411" count="24" type="cond" truecount="3" falsecount="1"/>
        <line num="2412" count="24" type="cond" truecount="4" falsecount="0"/>
        <line num="2413" count="17" type="cond" truecount="2" falsecount="0"/>
        <line num="2414" count="10" type="cond" truecount="2" falsecount="0"/>
        <line num="2415" count="4" type="cond" truecount="1" falsecount="0"/>
        <line num="2417" count="89" type="cond" truecount="1" falsecount="1"/>
        <line num="2418" count="89" type="cond" truecount="1" falsecount="1"/>
        <line num="2421" count="89" type="cond" truecount="5" falsecount="0"/>
        <line num="2422" count="41" type="stmt"/>
        <line num="2426" count="89" type="cond" truecount="4" falsecount="1"/>
        <line num="2427" count="0" type="stmt"/>
        <line num="2431" count="89" type="cond" truecount="4" falsecount="1"/>
        <line num="2432" count="0" type="stmt"/>
        <line num="2433" count="0" type="stmt"/>
        <line num="2434" count="0" type="stmt"/>
        <line num="2435" count="0" type="cond" truecount="0" falsecount="1"/>
        <line num="2436" count="0" type="stmt"/>
        <line num="2441" count="89" type="cond" truecount="1" falsecount="0"/>
        <line num="2442" count="1" type="stmt"/>
        <line num="2446" count="89" type="cond" truecount="1" falsecount="2"/>
        <line num="2447" count="0" type="stmt"/>
        <line num="2451" count="89" type="cond" truecount="1" falsecount="0"/>
        <line num="2452" count="7" type="cond" truecount="1" falsecount="1"/>
        <line num="2453" count="7" type="cond" truecount="1" falsecount="1"/>
        <line num="2454" count="7" type="cond" truecount="2" falsecount="1"/>
        <line num="2457" count="7" type="stmt"/>
        <line num="2458" count="7" type="stmt"/>
        <line num="2459" count="7" type="cond" truecount="1" falsecount="0"/>
        <line num="2460" count="7" type="stmt"/>
        <line num="2462" count="7" type="cond" truecount="3" falsecount="4"/>
        <line num="2463" count="0" type="stmt"/>
        <line num="2467" count="7" type="cond" truecount="1" falsecount="2"/>
        <line num="2468" count="0" type="stmt"/>
        <line num="2473" count="89" type="cond" truecount="1" falsecount="0"/>
        <line num="2474" count="72" type="stmt"/>
        <line num="2475" count="72" type="cond" truecount="3" falsecount="1"/>
        <line num="2476" count="15" type="cond" truecount="1" falsecount="3"/>
        <line num="2477" count="15" type="cond" truecount="3" falsecount="1"/>
        <line num="2478" count="14" type="cond" truecount="3" falsecount="1"/>
        <line num="2479" count="7" type="cond" truecount="2" falsecount="1"/>
        <line num="2481" count="72" type="cond" truecount="1" falsecount="1"/>
        <line num="2482" count="72" type="stmt"/>
        <line num="2483" count="72" type="cond" truecount="0" falsecount="1"/>
        <line num="2484" count="0" type="stmt"/>
        <line num="2489" count="4" type="stmt"/>
        <line num="2517" count="2" type="stmt"/>
        <line num="2518" count="2" type="stmt"/>
        <line num="2520" count="2" type="stmt"/>
        <line num="2521" count="2" type="stmt"/>
        <line num="2522" count="2" type="stmt"/>
        <line num="2523" count="2" type="stmt"/>
        <line num="2524" count="2" type="stmt"/>
        <line num="2526" count="2" type="stmt"/>
        <line num="2527" count="2" type="stmt"/>
        <line num="2528" count="2" type="stmt"/>
        <line num="2529" count="2" type="stmt"/>
        <line num="2531" count="2" type="stmt"/>
        <line num="2533" count="2" type="stmt"/>
        <line num="2534" count="48" type="cond" truecount="1" falsecount="1"/>
        <line num="2535" count="48" type="cond" truecount="2" falsecount="0"/>
        <line num="2536" count="44" type="cond" truecount="2" falsecount="0"/>
        <line num="2537" count="2" type="stmt"/>
        <line num="2538" count="2" type="cond" truecount="1" falsecount="2"/>
        <line num="2539" count="2" type="cond" truecount="2" falsecount="0"/>
        <line num="2540" count="42" type="cond" truecount="1" falsecount="0"/>
        <line num="2541" count="4" type="stmt"/>
        <line num="2544" count="48" type="cond" truecount="1" falsecount="0"/>
        <line num="2545" count="12" type="stmt"/>
        <line num="2546" count="12" type="cond" truecount="1" falsecount="0"/>
        <line num="2548" count="12" type="cond" truecount="1" falsecount="0"/>
        <line num="2549" count="12" type="stmt"/>
        <line num="2550" count="12" type="stmt"/>
        <line num="2551" count="12" type="stmt"/>
        <line num="2552" count="12" type="stmt"/>
        <line num="2553" count="12" type="stmt"/>
        <line num="2556" count="12" type="cond" truecount="1" falsecount="0"/>
        <line num="2557" count="8" type="stmt"/>
        <line num="2558" count="8" type="stmt"/>
        <line num="2559" count="8" type="stmt"/>
        <line num="2560" count="8" type="stmt"/>
        <line num="2561" count="8" type="stmt"/>
        <line num="2567" count="2" type="stmt"/>
        <line num="2569" count="2" type="cond" truecount="1" falsecount="1"/>
        <line num="2572" count="2" type="cond" truecount="1" falsecount="1"/>
        <line num="2574" count="2" type="cond" truecount="1" falsecount="1"/>
        <line num="2576" count="2" type="cond" truecount="1" falsecount="1"/>
        <line num="2578" count="2" type="stmt"/>
        <line num="2598" count="1" type="stmt"/>
        <line num="2599" count="1" type="stmt"/>
        <line num="2600" count="1" type="stmt"/>
        <line num="2603" count="1" type="stmt"/>
        <line num="2604" count="432" type="cond" truecount="3" falsecount="0"/>
        <line num="2605" count="295" type="stmt"/>
        <line num="2606" count="295" type="cond" truecount="1" falsecount="0"/>
        <line num="2607" count="1" type="stmt"/>
        <line num="2609" count="295" type="stmt"/>
        <line num="2612" count="1" type="stmt"/>
        <line num="2631" count="1" type="stmt"/>
        <line num="2633" count="1" type="stmt"/>
        <line num="2634" count="27" type="stmt"/>
        <line num="2656" count="1" type="cond" truecount="0" falsecount="1"/>
        <line num="2657" count="0" type="stmt"/>
        <line num="2662" count="1" type="stmt"/>
        <line num="2669" count="3" type="cond" truecount="1" falsecount="1"/>
        <line num="2670" count="3" type="cond" truecount="2" falsecount="0"/>
        <line num="2672" count="3" type="stmt"/>
        <line num="2673" count="3" type="stmt"/>
        <line num="2674" count="3" type="stmt"/>
        <line num="2675" count="3" type="stmt"/>
        <line num="2676" count="3" type="stmt"/>
        <line num="2678" count="3" type="stmt"/>
        <line num="2681" count="3" type="stmt"/>
        <line num="2682" count="3" type="stmt"/>
        <line num="2683" count="3" type="stmt"/>
        <line num="2684" count="3" type="stmt"/>
        <line num="2689" count="3" type="stmt"/>
        <line num="2690" count="3" type="stmt"/>
        <line num="2691" count="88" type="cond" truecount="1" falsecount="0"/>
        <line num="2692" count="88" type="cond" truecount="1" falsecount="0"/>
        <line num="2695" count="3" type="stmt"/>
        <line num="2697" count="3" type="stmt"/>
        <line num="2698" count="3" type="stmt"/>
        <line num="2699" count="6" type="stmt"/>
        <line num="2700" count="6" type="stmt"/>
        <line num="2703" count="6" type="cond" truecount="1" falsecount="4"/>
        <line num="2704" count="6" type="cond" truecount="1" falsecount="6"/>
        <line num="2705" count="6" type="cond" truecount="1" falsecount="3"/>
        <line num="2706" count="6" type="cond" truecount="4" falsecount="0"/>
        <line num="2707" count="6" type="cond" truecount="1" falsecount="2"/>
        <line num="2708" count="6" type="cond" truecount="3" falsecount="0"/>
        <line num="2709" count="6" type="cond" truecount="3" falsecount="0"/>
        <line num="2710" count="6" type="cond" truecount="5" falsecount="0"/>
        <line num="2711" count="6" type="cond" truecount="3" falsecount="0"/>
        <line num="2713" count="6" type="cond" truecount="0" falsecount="1"/>
        <line num="2714" count="6" type="cond" truecount="0" falsecount="1"/>
        <line num="2715" count="6" type="cond" truecount="0" falsecount="1"/>
        <line num="2718" count="6" type="stmt"/>
        <line num="2720" count="123" type="cond" truecount="3" falsecount="0"/>
        <line num="2724" count="6" type="cond" truecount="2" falsecount="0"/>
        <line num="2725" count="3" type="stmt"/>
        <line num="2726" count="3" type="cond" truecount="0" falsecount="1"/>
        <line num="2727" count="0" type="stmt"/>
        <line num="2731" count="6" type="stmt"/>
        <line num="2733" count="96" type="cond" truecount="3" falsecount="0"/>
        <line num="2737" count="6" type="cond" truecount="1" falsecount="1"/>
        <line num="2738" count="0" type="stmt"/>
        <line num="2739" count="6" type="cond" truecount="0" falsecount="1"/>
        <line num="2740" count="0" type="stmt"/>
        <line num="2744" count="6" type="stmt"/>
        <line num="2745" count="6" type="cond" truecount="0" falsecount="1"/>
        <line num="2746" count="0" type="stmt"/>
        <line num="2748" count="0" type="cond" truecount="0" falsecount="3"/>
        <line num="2752" count="0" type="cond" truecount="0" falsecount="1"/>
        <line num="2753" count="0" type="stmt"/>
        <line num="2756" count="6" type="cond" truecount="2" falsecount="0"/>
        <line num="2759" count="6" type="cond" truecount="1" falsecount="1"/>
        <line num="2760" count="6" type="cond" truecount="1" falsecount="1"/>
        <line num="2761" count="0" type="stmt"/>
        <line num="2763" count="6" type="stmt"/>
        <line num="2767" count="6" type="stmt"/>
        <line num="2768" count="6" type="cond" truecount="3" falsecount="0"/>
        <line num="2769" count="1" type="stmt"/>
        <line num="2770" count="1" type="stmt"/>
        <line num="2773" count="6" type="cond" truecount="2" falsecount="0"/>
        <line num="2774" count="3" type="stmt"/>
        <line num="2775" count="3" type="stmt"/>
        <line num="2781" count="3" type="cond" truecount="2" falsecount="0"/>
        <line num="2782" count="1" type="stmt"/>
        <line num="2789" count="2" type="stmt"/>
        <line num="2790" count="2" type="cond" truecount="1" falsecount="1"/>
        <line num="2791" count="2" type="stmt"/>
        <line num="2792" count="2" type="stmt"/>
        <line num="2794" count="2" type="stmt"/>
        <line num="2803" count="2" type="stmt"/>
        <line num="2820" count="3" type="cond" truecount="3" falsecount="0"/>
        <line num="2821" count="1" type="stmt"/>
        <line num="2822" count="1" type="stmt"/>
        <line num="2823" count="1" type="stmt"/>
        <line num="2824" count="1" type="stmt"/>
        <line num="2825" count="1" type="cond" truecount="1" falsecount="1"/>
        <line num="2826" count="1" type="stmt"/>
        <line num="2827" count="1" type="stmt"/>
        <line num="2829" count="1" type="stmt"/>
        <line num="2830" count="1" type="stmt"/>
        <line num="2863" count="1" type="stmt"/>
        <line num="2873" count="1" type="stmt"/>
        <line num="2887" count="1" type="stmt"/>
        <line num="2903" count="1" type="stmt"/>
        <line num="2905" count="0" type="stmt"/>
        <line num="2906" count="0" type="stmt"/>
        <line num="2914" count="1" type="stmt"/>
        <line num="2917" count="3" type="stmt"/>
        <line num="2932" count="1" type="cond" truecount="1" falsecount="1"/>
        <line num="2933" count="1" type="cond" truecount="2" falsecount="1"/>
        <line num="2934" count="0" type="stmt"/>
        <line num="2936" count="1" type="stmt"/>
        <line num="2937" count="1" type="stmt"/>
        <line num="2948" count="1" type="cond" truecount="1" falsecount="1"/>
        <line num="2949" count="1" type="cond" truecount="2" falsecount="1"/>
        <line num="2950" count="0" type="stmt"/>
        <line num="2952" count="1" type="stmt"/>
        <line num="2953" count="1" type="stmt"/>
        <line num="2960" count="0" type="cond" truecount="0" falsecount="2"/>
        <line num="2961" count="0" type="cond" truecount="0" falsecount="3"/>
        <line num="2962" count="0" type="stmt"/>
        <line num="2964" count="0" type="stmt"/>
        <line num="2965" count="0" type="cond" truecount="0" falsecount="1"/>
        <line num="2966" count="0" type="stmt"/>
        <line num="2968" count="0" type="stmt"/>
        <line num="2975" count="21" type="stmt"/>
        <line num="2976" count="21" type="stmt"/>
        <line num="2977" count="21" type="stmt"/>
        <line num="2979" count="21" type="cond" truecount="4" falsecount="0"/>
        <line num="2980" count="1" type="stmt"/>
        <line num="2983" count="20" type="cond" truecount="4" falsecount="0"/>
        <line num="2984" count="1" type="stmt"/>
        <line num="2987" count="19" type="cond" truecount="6" falsecount="2"/>
        <line num="2989" count="5" type="stmt"/>
        <line num="2991" count="4" type="stmt"/>
        <line num="2993" count="5" type="stmt"/>
        <line num="2995" count="3" type="stmt"/>
        <line num="3007" count="1" type="stmt"/>
        <line num="3018" count="1" type="stmt"/>
        <line num="3028" count="0" type="stmt"/>
        <line num="3037" count="0" type="stmt"/>
        <line num="3042" count="2" type="stmt"/>
        <line num="3051" count="2" type="stmt"/>
        <line num="3057" count="3" type="stmt"/>
      </file>
      <file name="proposals.workflow.ts" path="/home/dheerajsingh/Desktop/arihant-bos/apps/api/src/modules/proposals/proposals.workflow.ts">
        <metrics statements="151" coveredstatements="131" conditionals="177" coveredconditionals="139" methods="4" coveredmethods="4"/>
        <line num="1" count="2" type="stmt"/>
        <line num="9" count="2" type="stmt"/>
        <line num="38" count="2" type="stmt"/>
        <line num="43" count="852" type="cond" truecount="0" falsecount="1"/>
        <line num="44" count="852" type="stmt"/>
        <line num="46" count="852" type="stmt"/>
        <line num="61" count="852" type="cond" truecount="1" falsecount="0"/>
        <line num="62" count="0" type="stmt"/>
        <line num="69" count="378" type="stmt"/>
        <line num="70" count="378" type="stmt"/>
        <line num="76" count="2" type="stmt"/>
        <line num="107" count="321" type="stmt"/>
        <line num="108" count="321" type="cond" truecount="1" falsecount="1"/>
        <line num="109" count="321" type="cond" truecount="2" falsecount="0"/>
        <line num="110" count="321" type="stmt"/>
        <line num="111" count="321" type="stmt"/>
        <line num="112" count="321" type="stmt"/>
        <line num="113" count="321" type="stmt"/>
        <line num="115" count="321" type="cond" truecount="2" falsecount="0"/>
        <line num="116" count="321" type="stmt"/>
        <line num="117" count="321" type="cond" truecount="1" falsecount="1"/>
        <line num="118" count="321" type="cond" truecount="2" falsecount="0"/>
        <line num="121" count="321" type="cond" truecount="1" falsecount="0"/>
        <line num="122" count="28" type="cond" truecount="1" falsecount="0"/>
        <line num="123" count="27" type="cond" truecount="1" falsecount="1"/>
        <line num="124" count="27" type="cond" truecount="1" falsecount="1"/>
        <line num="125" count="27" type="cond" truecount="1" falsecount="0"/>
        <line num="126" count="27" type="stmt"/>
        <line num="127" count="27" type="stmt"/>
        <line num="128" count="27" type="stmt"/>
        <line num="129" count="27" type="cond" truecount="1" falsecount="0"/>
        <line num="130" count="27" type="stmt"/>
        <line num="133" count="0" type="stmt"/>
        <line num="136" count="293" type="cond" truecount="1" falsecount="1"/>
        <line num="137" count="293" type="stmt"/>
        <line num="139" count="293" type="stmt"/>
        <line num="140" count="857" type="cond" truecount="2" falsecount="0"/>
        <line num="141" count="255" type="cond" truecount="2" falsecount="0"/>
        <line num="143" count="136" type="cond" truecount="4" falsecount="3"/>
        <line num="144" count="60" type="stmt"/>
        <line num="146" count="119" type="cond" truecount="2" falsecount="0"/>
        <line num="148" count="43" type="cond" truecount="3" falsecount="0"/>
        <line num="149" count="35" type="stmt"/>
        <line num="151" count="76" type="cond" truecount="2" falsecount="0"/>
        <line num="153" count="33" type="cond" truecount="4" falsecount="0"/>
        <line num="154" count="33" type="stmt"/>
        <line num="156" count="43" type="cond" truecount="3" falsecount="0"/>
        <line num="158" count="43" type="cond" truecount="4" falsecount="2"/>
        <line num="159" count="43" type="stmt"/>
        <line num="162" count="602" type="cond" truecount="2" falsecount="0"/>
        <line num="163" count="38" type="cond" truecount="3" falsecount="1"/>
        <line num="164" count="38" type="stmt"/>
        <line num="166" count="564" type="cond" truecount="2" falsecount="0"/>
        <line num="168" count="43" type="cond" truecount="3" falsecount="0"/>
        <line num="170" count="35" type="stmt"/>
        <line num="171" count="35" type="cond" truecount="4" falsecount="0"/>
        <line num="172" count="31" type="stmt"/>
        <line num="175" count="521" type="cond" truecount="2" falsecount="0"/>
        <line num="176" count="114" type="cond" truecount="2" falsecount="0"/>
        <line num="177" count="33" type="cond" truecount="5" falsecount="1"/>
        <line num="178" count="33" type="stmt"/>
        <line num="180" count="81" type="cond" truecount="3" falsecount="0"/>
        <line num="182" count="81" type="cond" truecount="4" falsecount="0"/>
        <line num="183" count="24" type="stmt"/>
        <line num="186" count="407" type="cond" truecount="2" falsecount="0"/>
        <line num="187" count="28" type="cond" truecount="4" falsecount="1"/>
        <line num="188" count="28" type="stmt"/>
        <line num="190" count="379" type="cond" truecount="4" falsecount="0"/>
        <line num="191" count="86" type="cond" truecount="4" falsecount="2"/>
        <line num="192" count="86" type="stmt"/>
        <line num="194" count="293" type="cond" truecount="1" falsecount="0"/>
        <line num="195" count="293" type="cond" truecount="6" falsecount="0"/>
        <line num="196" count="293" type="stmt"/>
        <line num="201" count="293" type="stmt"/>
        <line num="215" count="49" type="stmt"/>
        <line num="216" count="49" type="stmt"/>
        <line num="217" count="49" type="stmt"/>
        <line num="219" count="49" type="cond" truecount="2" falsecount="0"/>
        <line num="220" count="49" type="cond" truecount="1" falsecount="1"/>
        <line num="221" count="49" type="cond" truecount="2" falsecount="0"/>
        <line num="224" count="49" type="cond" truecount="1" falsecount="0"/>
        <line num="225" count="1" type="cond" truecount="1" falsecount="0"/>
        <line num="226" count="1" type="cond" truecount="0" falsecount="1"/>
        <line num="227" count="0" type="stmt"/>
        <line num="232" count="1" type="cond" truecount="0" falsecount="1"/>
        <line num="233" count="0" type="stmt"/>
        <line num="235" count="1" type="cond" truecount="1" falsecount="1"/>
        <line num="236" count="1" type="cond" truecount="1" falsecount="1"/>
        <line num="237" count="1" type="cond" truecount="1" falsecount="0"/>
        <line num="238" count="1" type="stmt"/>
        <line num="239" count="1" type="stmt"/>
        <line num="240" count="1" type="stmt"/>
        <line num="241" count="1" type="cond" truecount="0" falsecount="1"/>
        <line num="242" count="0" type="stmt"/>
        <line num="248" count="1" type="stmt"/>
        <line num="251" count="0" type="stmt"/>
        <line num="258" count="48" type="cond" truecount="1" falsecount="0"/>
        <line num="259" count="4" type="cond" truecount="1" falsecount="0"/>
        <line num="260" count="2" type="cond" truecount="4" falsecount="0"/>
        <line num="261" count="1" type="stmt"/>
        <line num="266" count="1" type="cond" truecount="4" falsecount="0"/>
        <line num="268" count="1" type="stmt"/>
        <line num="275" count="2" type="cond" truecount="4" falsecount="0"/>
        <line num="277" count="1" type="stmt"/>
        <line num="283" count="1" type="cond" truecount="1" falsecount="3"/>
        <line num="285" count="0" type="cond" truecount="0" falsecount="1"/>
        <line num="286" count="0" type="stmt"/>
        <line num="293" count="1" type="stmt"/>
        <line num="300" count="44" type="cond" truecount="2" falsecount="0"/>
        <line num="301" count="2" type="cond" truecount="2" falsecount="1"/>
        <line num="302" count="0" type="stmt"/>
        <line num="304" count="42" type="cond" truecount="2" falsecount="0"/>
        <line num="305" count="2" type="cond" truecount="2" falsecount="1"/>
        <line num="306" count="0" type="stmt"/>
        <line num="308" count="40" type="cond" truecount="2" falsecount="0"/>
        <line num="309" count="3" type="cond" truecount="0" falsecount="1"/>
        <line num="310" count="0" type="stmt"/>
        <line num="312" count="3" type="stmt"/>
        <line num="313" count="3" type="stmt"/>
        <line num="314" count="3" type="stmt"/>
        <line num="315" count="3" type="cond" truecount="1" falsecount="0"/>
        <line num="316" count="1" type="stmt"/>
        <line num="318" count="2" type="cond" truecount="1" falsecount="0"/>
        <line num="319" count="2" type="stmt"/>
        <line num="320" count="2" type="cond" truecount="0" falsecount="1"/>
        <line num="321" count="0" type="stmt"/>
        <line num="324" count="37" type="cond" truecount="4" falsecount="0"/>
        <line num="326" count="1" type="cond" truecount="0" falsecount="1"/>
        <line num="327" count="0" type="stmt"/>
        <line num="329" count="36" type="cond" truecount="1" falsecount="0"/>
        <line num="331" count="7" type="cond" truecount="0" falsecount="1"/>
        <line num="332" count="0" type="stmt"/>
        <line num="334" count="7" type="stmt"/>
        <line num="335" count="7" type="stmt"/>
        <line num="336" count="7" type="stmt"/>
        <line num="337" count="7" type="cond" truecount="0" falsecount="1"/>
        <line num="338" count="0" type="stmt"/>
        <line num="340" count="7" type="cond" truecount="1" falsecount="0"/>
        <line num="341" count="7" type="stmt"/>
        <line num="342" count="7" type="cond" truecount="0" falsecount="1"/>
        <line num="343" count="0" type="stmt"/>
        <line num="346" count="7" type="cond" truecount="3" falsecount="1"/>
        <line num="347" count="0" type="stmt"/>
        <line num="349" count="7" type="cond" truecount="0" falsecount="1"/>
        <line num="350" count="0" type="stmt"/>
        <line num="352" count="7" type="cond" truecount="0" falsecount="1"/>
        <line num="353" count="0" type="stmt"/>
        <line num="355" count="7" type="stmt"/>
        <line num="356" count="7" type="cond" truecount="0" falsecount="1"/>
        <line num="357" count="0" type="stmt"/>
        <line num="361" count="43" type="stmt"/>
      </file>
    </package>
    <package name="proposals.consumers">
      <metrics statements="219" coveredstatements="189" conditionals="232" coveredconditionals="132" methods="12" coveredmethods="12"/>
      <file name="audit-log.consumer.ts" path="/home/dheerajsingh/Desktop/arihant-bos/apps/api/src/modules/proposals/consumers/audit-log.consumer.ts">
        <metrics statements="40" coveredstatements="36" conditionals="32" coveredconditionals="25" methods="2" coveredmethods="2"/>
        <line num="1" count="2" type="stmt"/>
        <line num="2" count="2" type="stmt"/>
        <line num="3" count="2" type="stmt"/>
        <line num="4" count="2" type="stmt"/>
        <line num="5" count="2" type="stmt"/>
        <line num="9" count="2" type="stmt"/>
        <line num="10" count="2" type="stmt"/>
        <line num="11" count="2" type="stmt"/>
        <line num="13" count="2" type="stmt"/>
        <line num="16" count="2" type="cond" truecount="6" falsecount="2"/>
        <line num="17" count="2" type="stmt"/>
        <line num="21" count="2" type="stmt"/>
        <line num="22" count="146" type="stmt"/>
        <line num="25" count="146" type="stmt"/>
        <line num="26" count="146" type="cond" truecount="1" falsecount="0"/>
        <line num="27" count="5" type="stmt"/>
        <line num="28" count="5" type="stmt"/>
        <line num="32" count="141" type="cond" truecount="3" falsecount="0"/>
        <line num="33" count="141" type="cond" truecount="2" falsecount="0"/>
        <line num="34" count="141" type="cond" truecount="1" falsecount="0"/>
        <line num="35" count="62" type="stmt"/>
        <line num="38" count="62" type="stmt"/>
        <line num="39" count="62" type="stmt"/>
        <line num="41" count="79" type="stmt"/>
        <line num="44" count="79" type="stmt"/>
        <line num="46" count="79" type="stmt"/>
        <line num="47" count="79" type="cond" truecount="4" falsecount="0"/>
        <line num="48" count="29" type="stmt"/>
        <line num="49" count="50" type="cond" truecount="1" falsecount="1"/>
        <line num="50" count="0" type="stmt"/>
        <line num="51" count="50" type="cond" truecount="2" falsecount="0"/>
        <line num="52" count="34" type="stmt"/>
        <line num="53" count="16" type="cond" truecount="1" falsecount="1"/>
        <line num="54" count="0" type="stmt"/>
        <line num="55" count="16" type="cond" truecount="0" falsecount="1"/>
        <line num="56" count="0" type="stmt"/>
        <line num="59" count="79" type="stmt"/>
        <line num="72" count="79" type="stmt"/>
        <line num="73" count="79" type="stmt"/>
        <line num="75" count="0" type="stmt"/>
      </file>
      <file name="notification.consumer.ts" path="/home/dheerajsingh/Desktop/arihant-bos/apps/api/src/modules/proposals/consumers/notification.consumer.ts">
        <metrics statements="88" coveredstatements="77" conditionals="81" coveredconditionals="52" methods="4" coveredmethods="4"/>
        <line num="1" count="2" type="stmt"/>
        <line num="2" count="2" type="stmt"/>
        <line num="3" count="2" type="stmt"/>
        <line num="4" count="2" type="stmt"/>
        <line num="5" count="2" type="stmt"/>
        <line num="6" count="2" type="stmt"/>
        <line num="10" count="2" type="stmt"/>
        <line num="11" count="2" type="stmt"/>
        <line num="12" count="2" type="stmt"/>
        <line num="15" count="2" type="cond" truecount="6" falsecount="2"/>
        <line num="16" count="2" type="cond" truecount="3" falsecount="1"/>
        <line num="17" count="2" type="stmt"/>
        <line num="21" count="2" type="stmt"/>
        <line num="22" count="146" type="stmt"/>
        <line num="25" count="146" type="cond" truecount="1" falsecount="0"/>
        <line num="26" count="1" type="stmt"/>
        <line num="27" count="1" type="stmt"/>
        <line num="31" count="145" type="stmt"/>
        <line num="32" count="145" type="cond" truecount="1" falsecount="0"/>
        <line num="33" count="5" type="stmt"/>
        <line num="36" count="140" type="stmt"/>
        <line num="37" count="140" type="stmt"/>
        <line num="38" count="140" type="stmt"/>
        <line num="39" count="140" type="stmt"/>
        <line num="41" count="140" type="cond" truecount="13" falsecount="2"/>
        <line num="43" count="16" type="cond" truecount="1" falsecount="0"/>
        <line num="44" count="16" type="cond" truecount="1" falsecount="1"/>
        <line num="45" count="16" type="cond" truecount="1" falsecount="1"/>
        <line num="46" count="16" type="stmt"/>
        <line num="49" count="29" type="cond" truecount="3" falsecount="0"/>
        <line num="50" count="11" type="stmt"/>
        <line num="51" count="11" type="cond" truecount="1" falsecount="1"/>
        <line num="52" count="11" type="cond" truecount="1" falsecount="1"/>
        <line num="54" count="29" type="stmt"/>
        <line num="59" count="12" type="stmt"/>
        <line num="65" count="72" type="stmt"/>
        <line num="66" count="12" type="cond" truecount="1" falsecount="1"/>
        <line num="67" count="12" type="cond" truecount="1" falsecount="1"/>
        <line num="68" count="12" type="stmt"/>
        <line num="72" count="9" type="cond" truecount="1" falsecount="0"/>
        <line num="73" count="9" type="cond" truecount="1" falsecount="0"/>
        <line num="74" count="9" type="cond" truecount="1" falsecount="1"/>
        <line num="75" count="9" type="cond" truecount="1" falsecount="1"/>
        <line num="76" count="9" type="stmt"/>
        <line num="79" count="1" type="cond" truecount="1" falsecount="0"/>
        <line num="80" count="1" type="cond" truecount="1" falsecount="0"/>
        <line num="81" count="1" type="cond" truecount="1" falsecount="1"/>
        <line num="82" count="1" type="cond" truecount="2" falsecount="2"/>
        <line num="83" count="1" type="stmt"/>
        <line num="86" count="7" type="cond" truecount="1" falsecount="0"/>
        <line num="87" count="7" type="cond" truecount="1" falsecount="0"/>
        <line num="88" count="7" type="stmt"/>
        <line num="89" count="7" type="cond" truecount="1" falsecount="1"/>
        <line num="90" count="7" type="stmt"/>
        <line num="93" count="0" type="cond" truecount="0" falsecount="1"/>
        <line num="94" count="0" type="cond" truecount="0" falsecount="1"/>
        <line num="95" count="0" type="stmt"/>
        <line num="96" count="0" type="cond" truecount="0" falsecount="2"/>
        <line num="97" count="0" type="stmt"/>
        <line num="100" count="1" type="cond" truecount="1" falsecount="0"/>
        <line num="101" count="1" type="stmt"/>
        <line num="102" count="1" type="cond" truecount="1" falsecount="1"/>
        <line num="103" count="1" type="stmt"/>
        <line num="108" count="6" type="cond" truecount="1" falsecount="0"/>
        <line num="109" count="6" type="cond" truecount="1" falsecount="0"/>
        <line num="110" count="6" type="stmt"/>
        <line num="111" count="6" type="cond" truecount="1" falsecount="1"/>
        <line num="112" count="6" type="stmt"/>
        <line num="115" count="0" type="cond" truecount="0" falsecount="1"/>
        <line num="116" count="0" type="stmt"/>
        <line num="117" count="0" type="cond" truecount="0" falsecount="2"/>
        <line num="118" count="0" type="stmt"/>
        <line num="121" count="2" type="cond" truecount="0" falsecount="1"/>
        <line num="122" count="2" type="stmt"/>
        <line num="123" count="2" type="cond" truecount="1" falsecount="1"/>
        <line num="124" count="2" type="stmt"/>
        <line num="128" count="57" type="stmt"/>
        <line num="129" count="57" type="stmt"/>
        <line num="133" count="83" type="stmt"/>
        <line num="134" count="141" type="cond" truecount="0" falsecount="1"/>
        <line num="135" count="141" type="stmt"/>
        <line num="150" count="141" type="stmt"/>
        <line num="161" count="141" type="stmt"/>
        <line num="164" count="83" type="stmt"/>
        <line num="166" count="0" type="stmt"/>
        <line num="174" count="141" type="stmt"/>
        <line num="175" count="141" type="stmt"/>
        <line num="177" count="0" type="stmt"/>
      </file>
      <file name="task-reminder.consumer.ts" path="/home/dheerajsingh/Desktop/arihant-bos/apps/api/src/modules/proposals/consumers/task-reminder.consumer.ts">
        <metrics statements="27" coveredstatements="26" conditionals="28" coveredconditionals="21" methods="2" coveredmethods="2"/>
        <line num="1" count="2" type="stmt"/>
        <line num="2" count="2" type="stmt"/>
        <line num="3" count="2" type="stmt"/>
        <line num="4" count="2" type="stmt"/>
        <line num="5" count="2" type="stmt"/>
        <line num="9" count="2" type="stmt"/>
        <line num="10" count="2" type="stmt"/>
        <line num="11" count="2" type="stmt"/>
        <line num="14" count="2" type="cond" truecount="6" falsecount="2"/>
        <line num="15" count="2" type="stmt"/>
        <line num="19" count="2" type="stmt"/>
        <line num="20" count="146" type="stmt"/>
        <line num="22" count="146" type="cond" truecount="1" falsecount="0"/>
        <line num="24" count="145" type="cond" truecount="1" falsecount="0"/>
        <line num="29" count="134" type="stmt"/>
        <line num="32" count="11" type="stmt"/>
        <line num="33" count="11" type="cond" truecount="0" falsecount="1"/>
        <line num="35" count="11" type="stmt"/>
        <line num="36" count="11" type="cond" truecount="1" falsecount="1"/>
        <line num="37" count="11" type="cond" truecount="1" falsecount="1"/>
        <line num="39" count="11" type="cond" truecount="4" falsecount="0"/>
        <line num="41" count="11" type="stmt"/>
        <line num="50" count="11" type="cond" truecount="2" falsecount="0"/>
        <line num="51" count="5" type="stmt"/>
        <line num="60" count="6" type="stmt"/>
        <line num="81" count="11" type="stmt"/>
        <line num="83" count="0" type="stmt"/>
      </file>
      <file name="timeline.projection.ts" path="/home/dheerajsingh/Desktop/arihant-bos/apps/api/src/modules/proposals/consumers/timeline.projection.ts">
        <metrics statements="64" coveredstatements="50" conditionals="91" coveredconditionals="34" methods="4" coveredmethods="4"/>
        <line num="1" count="2" type="stmt"/>
        <line num="2" count="2" type="stmt"/>
        <line num="3" count="2" type="stmt"/>
        <line num="4" count="2" type="stmt"/>
        <line num="5" count="2" type="stmt"/>
        <line num="9" count="2" type="stmt"/>
        <line num="10" count="2" type="stmt"/>
        <line num="11" count="2" type="stmt"/>
        <line num="12" count="2" type="stmt"/>
        <line num="15" count="2" type="cond" truecount="6" falsecount="2"/>
        <line num="16" count="2" type="stmt"/>
        <line num="20" count="2" type="stmt"/>
        <line num="21" count="146" type="stmt"/>
        <line num="23" count="146" type="cond" truecount="0" falsecount="1"/>
        <line num="26" count="146" type="stmt"/>
        <line num="27" count="146" type="cond" truecount="1" falsecount="0"/>
        <line num="28" count="4" type="stmt"/>
        <line num="32" count="142" type="cond" truecount="1" falsecount="0"/>
        <line num="33" count="142" type="cond" truecount="2" falsecount="0"/>
        <line num="34" count="142" type="cond" truecount="1" falsecount="0"/>
        <line num="35" count="62" type="stmt"/>
        <line num="36" count="62" type="stmt"/>
        <line num="37" count="62" type="stmt"/>
        <line num="39" count="80" type="stmt"/>
        <line num="42" count="80" type="stmt"/>
        <line num="43" count="80" type="stmt"/>
        <line num="45" count="80" type="stmt"/>
        <line num="59" count="80" type="stmt"/>
        <line num="61" count="0" type="stmt"/>
        <line num="69" count="1" type="stmt"/>
        <line num="72" count="1" type="stmt"/>
        <line num="74" count="1" type="stmt"/>
        <line num="77" count="1" type="stmt"/>
        <line num="78" count="1" type="stmt"/>
        <line num="79" count="26" type="stmt"/>
        <line num="92" count="26" type="stmt"/>
        <line num="96" count="1" type="stmt"/>
        <line num="101" count="1" type="stmt"/>
        <line num="102" count="71" type="stmt"/>
        <line num="115" count="71" type="stmt"/>
        <line num="119" count="1" type="stmt"/>
        <line num="124" count="1" type="stmt"/>
        <line num="125" count="5" type="stmt"/>
        <line num="142" count="5" type="stmt"/>
        <line num="145" count="1" type="stmt"/>
        <line num="146" count="1" type="stmt"/>
        <line num="153" count="80" type="cond" truecount="5" falsecount="14"/>
        <line num="156" count="29" type="stmt"/>
        <line num="162" count="1" type="stmt"/>
        <line num="169" count="0" type="stmt"/>
        <line num="175" count="0" type="stmt"/>
        <line num="181" count="0" type="stmt"/>
        <line num="187" count="0" type="stmt"/>
        <line num="193" count="0" type="stmt"/>
        <line num="199" count="0" type="stmt"/>
        <line num="205" count="0" type="stmt"/>
        <line num="211" count="0" type="stmt"/>
        <line num="217" count="0" type="stmt"/>
        <line num="223" count="0" type="stmt"/>
        <line num="229" count="0" type="stmt"/>
        <line num="235" count="0" type="stmt"/>
        <line num="241" count="14" type="stmt"/>
        <line num="247" count="0" type="stmt"/>
        <line num="253" count="36" type="stmt"/>
      </file>
    </package>
  </project>
</coverage>
