{"/home/dheerajsingh/Desktop/arihant-bos/apps/api/src/modules/proposals/proposals-scheduler.service.ts": {"path":"/home/dheerajsingh/Desktop/arihant-bos/apps/api/src/modules/proposals/proposals-scheduler.service.ts","statementMap":{"0":{"start":{"line":1,"column":0},"end":{"line":1,"column":60}},"1":{"start":{"line":2,"column":0},"end":{"line":2,"column":56}},"2":{"start":{"line":3,"column":0},"end":{"line":3,"column":37}},"3":{"start":{"line":4,"column":0},"end":{"line":4,"column":69}},"4":{"start":{"line":5,"column":0},"end":{"line":5,"column":70}},"5":{"start":{"line":6,"column":0},"end":{"line":6,"column":63}},"6":{"start":{"line":10,"column":38},"end":{"line":462,"column":null}},"7":{"start":{"line":11,"column":28},"end":{"line":11,"column":70}},"8":{"start":{"line":14,"column":40},"end":{"line":14,"column":44}},"9":{"start":{"line":15,"column":21},"end":{"line":15,"column":36}},"10":{"start":{"line":23,"column":4},"end":{"line":23,"column":80}},"11":{"start":{"line":26,"column":20},"end":{"line":26,"column":114}},"12":{"start":{"line":27,"column":20},"end":{"line":27,"column":43}},"13":{"start":{"line":29,"column":4},"end":{"line":32,"column":5}},"14":{"start":{"line":30,"column":6},"end":{"line":30,"column":104}},"15":{"start":{"line":31,"column":6},"end":{"line":31,"column":36}},"16":{"start":{"line":34,"column":21},"end":{"line":34,"column":22}},"17":{"start":{"line":36,"column":4},"end":{"line":337,"column":5}},"18":{"start":{"line":38,"column":23},"end":{"line":42,"column":27}},"19":{"start":{"line":44,"column":17},"end":{"line":44,"column":62}},"20":{"start":{"line":45,"column":27},"end":{"line":45,"column":51}},"21":{"start":{"line":46,"column":18},"end":{"line":46,"column":28}},"22":{"start":{"line":48,"column":6},"end":{"line":48,"column":91}},"23":{"start":{"line":50,"column":26},"end":{"line":58,"column":8}},"24":{"start":{"line":59,"column":25},"end":{"line":59,"column":67}},"25":{"start":{"line":62,"column":32},"end":{"line":73,"column":18}},"26":{"start":{"line":68,"column":10},"end":{"line":71,"column":12}},"27":{"start":{"line":75,"column":6},"end":{"line":88,"column":7}},"28":{"start":{"line":76,"column":24},"end":{"line":85,"column":null}},"29":{"start":{"line":87,"column":8},"end":{"line":87,"column":34}},"30":{"start":{"line":87,"column":21},"end":{"line":87,"column":34}},"31":{"start":{"line":91,"column":31},"end":{"line":102,"column":18}},"32":{"start":{"line":97,"column":10},"end":{"line":100,"column":12}},"33":{"start":{"line":104,"column":27},"end":{"line":104,"column":69}},"34":{"start":{"line":106,"column":6},"end":{"line":155,"column":7}},"35":{"start":{"line":107,"column":28},"end":{"line":107,"column":68}},"36":{"start":{"line":108,"column":8},"end":{"line":108,"column":35}},"37":{"start":{"line":108,"column":26},"end":{"line":108,"column":35}},"38":{"start":{"line":110,"column":25},"end":{"line":110,"column":46}},"39":{"start":{"line":111,"column":25},"end":{"line":111,"column":47}},"40":{"start":{"line":112,"column":28},"end":{"line":112,"column":118}},"41":{"start":{"line":114,"column":24},"end":{"line":124,"column":null}},"42":{"start":{"line":126,"column":8},"end":{"line":126,"column":34}},"43":{"start":{"line":126,"column":21},"end":{"line":126,"column":34}},"44":{"start":{"line":129,"column":8},"end":{"line":154,"column":9}},"45":{"start":{"line":130,"column":26},"end":{"line":130,"column":69}},"46":{"start":{"line":131,"column":41},"end":{"line":131,"column":45}},"47":{"start":{"line":132,"column":10},"end":{"line":139,"column":11}},"48":{"start":{"line":133,"column":26},"end":{"line":137,"column":33}},"49":{"start":{"line":138,"column":12},"end":{"line":138,"column":60}},"50":{"start":{"line":141,"column":29},"end":{"line":151,"column":null}},"51":{"start":{"line":153,"column":10},"end":{"line":153,"column":39}},"52":{"start":{"line":153,"column":26},"end":{"line":153,"column":39}},"53":{"start":{"line":158,"column":32},"end":{"line":163,"column":18}},"54":{"start":{"line":165,"column":26},"end":{"line":165,"column":67}},"55":{"start":{"line":167,"column":6},"end":{"line":205,"column":7}},"56":{"start":{"line":168,"column":8},"end":{"line":168,"column":39}},"57":{"start":{"line":168,"column":30},"end":{"line":168,"column":39}},"58":{"start":{"line":170,"column":24},"end":{"line":170,"column":49}},"59":{"start":{"line":171,"column":25},"end":{"line":171,"column":47}},"60":{"start":{"line":172,"column":25},"end":{"line":172,"column":101}},"61":{"start":{"line":174,"column":8},"end":{"line":204,"column":9}},"62":{"start":{"line":176,"column":26},"end":{"line":186,"column":null}},"63":{"start":{"line":188,"column":10},"end":{"line":188,"column":36}},"64":{"start":{"line":188,"column":23},"end":{"line":188,"column":36}},"65":{"start":{"line":189,"column":15},"end":{"line":204,"column":9}},"66":{"start":{"line":191,"column":26},"end":{"line":201,"column":null}},"67":{"start":{"line":203,"column":10},"end":{"line":203,"column":36}},"68":{"start":{"line":203,"column":23},"end":{"line":203,"column":36}},"69":{"start":{"line":208,"column":24},"end":{"line":213,"column":18}},"70":{"start":{"line":215,"column":6},"end":{"line":248,"column":7}},"71":{"start":{"line":216,"column":23},"end":{"line":216,"column":53}},"72":{"start":{"line":217,"column":28},"end":{"line":217,"column":29}},"73":{"start":{"line":218,"column":8},"end":{"line":228,"column":9}},"74":{"start":{"line":219,"column":10},"end":{"line":219,"column":62}},"75":{"start":{"line":220,"column":15},"end":{"line":228,"column":9}},"76":{"start":{"line":221,"column":10},"end":{"line":221,"column":64}},"77":{"start":{"line":222,"column":15},"end":{"line":228,"column":9}},"78":{"start":{"line":223,"column":10},"end":{"line":223,"column":59}},"79":{"start":{"line":224,"column":15},"end":{"line":228,"column":9}},"80":{"start":{"line":225,"column":10},"end":{"line":225,"column":61}},"81":{"start":{"line":226,"column":15},"end":{"line":228,"column":9}},"82":{"start":{"line":227,"column":10},"end":{"line":227,"column":62}},"83":{"start":{"line":230,"column":27},"end":{"line":230,"column":101}},"84":{"start":{"line":231,"column":29},"end":{"line":231,"column":103}},"85":{"start":{"line":233,"column":8},"end":{"line":247,"column":9}},"86":{"start":{"line":234,"column":26},"end":{"line":244,"column":null}},"87":{"start":{"line":246,"column":10},"end":{"line":246,"column":36}},"88":{"start":{"line":246,"column":23},"end":{"line":246,"column":36}},"89":{"start":{"line":251,"column":30},"end":{"line":256,"column":18}},"90":{"start":{"line":258,"column":6},"end":{"line":270,"column":7}},"91":{"start":{"line":259,"column":24},"end":{"line":267,"column":null}},"92":{"start":{"line":269,"column":8},"end":{"line":269,"column":34}},"93":{"start":{"line":269,"column":21},"end":{"line":269,"column":34}},"94":{"start":{"line":273,"column":33},"end":{"line":273,"column":75}},"95":{"start":{"line":274,"column":6},"end":{"line":294,"column":7}},"96":{"start":{"line":275,"column":8},"end":{"line":275,"column":35}},"97":{"start":{"line":275,"column":26},"end":{"line":275,"column":35}},"98":{"start":{"line":276,"column":25},"end":{"line":276,"column":46}},"99":{"start":{"line":277,"column":30},"end":{"line":277,"column":102}},"100":{"start":{"line":279,"column":8},"end":{"line":293,"column":9}},"101":{"start":{"line":280,"column":26},"end":{"line":290,"column":null}},"102":{"start":{"line":292,"column":10},"end":{"line":292,"column":36}},"103":{"start":{"line":292,"column":23},"end":{"line":292,"column":36}},"104":{"start":{"line":297,"column":33},"end":{"line":311,"column":18}},"105":{"start":{"line":313,"column":6},"end":{"line":324,"column":7}},"106":{"start":{"line":314,"column":32},"end":{"line":314,"column":83}},"107":{"start":{"line":315,"column":8},"end":{"line":323,"column":9}},"108":{"start":{"line":316,"column":10},"end":{"line":320,"column":23}},"109":{"start":{"line":322,"column":10},"end":{"line":322,"column":118}},"110":{"start":{"line":327,"column":6},"end":{"line":329,"column":7}},"111":{"start":{"line":328,"column":8},"end":{"line":328,"column":46}},"112":{"start":{"line":331,"column":6},"end":{"line":331,"column":87}},"113":{"start":{"line":333,"column":6},"end":{"line":333,"column":88}},"114":{"start":{"line":336,"column":6},"end":{"line":336,"column":68}},"115":{"start":{"line":339,"column":4},"end":{"line":339,"column":43}},"116":{"start":{"line":346,"column":22},"end":{"line":351,"column":6}},"117":{"start":{"line":352,"column":4},"end":{"line":352,"column":40}},"118":{"start":{"line":364,"column":22},"end":{"line":364,"column":66}},"119":{"start":{"line":366,"column":4},"end":{"line":398,"column":5}},"120":{"start":{"line":367,"column":23},"end":{"line":378,"column":27}},"121":{"start":{"line":376,"column":28},"end":{"line":376,"column":63}},"122":{"start":{"line":380,"column":6},"end":{"line":382,"column":7}},"123":{"start":{"line":381,"column":8},"end":{"line":381,"column":21}},"124":{"start":{"line":384,"column":6},"end":{"line":392,"column":9}},"125":{"start":{"line":394,"column":6},"end":{"line":394,"column":18}},"126":{"start":{"line":396,"column":6},"end":{"line":396,"column":90}},"127":{"start":{"line":397,"column":6},"end":{"line":397,"column":19}},"128":{"start":{"line":405,"column":4},"end":{"line":405,"column":58}},"129":{"start":{"line":407,"column":21},"end":{"line":411,"column":25}},"130":{"start":{"line":413,"column":15},"end":{"line":413,"column":60}},"131":{"start":{"line":414,"column":25},"end":{"line":414,"column":49}},"132":{"start":{"line":417,"column":18},"end":{"line":422,"column":16}},"133":{"start":{"line":424,"column":16},"end":{"line":424,"column":17}},"134":{"start":{"line":425,"column":4},"end":{"line":447,"column":5}},"135":{"start":{"line":427,"column":28},"end":{"line":441,"column":18}},"136":{"start":{"line":432,"column":10},"end":{"line":439,"column":12}},"137":{"start":{"line":443,"column":6},"end":{"line":446,"column":7}},"138":{"start":{"line":444,"column":8},"end":{"line":444,"column":16}},"139":{"start":{"line":445,"column":8},"end":{"line":445,"column":117}},"140":{"start":{"line":449,"column":4},"end":{"line":449,"column":38}},"141":{"start":{"line":456,"column":4},"end":{"line":456,"column":42}},"142":{"start":{"line":460,"column":4},"end":{"line":460,"column":37}},"143":{"start":{"line":10,"column":13},"end":{"line":10,"column":38}},"144":{"start":{"line":22,"column":8},"end":{"line":340,"column":null}},"145":{"start":{"line":10,"column":13},"end":{"line":462,"column":null}}},"fnMap":{"0":{"name":"(anonymous_4)","decl":{"start":{"line":13,"column":2},"end":{"line":13,"column":null}},"loc":{"start":{"line":15,"column":49},"end":{"line":16,"column":6}}},"1":{"name":"(anonymous_5)","decl":{"start":{"line":22,"column":2},"end":{"line":22,"column":7}},"loc":{"start":{"line":22,"column":31},"end":{"line":340,"column":3}}},"2":{"name":"(anonymous_6)","decl":{"start":{"line":67,"column":15},"end":{"line":67,"column":16}},"loc":{"start":{"line":68,"column":10},"end":{"line":71,"column":12}}},"3":{"name":"(anonymous_7)","decl":{"start":{"line":96,"column":15},"end":{"line":96,"column":16}},"loc":{"start":{"line":97,"column":10},"end":{"line":100,"column":12}}},"4":{"name":"(anonymous_8)","decl":{"start":{"line":345,"column":2},"end":{"line":345,"column":17}},"loc":{"start":{"line":345,"column":43},"end":{"line":353,"column":3}}},"5":{"name":"(anonymous_9)","decl":{"start":{"line":358,"column":2},"end":{"line":358,"column":7}},"loc":{"start":{"line":362,"column":16},"end":{"line":399,"column":3}}},"6":{"name":"(anonymous_10)","decl":{"start":{"line":376,"column":20},"end":{"line":376,"column":21}},"loc":{"start":{"line":376,"column":28},"end":{"line":376,"column":63}}},"7":{"name":"(anonymous_11)","decl":{"start":{"line":404,"column":2},"end":{"line":404,"column":7}},"loc":{"start":{"line":404,"column":26},"end":{"line":450,"column":3}}},"8":{"name":"(anonymous_12)","decl":{"start":{"line":431,"column":15},"end":{"line":431,"column":16}},"loc":{"start":{"line":432,"column":10},"end":{"line":439,"column":12}}},"9":{"name":"(anonymous_13)","decl":{"start":{"line":455,"column":2},"end":{"line":455,"column":7}},"loc":{"start":{"line":455,"column":28},"end":{"line":457,"column":3}}},"10":{"name":"(anonymous_14)","decl":{"start":{"line":459,"column":2},"end":{"line":459,"column":7}},"loc":{"start":{"line":459,"column":22},"end":{"line":461,"column":3}}}},"branchMap":{"0":{"loc":{"start":{"line":29,"column":4},"end":{"line":32,"column":5}},"type":"if","locations":[{"start":{"line":29,"column":4},"end":{"line":32,"column":5}}]},"1":{"loc":{"start":{"line":44,"column":17},"end":{"line":44,"column":62}},"type":"binary-expr","locations":[{"start":{"line":44,"column":17},"end":{"line":44,"column":44}},{"start":{"line":44,"column":48},"end":{"line":44,"column":62}}]},"2":{"loc":{"start":{"line":82,"column":24},"end":{"line":82,"column":58}},"type":"binary-expr","locations":[{"start":{"line":82,"column":24},"end":{"line":82,"column":37}},{"start":{"line":82,"column":41},"end":{"line":82,"column":58}}]},"3":{"loc":{"start":{"line":83,"column":29},"end":{"line":83,"column":72}},"type":"binary-expr","locations":[{"start":{"line":83,"column":29},"end":{"line":83,"column":49}},{"start":{"line":83,"column":53},"end":{"line":83,"column":72}}]},"4":{"loc":{"start":{"line":87,"column":8},"end":{"line":87,"column":34}},"type":"if","locations":[{"start":{"line":87,"column":8},"end":{"line":87,"column":34}}]},"5":{"loc":{"start":{"line":104,"column":27},"end":{"line":104,"column":69}},"type":"binary-expr","locations":[{"start":{"line":104,"column":27},"end":{"line":104,"column":64}},{"start":{"line":104,"column":68},"end":{"line":104,"column":69}}]},"6":{"loc":{"start":{"line":107,"column":28},"end":{"line":107,"column":68}},"type":"binary-expr","locations":[{"start":{"line":107,"column":28},"end":{"line":107,"column":49}},{"start":{"line":107,"column":53},"end":{"line":107,"column":68}}]},"7":{"loc":{"start":{"line":108,"column":8},"end":{"line":108,"column":35}},"type":"if","locations":[{"start":{"line":108,"column":8},"end":{"line":108,"column":35}}]},"8":{"loc":{"start":{"line":120,"column":24},"end":{"line":120,"column":58}},"type":"binary-expr","locations":[{"start":{"line":120,"column":24},"end":{"line":120,"column":37}},{"start":{"line":120,"column":41},"end":{"line":120,"column":58}}]},"9":{"loc":{"start":{"line":121,"column":29},"end":{"line":121,"column":72}},"type":"binary-expr","locations":[{"start":{"line":121,"column":29},"end":{"line":121,"column":49}},{"start":{"line":121,"column":53},"end":{"line":121,"column":72}}]},"10":{"loc":{"start":{"line":126,"column":8},"end":{"line":126,"column":34}},"type":"if","locations":[{"start":{"line":126,"column":8},"end":{"line":126,"column":34}}]},"11":{"loc":{"start":{"line":129,"column":8},"end":{"line":154,"column":9}},"type":"if","locations":[{"start":{"line":129,"column":8},"end":{"line":154,"column":9}}]},"12":{"loc":{"start":{"line":130,"column":26},"end":{"line":130,"column":69}},"type":"binary-expr","locations":[{"start":{"line":130,"column":26},"end":{"line":130,"column":46}},{"start":{"line":130,"column":50},"end":{"line":130,"column":69}}]},"13":{"loc":{"start":{"line":132,"column":10},"end":{"line":139,"column":11}},"type":"if","locations":[{"start":{"line":132,"column":10},"end":{"line":139,"column":11}}]},"14":{"loc":{"start":{"line":138,"column":24},"end":{"line":138,"column":59}},"type":"binary-expr","locations":[{"start":{"line":138,"column":24},"end":{"line":138,"column":51}},{"start":{"line":138,"column":55},"end":{"line":138,"column":59}}]},"15":{"loc":{"start":{"line":147,"column":26},"end":{"line":147,"column":60}},"type":"binary-expr","locations":[{"start":{"line":147,"column":26},"end":{"line":147,"column":39}},{"start":{"line":147,"column":43},"end":{"line":147,"column":60}}]},"16":{"loc":{"start":{"line":153,"column":10},"end":{"line":153,"column":39}},"type":"if","locations":[{"start":{"line":153,"column":10},"end":{"line":153,"column":39}}]},"17":{"loc":{"start":{"line":165,"column":26},"end":{"line":165,"column":67}},"type":"binary-expr","locations":[{"start":{"line":165,"column":26},"end":{"line":165,"column":62}},{"start":{"line":165,"column":66},"end":{"line":165,"column":67}}]},"18":{"loc":{"start":{"line":168,"column":8},"end":{"line":168,"column":39}},"type":"if","locations":[{"start":{"line":168,"column":8},"end":{"line":168,"column":39}}]},"19":{"loc":{"start":{"line":174,"column":8},"end":{"line":204,"column":9}},"type":"if","locations":[{"start":{"line":174,"column":8},"end":{"line":204,"column":9}},{"start":{"line":189,"column":15},"end":{"line":204,"column":9}}]},"20":{"loc":{"start":{"line":182,"column":26},"end":{"line":182,"column":60}},"type":"binary-expr","locations":[{"start":{"line":182,"column":26},"end":{"line":182,"column":39}},{"start":{"line":182,"column":43},"end":{"line":182,"column":60}}]},"21":{"loc":{"start":{"line":183,"column":29},"end":{"line":183,"column":72}},"type":"binary-expr","locations":[{"start":{"line":183,"column":29},"end":{"line":183,"column":52}},{"start":{"line":183,"column":56},"end":{"line":183,"column":72}}]},"22":{"loc":{"start":{"line":188,"column":10},"end":{"line":188,"column":36}},"type":"if","locations":[{"start":{"line":188,"column":10},"end":{"line":188,"column":36}}]},"23":{"loc":{"start":{"line":189,"column":15},"end":{"line":204,"column":9}},"type":"if","locations":[{"start":{"line":189,"column":15},"end":{"line":204,"column":9}}]},"24":{"loc":{"start":{"line":197,"column":26},"end":{"line":197,"column":60}},"type":"binary-expr","locations":[{"start":{"line":197,"column":26},"end":{"line":197,"column":39}},{"start":{"line":197,"column":43},"end":{"line":197,"column":60}}]},"25":{"loc":{"start":{"line":198,"column":29},"end":{"line":198,"column":72}},"type":"binary-expr","locations":[{"start":{"line":198,"column":29},"end":{"line":198,"column":52}},{"start":{"line":198,"column":56},"end":{"line":198,"column":72}}]},"26":{"loc":{"start":{"line":203,"column":10},"end":{"line":203,"column":36}},"type":"if","locations":[{"start":{"line":203,"column":10},"end":{"line":203,"column":36}}]},"27":{"loc":{"start":{"line":216,"column":24},"end":{"line":216,"column":38}},"type":"binary-expr","locations":[{"start":{"line":216,"column":24},"end":{"line":216,"column":32}},{"start":{"line":216,"column":36},"end":{"line":216,"column":38}}]},"28":{"loc":{"start":{"line":218,"column":8},"end":{"line":228,"column":9}},"type":"if","locations":[{"start":{"line":218,"column":8},"end":{"line":228,"column":9}},{"start":{"line":220,"column":15},"end":{"line":228,"column":9}}]},"29":{"loc":{"start":{"line":219,"column":26},"end":{"line":219,"column":61}},"type":"binary-expr","locations":[{"start":{"line":219,"column":26},"end":{"line":219,"column":56}},{"start":{"line":219,"column":60},"end":{"line":219,"column":61}}]},"30":{"loc":{"start":{"line":220,"column":15},"end":{"line":228,"column":9}},"type":"if","locations":[{"start":{"line":220,"column":15},"end":{"line":228,"column":9}},{"start":{"line":222,"column":15},"end":{"line":228,"column":9}}]},"31":{"loc":{"start":{"line":221,"column":26},"end":{"line":221,"column":63}},"type":"binary-expr","locations":[{"start":{"line":221,"column":26},"end":{"line":221,"column":58}},{"start":{"line":221,"column":62},"end":{"line":221,"column":63}}]},"32":{"loc":{"start":{"line":222,"column":15},"end":{"line":228,"column":9}},"type":"if","locations":[{"start":{"line":222,"column":15},"end":{"line":228,"column":9}},{"start":{"line":224,"column":15},"end":{"line":228,"column":9}}]},"33":{"loc":{"start":{"line":223,"column":26},"end":{"line":223,"column":58}},"type":"binary-expr","locations":[{"start":{"line":223,"column":26},"end":{"line":223,"column":53}},{"start":{"line":223,"column":57},"end":{"line":223,"column":58}}]},"34":{"loc":{"start":{"line":224,"column":15},"end":{"line":228,"column":9}},"type":"if","locations":[{"start":{"line":224,"column":15},"end":{"line":228,"column":9}},{"start":{"line":226,"column":15},"end":{"line":228,"column":9}}]},"35":{"loc":{"start":{"line":225,"column":26},"end":{"line":225,"column":60}},"type":"binary-expr","locations":[{"start":{"line":225,"column":26},"end":{"line":225,"column":55}},{"start":{"line":225,"column":59},"end":{"line":225,"column":60}}]},"36":{"loc":{"start":{"line":226,"column":15},"end":{"line":228,"column":9}},"type":"if","locations":[{"start":{"line":226,"column":15},"end":{"line":228,"column":9}}]},"37":{"loc":{"start":{"line":227,"column":26},"end":{"line":227,"column":61}},"type":"binary-expr","locations":[{"start":{"line":227,"column":26},"end":{"line":227,"column":55}},{"start":{"line":227,"column":59},"end":{"line":227,"column":61}}]},"38":{"loc":{"start":{"line":230,"column":27},"end":{"line":230,"column":101}},"type":"cond-expr","locations":[{"start":{"line":230,"column":48},"end":{"line":230,"column":76}},{"start":{"line":230,"column":79},"end":{"line":230,"column":101}}]},"39":{"loc":{"start":{"line":233,"column":8},"end":{"line":247,"column":9}},"type":"if","locations":[{"start":{"line":233,"column":8},"end":{"line":247,"column":9}}]},"40":{"loc":{"start":{"line":240,"column":26},"end":{"line":240,"column":60}},"type":"binary-expr","locations":[{"start":{"line":240,"column":26},"end":{"line":240,"column":39}},{"start":{"line":240,"column":43},"end":{"line":240,"column":60}}]},"41":{"loc":{"start":{"line":246,"column":10},"end":{"line":246,"column":36}},"type":"if","locations":[{"start":{"line":246,"column":10},"end":{"line":246,"column":36}}]},"42":{"loc":{"start":{"line":265,"column":24},"end":{"line":265,"column":58}},"type":"binary-expr","locations":[{"start":{"line":265,"column":24},"end":{"line":265,"column":37}},{"start":{"line":265,"column":41},"end":{"line":265,"column":58}}]},"43":{"loc":{"start":{"line":266,"column":27},"end":{"line":266,"column":70}},"type":"binary-expr","locations":[{"start":{"line":266,"column":27},"end":{"line":266,"column":50}},{"start":{"line":266,"column":54},"end":{"line":266,"column":70}}]},"44":{"loc":{"start":{"line":269,"column":8},"end":{"line":269,"column":34}},"type":"if","locations":[{"start":{"line":269,"column":8},"end":{"line":269,"column":34}}]},"45":{"loc":{"start":{"line":273,"column":33},"end":{"line":273,"column":75}},"type":"binary-expr","locations":[{"start":{"line":273,"column":33},"end":{"line":273,"column":69}},{"start":{"line":273,"column":73},"end":{"line":273,"column":75}}]},"46":{"loc":{"start":{"line":275,"column":8},"end":{"line":275,"column":35}},"type":"if","locations":[{"start":{"line":275,"column":8},"end":{"line":275,"column":35}}]},"47":{"loc":{"start":{"line":279,"column":8},"end":{"line":293,"column":9}},"type":"if","locations":[{"start":{"line":279,"column":8},"end":{"line":293,"column":9}}]},"48":{"loc":{"start":{"line":286,"column":26},"end":{"line":286,"column":60}},"type":"binary-expr","locations":[{"start":{"line":286,"column":26},"end":{"line":286,"column":39}},{"start":{"line":286,"column":43},"end":{"line":286,"column":60}}]},"49":{"loc":{"start":{"line":287,"column":31},"end":{"line":287,"column":74}},"type":"binary-expr","locations":[{"start":{"line":287,"column":31},"end":{"line":287,"column":51}},{"start":{"line":287,"column":55},"end":{"line":287,"column":74}}]},"50":{"loc":{"start":{"line":292,"column":10},"end":{"line":292,"column":36}},"type":"if","locations":[{"start":{"line":292,"column":10},"end":{"line":292,"column":36}}]},"51":{"loc":{"start":{"line":314,"column":32},"end":{"line":314,"column":83}},"type":"binary-expr","locations":[{"start":{"line":314,"column":32},"end":{"line":314,"column":55}},{"start":{"line":314,"column":59},"end":{"line":314,"column":83}}]},"52":{"loc":{"start":{"line":315,"column":8},"end":{"line":323,"column":9}},"type":"if","locations":[{"start":{"line":315,"column":8},"end":{"line":323,"column":9}}]},"53":{"loc":{"start":{"line":315,"column":12},"end":{"line":315,"column":53}},"type":"binary-expr","locations":[{"start":{"line":315,"column":12},"end":{"line":315,"column":27}},{"start":{"line":315,"column":31},"end":{"line":315,"column":53}}]},"54":{"loc":{"start":{"line":322,"column":39},"end":{"line":322,"column":73}},"type":"binary-expr","locations":[{"start":{"line":322,"column":39},"end":{"line":322,"column":52}},{"start":{"line":322,"column":56},"end":{"line":322,"column":73}}]},"55":{"loc":{"start":{"line":327,"column":6},"end":{"line":329,"column":7}},"type":"if","locations":[{"start":{"line":327,"column":6},"end":{"line":329,"column":7}}]},"56":{"loc":{"start":{"line":345,"column":18},"end":{"line":345,"column":43}},"type":"default-arg","locations":[{"start":{"line":345,"column":29},"end":{"line":345,"column":43}}]},"57":{"loc":{"start":{"line":380,"column":6},"end":{"line":382,"column":7}},"type":"if","locations":[{"start":{"line":380,"column":6},"end":{"line":382,"column":7}}]},"58":{"loc":{"start":{"line":413,"column":15},"end":{"line":413,"column":60}},"type":"binary-expr","locations":[{"start":{"line":413,"column":15},"end":{"line":413,"column":42}},{"start":{"line":413,"column":46},"end":{"line":413,"column":60}}]},"59":{"loc":{"start":{"line":443,"column":6},"end":{"line":446,"column":7}},"type":"if","locations":[{"start":{"line":443,"column":6},"end":{"line":446,"column":7}}]},"60":{"loc":{"start":{"line":22,"column":35},"end":{"line":22,"column":null}},"type":"cond-expr","locations":[{"start":{"line":22,"column":42},"end":{"line":22,"column":null}},{"start":{"line":22,"column":42},"end":{"line":22,"column":null}}]},"61":{"loc":{"start":{"line":22,"column":35},"end":{"line":22,"column":42}},"type":"binary-expr","locations":[{"start":{"line":22,"column":35},"end":{"line":22,"column":null}},{"start":{"line":22,"column":35},"end":{"line":22,"column":42}}]},"62":{"loc":{"start":{"line":14,"column":44},"end":{"line":14,"column":60}},"type":"cond-expr","locations":[{"start":{"line":14,"column":50},"end":{"line":14,"column":60}},{"start":{"line":14,"column":50},"end":{"line":14,"column":60}}]},"63":{"loc":{"start":{"line":14,"column":44},"end":{"line":14,"column":50}},"type":"binary-expr","locations":[{"start":{"line":14,"column":44},"end":{"line":14,"column":60}},{"start":{"line":14,"column":44},"end":{"line":14,"column":50}}]},"64":{"loc":{"start":{"line":14,"column":50},"end":{"line":15,"column":null}},"type":"cond-expr","locations":[{"start":{"line":15,"column":49},"end":{"line":15,"column":null}},{"start":{"line":15,"column":49},"end":{"line":15,"column":null}}]},"65":{"loc":{"start":{"line":14,"column":50},"end":{"line":15,"column":49}},"type":"binary-expr","locations":[{"start":{"line":14,"column":50},"end":{"line":15,"column":null}},{"start":{"line":15,"column":36},"end":{"line":15,"column":49}}]}},"s":{"0":2,"1":2,"2":2,"3":2,"4":2,"5":2,"6":2,"7":2,"8":2,"9":2,"10":2,"11":2,"12":2,"13":2,"14":0,"15":0,"16":2,"17":2,"18":2,"19":2,"20":2,"21":2,"22":2,"23":2,"24":2,"25":2,"26":2,"27":2,"28":0,"29":0,"30":0,"31":2,"32":2,"33":2,"34":2,"35":0,"36":0,"37":0,"38":0,"39":0,"40":0,"41":0,"42":0,"43":0,"44":0,"45":0,"46":0,"47":0,"48":0,"49":0,"50":0,"51":0,"52":0,"53":2,"54":2,"55":2,"56":34,"57":0,"58":34,"59":34,"60":34,"61":34,"62":4,"63":4,"64":2,"65":30,"66":2,"67":2,"68":1,"69":2,"70":2,"71":38,"72":38,"73":38,"74":30,"75":8,"76":0,"77":8,"78":0,"79":8,"80":4,"81":4,"82":4,"83":38,"84":38,"85":38,"86":0,"87":0,"88":0,"89":2,"90":2,"91":0,"92":0,"93":0,"94":2,"95":2,"96":0,"97":0,"98":0,"99":0,"100":0,"101":0,"102":0,"103":0,"104":2,"105":2,"106":38,"107":38,"108":0,"109":0,"110":2,"111":1,"112":2,"113":0,"114":2,"115":2,"116":3,"117":3,"118":6,"119":6,"120":6,"121":6,"122":6,"123":3,"124":3,"125":3,"126":0,"127":0,"128":1,"129":1,"130":1,"131":1,"132":1,"133":1,"134":1,"135":15,"136":15,"137":15,"138":3,"139":3,"140":1,"141":2,"142":1,"143":2,"144":2,"145":2},"f":{"0":2,"1":2,"2":2,"3":2,"4":3,"5":6,"6":6,"7":1,"8":15,"9":2,"10":1},"b":{"0":[0],"1":[2,0],"2":[0,0],"3":[0,0],"4":[0],"5":[2,0],"6":[0,0],"7":[0],"8":[0,0],"9":[0,0],"10":[0],"11":[0],"12":[0,0],"13":[0],"14":[0,0],"15":[0,0],"16":[0],"17":[2,0],"18":[0],"19":[4,30],"20":[4,0],"21":[4,4],"22":[2],"23":[2],"24":[2,0],"25":[2,0],"26":[1],"27":[38,0],"28":[30,8],"29":[30,0],"30":[0,8],"31":[0,0],"32":[0,8],"33":[0,0],"34":[4,4],"35":[4,0],"36":[4],"37":[4,0],"38":[38,0],"39":[0],"40":[0,0],"41":[0],"42":[0,0],"43":[0,0],"44":[0],"45":[2,0],"46":[0],"47":[0],"48":[0,0],"49":[0,0],"50":[0],"51":[38,38],"52":[0],"53":[38,0],"54":[0,0],"55":[1],"56":[0],"57":[3],"58":[1,0],"59":[3],"60":[2,0],"61":[2,2],"62":[2,0],"63":[2,2],"64":[2,0],"65":[2,2]}}
,"/home/dheerajsingh/Desktop/arihant-bos/apps/api/src/modules/proposals/proposals.controller.ts": {"path":"/home/dheerajsingh/Desktop/arihant-bos/apps/api/src/modules/proposals/proposals.controller.ts","statementMap":{"0":{"start":{"line":1,"column":0},"end":{"line":1,"column":null}},"1":{"start":{"line":19,"column":0},"end":{"line":19,"column":58}},"2":{"start":{"line":20,"column":0},"end":{"line":20,"column":null}},"3":{"start":{"line":45,"column":0},"end":{"line":45,"column":62}},"4":{"start":{"line":46,"column":0},"end":{"line":46,"column":62}},"5":{"start":{"line":47,"column":0},"end":{"line":47,"column":61}},"6":{"start":{"line":48,"column":0},"end":{"line":48,"column":74}},"7":{"start":{"line":52,"column":25},"end":{"line":52,"column":92}},"8":{"start":{"line":56,"column":7},"end":{"line":468,"column":null}},"9":{"start":{"line":57,"column":31},"end":{"line":57,"column":49}},"10":{"start":{"line":63,"column":4},"end":{"line":63,"column":26}},"11":{"start":{"line":63,"column":14},"end":{"line":63,"column":26}},"12":{"start":{"line":64,"column":19},"end":{"line":64,"column":44}},"13":{"start":{"line":65,"column":4},"end":{"line":67,"column":5}},"14":{"start":{"line":66,"column":6},"end":{"line":66,"column":20}},"15":{"start":{"line":68,"column":4},"end":{"line":68,"column":16}},"16":{"start":{"line":72,"column":4},"end":{"line":72,"column":21}},"17":{"start":{"line":72,"column":14},"end":{"line":72,"column":21}},"18":{"start":{"line":73,"column":4},"end":{"line":73,"column":80}},"19":{"start":{"line":82,"column":4},"end":{"line":82,"column":57}},"20":{"start":{"line":88,"column":4},"end":{"line":88,"column":63}},"21":{"start":{"line":98,"column":20},"end":{"line":98,"column":71}},"22":{"start":{"line":99,"column":4},"end":{"line":99,"column":61}},"23":{"start":{"line":100,"column":4},"end":{"line":100,"column":88}},"24":{"start":{"line":101,"column":4},"end":{"line":101,"column":29}},"25":{"start":{"line":107,"column":4},"end":{"line":107,"column":60}},"26":{"start":{"line":113,"column":4},"end":{"line":113,"column":47}},"27":{"start":{"line":119,"column":4},"end":{"line":119,"column":59}},"28":{"start":{"line":125,"column":4},"end":{"line":125,"column":66}},"29":{"start":{"line":131,"column":4},"end":{"line":131,"column":65}},"30":{"start":{"line":137,"column":4},"end":{"line":137,"column":58}},"31":{"start":{"line":143,"column":4},"end":{"line":143,"column":57}},"32":{"start":{"line":152,"column":4},"end":{"line":152,"column":54}},"33":{"start":{"line":158,"column":4},"end":{"line":158,"column":51}},"34":{"start":{"line":168,"column":19},"end":{"line":168,"column":56}},"35":{"start":{"line":169,"column":4},"end":{"line":169,"column":35}},"36":{"start":{"line":169,"column":16},"end":{"line":169,"column":35}},"37":{"start":{"line":171,"column":19},"end":{"line":171,"column":64}},"38":{"start":{"line":172,"column":4},"end":{"line":172,"column":53}},"39":{"start":{"line":173,"column":4},"end":{"line":173,"column":18}},"40":{"start":{"line":184,"column":4},"end":{"line":186,"column":5}},"41":{"start":{"line":185,"column":6},"end":{"line":185,"column":46}},"42":{"start":{"line":187,"column":4},"end":{"line":187,"column":55}},"43":{"start":{"line":193,"column":4},"end":{"line":193,"column":50}},"44":{"start":{"line":207,"column":19},"end":{"line":207,"column":56}},"45":{"start":{"line":208,"column":4},"end":{"line":208,"column":35}},"46":{"start":{"line":208,"column":16},"end":{"line":208,"column":35}},"47":{"start":{"line":210,"column":19},"end":{"line":210,"column":78}},"48":{"start":{"line":211,"column":4},"end":{"line":211,"column":53}},"49":{"start":{"line":212,"column":4},"end":{"line":212,"column":18}},"50":{"start":{"line":223,"column":19},"end":{"line":223,"column":56}},"51":{"start":{"line":224,"column":4},"end":{"line":224,"column":35}},"52":{"start":{"line":224,"column":16},"end":{"line":224,"column":35}},"53":{"start":{"line":226,"column":19},"end":{"line":226,"column":77}},"54":{"start":{"line":227,"column":4},"end":{"line":227,"column":53}},"55":{"start":{"line":228,"column":4},"end":{"line":228,"column":18}},"56":{"start":{"line":239,"column":19},"end":{"line":239,"column":56}},"57":{"start":{"line":240,"column":4},"end":{"line":240,"column":35}},"58":{"start":{"line":240,"column":16},"end":{"line":240,"column":35}},"59":{"start":{"line":242,"column":19},"end":{"line":242,"column":69}},"60":{"start":{"line":243,"column":4},"end":{"line":243,"column":53}},"61":{"start":{"line":244,"column":4},"end":{"line":244,"column":18}},"62":{"start":{"line":255,"column":19},"end":{"line":255,"column":56}},"63":{"start":{"line":256,"column":4},"end":{"line":256,"column":35}},"64":{"start":{"line":256,"column":16},"end":{"line":256,"column":35}},"65":{"start":{"line":258,"column":19},"end":{"line":258,"column":76}},"66":{"start":{"line":259,"column":4},"end":{"line":259,"column":53}},"67":{"start":{"line":260,"column":4},"end":{"line":260,"column":18}},"68":{"start":{"line":271,"column":19},"end":{"line":271,"column":56}},"69":{"start":{"line":272,"column":4},"end":{"line":272,"column":35}},"70":{"start":{"line":272,"column":16},"end":{"line":272,"column":35}},"71":{"start":{"line":274,"column":19},"end":{"line":274,"column":76}},"72":{"start":{"line":275,"column":4},"end":{"line":275,"column":53}},"73":{"start":{"line":276,"column":4},"end":{"line":276,"column":18}},"74":{"start":{"line":287,"column":19},"end":{"line":287,"column":56}},"75":{"start":{"line":288,"column":4},"end":{"line":288,"column":35}},"76":{"start":{"line":288,"column":16},"end":{"line":288,"column":35}},"77":{"start":{"line":290,"column":19},"end":{"line":290,"column":66}},"78":{"start":{"line":291,"column":4},"end":{"line":291,"column":53}},"79":{"start":{"line":292,"column":4},"end":{"line":292,"column":18}},"80":{"start":{"line":303,"column":19},"end":{"line":303,"column":56}},"81":{"start":{"line":304,"column":4},"end":{"line":304,"column":35}},"82":{"start":{"line":304,"column":16},"end":{"line":304,"column":35}},"83":{"start":{"line":306,"column":19},"end":{"line":306,"column":75}},"84":{"start":{"line":307,"column":4},"end":{"line":307,"column":53}},"85":{"start":{"line":308,"column":4},"end":{"line":308,"column":18}},"86":{"start":{"line":319,"column":19},"end":{"line":319,"column":56}},"87":{"start":{"line":320,"column":4},"end":{"line":320,"column":35}},"88":{"start":{"line":320,"column":16},"end":{"line":320,"column":35}},"89":{"start":{"line":322,"column":19},"end":{"line":322,"column":77}},"90":{"start":{"line":323,"column":4},"end":{"line":323,"column":53}},"91":{"start":{"line":324,"column":4},"end":{"line":324,"column":18}},"92":{"start":{"line":335,"column":19},"end":{"line":335,"column":56}},"93":{"start":{"line":336,"column":4},"end":{"line":336,"column":35}},"94":{"start":{"line":336,"column":16},"end":{"line":336,"column":35}},"95":{"start":{"line":338,"column":19},"end":{"line":338,"column":75}},"96":{"start":{"line":339,"column":4},"end":{"line":339,"column":53}},"97":{"start":{"line":340,"column":4},"end":{"line":340,"column":18}},"98":{"start":{"line":351,"column":19},"end":{"line":351,"column":56}},"99":{"start":{"line":352,"column":4},"end":{"line":352,"column":35}},"100":{"start":{"line":352,"column":16},"end":{"line":352,"column":35}},"101":{"start":{"line":354,"column":19},"end":{"line":354,"column":70}},"102":{"start":{"line":355,"column":4},"end":{"line":355,"column":53}},"103":{"start":{"line":356,"column":4},"end":{"line":356,"column":18}},"104":{"start":{"line":367,"column":19},"end":{"line":367,"column":56}},"105":{"start":{"line":368,"column":4},"end":{"line":368,"column":35}},"106":{"start":{"line":368,"column":16},"end":{"line":368,"column":35}},"107":{"start":{"line":370,"column":19},"end":{"line":370,"column":67}},"108":{"start":{"line":371,"column":4},"end":{"line":371,"column":53}},"109":{"start":{"line":372,"column":4},"end":{"line":372,"column":18}},"110":{"start":{"line":383,"column":19},"end":{"line":383,"column":56}},"111":{"start":{"line":384,"column":4},"end":{"line":384,"column":35}},"112":{"start":{"line":384,"column":16},"end":{"line":384,"column":35}},"113":{"start":{"line":386,"column":19},"end":{"line":386,"column":68}},"114":{"start":{"line":387,"column":4},"end":{"line":387,"column":53}},"115":{"start":{"line":388,"column":4},"end":{"line":388,"column":18}},"116":{"start":{"line":402,"column":19},"end":{"line":402,"column":56}},"117":{"start":{"line":403,"column":4},"end":{"line":403,"column":35}},"118":{"start":{"line":403,"column":16},"end":{"line":403,"column":35}},"119":{"start":{"line":405,"column":19},"end":{"line":405,"column":73}},"120":{"start":{"line":406,"column":4},"end":{"line":406,"column":53}},"121":{"start":{"line":407,"column":4},"end":{"line":407,"column":18}},"122":{"start":{"line":418,"column":19},"end":{"line":418,"column":56}},"123":{"start":{"line":419,"column":4},"end":{"line":419,"column":35}},"124":{"start":{"line":419,"column":16},"end":{"line":419,"column":35}},"125":{"start":{"line":421,"column":19},"end":{"line":421,"column":78}},"126":{"start":{"line":422,"column":4},"end":{"line":422,"column":53}},"127":{"start":{"line":423,"column":4},"end":{"line":423,"column":18}},"128":{"start":{"line":433,"column":4},"end":{"line":433,"column":62}},"129":{"start":{"line":443,"column":4},"end":{"line":443,"column":57}},"130":{"start":{"line":454,"column":4},"end":{"line":454,"column":61}},"131":{"start":{"line":460,"column":4},"end":{"line":460,"column":50}},"132":{"start":{"line":466,"column":4},"end":{"line":466,"column":48}},"133":{"start":{"line":56,"column":13},"end":{"line":56,"column":32}},"134":{"start":{"line":81,"column":8},"end":{"line":83,"column":null}},"135":{"start":{"line":87,"column":8},"end":{"line":89,"column":null}},"136":{"start":{"line":93,"column":8},"end":{"line":102,"column":null}},"137":{"start":{"line":106,"column":8},"end":{"line":108,"column":null}},"138":{"start":{"line":112,"column":8},"end":{"line":114,"column":null}},"139":{"start":{"line":118,"column":8},"end":{"line":120,"column":null}},"140":{"start":{"line":124,"column":8},"end":{"line":126,"column":null}},"141":{"start":{"line":130,"column":8},"end":{"line":132,"column":null}},"142":{"start":{"line":136,"column":8},"end":{"line":138,"column":null}},"143":{"start":{"line":142,"column":8},"end":{"line":144,"column":null}},"144":{"start":{"line":151,"column":8},"end":{"line":153,"column":null}},"145":{"start":{"line":157,"column":8},"end":{"line":159,"column":null}},"146":{"start":{"line":163,"column":8},"end":{"line":174,"column":null}},"147":{"start":{"line":178,"column":8},"end":{"line":188,"column":null}},"148":{"start":{"line":192,"column":8},"end":{"line":194,"column":null}},"149":{"start":{"line":201,"column":8},"end":{"line":213,"column":null}},"150":{"start":{"line":217,"column":8},"end":{"line":229,"column":null}},"151":{"start":{"line":233,"column":8},"end":{"line":245,"column":null}},"152":{"start":{"line":249,"column":8},"end":{"line":261,"column":null}},"153":{"start":{"line":265,"column":8},"end":{"line":277,"column":null}},"154":{"start":{"line":281,"column":8},"end":{"line":293,"column":null}},"155":{"start":{"line":297,"column":8},"end":{"line":309,"column":null}},"156":{"start":{"line":313,"column":8},"end":{"line":325,"column":null}},"157":{"start":{"line":329,"column":8},"end":{"line":341,"column":null}},"158":{"start":{"line":345,"column":8},"end":{"line":357,"column":null}},"159":{"start":{"line":361,"column":8},"end":{"line":373,"column":null}},"160":{"start":{"line":377,"column":8},"end":{"line":389,"column":null}},"161":{"start":{"line":396,"column":8},"end":{"line":408,"column":null}},"162":{"start":{"line":412,"column":8},"end":{"line":424,"column":null}},"163":{"start":{"line":428,"column":8},"end":{"line":434,"column":null}},"164":{"start":{"line":438,"column":8},"end":{"line":444,"column":null}},"165":{"start":{"line":449,"column":8},"end":{"line":455,"column":null}},"166":{"start":{"line":459,"column":8},"end":{"line":461,"column":null}},"167":{"start":{"line":465,"column":8},"end":{"line":467,"column":null}},"168":{"start":{"line":56,"column":13},"end":{"line":468,"column":null}}},"fnMap":{"0":{"name":"(anonymous_4)","decl":{"start":{"line":57,"column":2},"end":{"line":57,"column":31}},"loc":{"start":{"line":57,"column":65},"end":{"line":57,"column":69}}},"1":{"name":"(anonymous_5)","decl":{"start":{"line":62,"column":10},"end":{"line":62,"column":26}},"loc":{"start":{"line":62,"column":50},"end":{"line":69,"column":3}}},"2":{"name":"(anonymous_6)","decl":{"start":{"line":71,"column":10},"end":{"line":71,"column":24}},"loc":{"start":{"line":71,"column":75},"end":{"line":74,"column":3}}},"3":{"name":"(anonymous_7)","decl":{"start":{"line":81,"column":2},"end":{"line":81,"column":7}},"loc":{"start":{"line":81,"column":55},"end":{"line":83,"column":3}}},"4":{"name":"(anonymous_8)","decl":{"start":{"line":87,"column":2},"end":{"line":87,"column":7}},"loc":{"start":{"line":87,"column":75},"end":{"line":89,"column":3}}},"5":{"name":"(anonymous_9)","decl":{"start":{"line":93,"column":2},"end":{"line":93,"column":7}},"loc":{"start":{"line":96,"column":24},"end":{"line":102,"column":3}}},"6":{"name":"(anonymous_10)","decl":{"start":{"line":106,"column":2},"end":{"line":106,"column":7}},"loc":{"start":{"line":106,"column":90},"end":{"line":108,"column":3}}},"7":{"name":"(anonymous_11)","decl":{"start":{"line":112,"column":2},"end":{"line":112,"column":7}},"loc":{"start":{"line":112,"column":19},"end":{"line":114,"column":3}}},"8":{"name":"(anonymous_12)","decl":{"start":{"line":118,"column":2},"end":{"line":118,"column":7}},"loc":{"start":{"line":118,"column":86},"end":{"line":120,"column":3}}},"9":{"name":"(anonymous_13)","decl":{"start":{"line":124,"column":2},"end":{"line":124,"column":7}},"loc":{"start":{"line":124,"column":78},"end":{"line":126,"column":3}}},"10":{"name":"(anonymous_14)","decl":{"start":{"line":130,"column":2},"end":{"line":130,"column":7}},"loc":{"start":{"line":130,"column":84},"end":{"line":132,"column":3}}},"11":{"name":"(anonymous_15)","decl":{"start":{"line":136,"column":2},"end":{"line":136,"column":7}},"loc":{"start":{"line":136,"column":56},"end":{"line":138,"column":3}}},"12":{"name":"(anonymous_16)","decl":{"start":{"line":142,"column":2},"end":{"line":142,"column":7}},"loc":{"start":{"line":142,"column":80},"end":{"line":144,"column":3}}},"13":{"name":"(anonymous_17)","decl":{"start":{"line":151,"column":2},"end":{"line":151,"column":7}},"loc":{"start":{"line":151,"column":79},"end":{"line":153,"column":3}}},"14":{"name":"(anonymous_18)","decl":{"start":{"line":157,"column":2},"end":{"line":157,"column":7}},"loc":{"start":{"line":157,"column":70},"end":{"line":159,"column":3}}},"15":{"name":"(anonymous_19)","decl":{"start":{"line":163,"column":2},"end":{"line":163,"column":7}},"loc":{"start":{"line":166,"column":55},"end":{"line":174,"column":3}}},"16":{"name":"(anonymous_20)","decl":{"start":{"line":178,"column":2},"end":{"line":178,"column":7}},"loc":{"start":{"line":182,"column":41},"end":{"line":188,"column":3}}},"17":{"name":"(anonymous_21)","decl":{"start":{"line":192,"column":2},"end":{"line":192,"column":7}},"loc":{"start":{"line":192,"column":69},"end":{"line":194,"column":3}}},"18":{"name":"(anonymous_22)","decl":{"start":{"line":201,"column":2},"end":{"line":201,"column":7}},"loc":{"start":{"line":205,"column":55},"end":{"line":213,"column":3}}},"19":{"name":"(anonymous_23)","decl":{"start":{"line":217,"column":2},"end":{"line":217,"column":7}},"loc":{"start":{"line":221,"column":55},"end":{"line":229,"column":3}}},"20":{"name":"(anonymous_24)","decl":{"start":{"line":233,"column":2},"end":{"line":233,"column":7}},"loc":{"start":{"line":237,"column":55},"end":{"line":245,"column":3}}},"21":{"name":"(anonymous_25)","decl":{"start":{"line":249,"column":2},"end":{"line":249,"column":7}},"loc":{"start":{"line":253,"column":55},"end":{"line":261,"column":3}}},"22":{"name":"(anonymous_26)","decl":{"start":{"line":265,"column":2},"end":{"line":265,"column":7}},"loc":{"start":{"line":269,"column":55},"end":{"line":277,"column":3}}},"23":{"name":"(anonymous_27)","decl":{"start":{"line":281,"column":2},"end":{"line":281,"column":7}},"loc":{"start":{"line":285,"column":55},"end":{"line":293,"column":3}}},"24":{"name":"(anonymous_28)","decl":{"start":{"line":297,"column":2},"end":{"line":297,"column":7}},"loc":{"start":{"line":301,"column":55},"end":{"line":309,"column":3}}},"25":{"name":"(anonymous_29)","decl":{"start":{"line":313,"column":2},"end":{"line":313,"column":7}},"loc":{"start":{"line":317,"column":55},"end":{"line":325,"column":3}}},"26":{"name":"(anonymous_30)","decl":{"start":{"line":329,"column":2},"end":{"line":329,"column":7}},"loc":{"start":{"line":333,"column":55},"end":{"line":341,"column":3}}},"27":{"name":"(anonymous_31)","decl":{"start":{"line":345,"column":2},"end":{"line":345,"column":7}},"loc":{"start":{"line":349,"column":55},"end":{"line":357,"column":3}}},"28":{"name":"(anonymous_32)","decl":{"start":{"line":361,"column":2},"end":{"line":361,"column":7}},"loc":{"start":{"line":365,"column":55},"end":{"line":373,"column":3}}},"29":{"name":"(anonymous_33)","decl":{"start":{"line":377,"column":2},"end":{"line":377,"column":7}},"loc":{"start":{"line":381,"column":55},"end":{"line":389,"column":3}}},"30":{"name":"(anonymous_34)","decl":{"start":{"line":396,"column":2},"end":{"line":396,"column":7}},"loc":{"start":{"line":400,"column":55},"end":{"line":408,"column":3}}},"31":{"name":"(anonymous_35)","decl":{"start":{"line":412,"column":2},"end":{"line":412,"column":7}},"loc":{"start":{"line":416,"column":55},"end":{"line":424,"column":3}}},"32":{"name":"(anonymous_36)","decl":{"start":{"line":428,"column":2},"end":{"line":428,"column":7}},"loc":{"start":{"line":431,"column":33},"end":{"line":434,"column":3}}},"33":{"name":"(anonymous_37)","decl":{"start":{"line":438,"column":2},"end":{"line":438,"column":7}},"loc":{"start":{"line":441,"column":33},"end":{"line":444,"column":3}}},"34":{"name":"(anonymous_38)","decl":{"start":{"line":449,"column":2},"end":{"line":449,"column":7}},"loc":{"start":{"line":452,"column":33},"end":{"line":455,"column":3}}},"35":{"name":"(anonymous_39)","decl":{"start":{"line":459,"column":2},"end":{"line":459,"column":7}},"loc":{"start":{"line":459,"column":44},"end":{"line":461,"column":3}}},"36":{"name":"(anonymous_40)","decl":{"start":{"line":465,"column":2},"end":{"line":465,"column":7}},"loc":{"start":{"line":465,"column":42},"end":{"line":467,"column":3}}}},"branchMap":{"0":{"loc":{"start":{"line":63,"column":4},"end":{"line":63,"column":26}},"type":"if","locations":[{"start":{"line":63,"column":4},"end":{"line":63,"column":26}}]},"1":{"loc":{"start":{"line":65,"column":4},"end":{"line":67,"column":5}},"type":"if","locations":[{"start":{"line":65,"column":4},"end":{"line":67,"column":5}}]},"2":{"loc":{"start":{"line":65,"column":8},"end":{"line":65,"column":47}},"type":"binary-expr","locations":[{"start":{"line":65,"column":8},"end":{"line":65,"column":14}},{"start":{"line":65,"column":18},"end":{"line":65,"column":47}}]},"3":{"loc":{"start":{"line":72,"column":4},"end":{"line":72,"column":21}},"type":"if","locations":[{"start":{"line":72,"column":4},"end":{"line":72,"column":21}}]},"4":{"loc":{"start":{"line":169,"column":4},"end":{"line":169,"column":35}},"type":"if","locations":[{"start":{"line":169,"column":4},"end":{"line":169,"column":35}}]},"5":{"loc":{"start":{"line":184,"column":4},"end":{"line":186,"column":5}},"type":"if","locations":[{"start":{"line":184,"column":4},"end":{"line":186,"column":5}}]},"6":{"loc":{"start":{"line":184,"column":8},"end":{"line":184,"column":35}},"type":"binary-expr","locations":[{"start":{"line":184,"column":8},"end":{"line":184,"column":15}},{"start":{"line":184,"column":19},"end":{"line":184,"column":35}}]},"7":{"loc":{"start":{"line":208,"column":4},"end":{"line":208,"column":35}},"type":"if","locations":[{"start":{"line":208,"column":4},"end":{"line":208,"column":35}}]},"8":{"loc":{"start":{"line":224,"column":4},"end":{"line":224,"column":35}},"type":"if","locations":[{"start":{"line":224,"column":4},"end":{"line":224,"column":35}}]},"9":{"loc":{"start":{"line":240,"column":4},"end":{"line":240,"column":35}},"type":"if","locations":[{"start":{"line":240,"column":4},"end":{"line":240,"column":35}}]},"10":{"loc":{"start":{"line":256,"column":4},"end":{"line":256,"column":35}},"type":"if","locations":[{"start":{"line":256,"column":4},"end":{"line":256,"column":35}}]},"11":{"loc":{"start":{"line":272,"column":4},"end":{"line":272,"column":35}},"type":"if","locations":[{"start":{"line":272,"column":4},"end":{"line":272,"column":35}}]},"12":{"loc":{"start":{"line":288,"column":4},"end":{"line":288,"column":35}},"type":"if","locations":[{"start":{"line":288,"column":4},"end":{"line":288,"column":35}}]},"13":{"loc":{"start":{"line":304,"column":4},"end":{"line":304,"column":35}},"type":"if","locations":[{"start":{"line":304,"column":4},"end":{"line":304,"column":35}}]},"14":{"loc":{"start":{"line":320,"column":4},"end":{"line":320,"column":35}},"type":"if","locations":[{"start":{"line":320,"column":4},"end":{"line":320,"column":35}}]},"15":{"loc":{"start":{"line":336,"column":4},"end":{"line":336,"column":35}},"type":"if","locations":[{"start":{"line":336,"column":4},"end":{"line":336,"column":35}}]},"16":{"loc":{"start":{"line":352,"column":4},"end":{"line":352,"column":35}},"type":"if","locations":[{"start":{"line":352,"column":4},"end":{"line":352,"column":35}}]},"17":{"loc":{"start":{"line":368,"column":4},"end":{"line":368,"column":35}},"type":"if","locations":[{"start":{"line":368,"column":4},"end":{"line":368,"column":35}}]},"18":{"loc":{"start":{"line":384,"column":4},"end":{"line":384,"column":35}},"type":"if","locations":[{"start":{"line":384,"column":4},"end":{"line":384,"column":35}}]},"19":{"loc":{"start":{"line":403,"column":4},"end":{"line":403,"column":35}},"type":"if","locations":[{"start":{"line":403,"column":4},"end":{"line":403,"column":35}}]},"20":{"loc":{"start":{"line":419,"column":4},"end":{"line":419,"column":35}},"type":"if","locations":[{"start":{"line":419,"column":4},"end":{"line":419,"column":35}}]},"21":{"loc":{"start":{"line":94,"column":20},"end":{"line":94,"column":null}},"type":"cond-expr","locations":[{"start":{"line":94,"column":36},"end":{"line":94,"column":null}},{"start":{"line":94,"column":36},"end":{"line":94,"column":null}}]},"22":{"loc":{"start":{"line":94,"column":20},"end":{"line":94,"column":36}},"type":"binary-expr","locations":[{"start":{"line":94,"column":20},"end":{"line":94,"column":null}},{"start":{"line":94,"column":20},"end":{"line":94,"column":36}}]},"23":{"loc":{"start":{"line":106,"column":37},"end":{"line":106,"column":62}},"type":"cond-expr","locations":[{"start":{"line":106,"column":59},"end":{"line":106,"column":62}},{"start":{"line":106,"column":59},"end":{"line":106,"column":62}}]},"24":{"loc":{"start":{"line":106,"column":37},"end":{"line":106,"column":59}},"type":"binary-expr","locations":[{"start":{"line":106,"column":37},"end":{"line":106,"column":62}},{"start":{"line":106,"column":37},"end":{"line":106,"column":59}}]},"25":{"loc":{"start":{"line":118,"column":36},"end":{"line":118,"column":58}},"type":"cond-expr","locations":[{"start":{"line":118,"column":55},"end":{"line":118,"column":58}},{"start":{"line":118,"column":55},"end":{"line":118,"column":58}}]},"26":{"loc":{"start":{"line":118,"column":36},"end":{"line":118,"column":55}},"type":"binary-expr","locations":[{"start":{"line":118,"column":36},"end":{"line":118,"column":58}},{"start":{"line":118,"column":36},"end":{"line":118,"column":55}}]},"27":{"loc":{"start":{"line":142,"column":34},"end":{"line":142,"column":52}},"type":"cond-expr","locations":[{"start":{"line":142,"column":49},"end":{"line":142,"column":52}},{"start":{"line":142,"column":49},"end":{"line":142,"column":52}}]},"28":{"loc":{"start":{"line":142,"column":34},"end":{"line":142,"column":49}},"type":"binary-expr","locations":[{"start":{"line":142,"column":34},"end":{"line":142,"column":52}},{"start":{"line":142,"column":34},"end":{"line":142,"column":49}}]},"29":{"loc":{"start":{"line":151,"column":32},"end":{"line":151,"column":51}},"type":"cond-expr","locations":[{"start":{"line":151,"column":48},"end":{"line":151,"column":51}},{"start":{"line":151,"column":48},"end":{"line":151,"column":51}}]},"30":{"loc":{"start":{"line":151,"column":32},"end":{"line":151,"column":48}},"type":"binary-expr","locations":[{"start":{"line":151,"column":32},"end":{"line":151,"column":51}},{"start":{"line":151,"column":32},"end":{"line":151,"column":48}}]},"31":{"loc":{"start":{"line":164,"column":17},"end":{"line":164,"column":null}},"type":"cond-expr","locations":[{"start":{"line":164,"column":34},"end":{"line":164,"column":null}},{"start":{"line":164,"column":34},"end":{"line":164,"column":null}}]},"32":{"loc":{"start":{"line":164,"column":17},"end":{"line":164,"column":34}},"type":"binary-expr","locations":[{"start":{"line":164,"column":17},"end":{"line":164,"column":null}},{"start":{"line":164,"column":17},"end":{"line":164,"column":34}}]},"33":{"loc":{"start":{"line":180,"column":17},"end":{"line":180,"column":null}},"type":"cond-expr","locations":[{"start":{"line":180,"column":34},"end":{"line":180,"column":null}},{"start":{"line":180,"column":34},"end":{"line":180,"column":null}}]},"34":{"loc":{"start":{"line":180,"column":17},"end":{"line":180,"column":34}},"type":"binary-expr","locations":[{"start":{"line":180,"column":17},"end":{"line":180,"column":null}},{"start":{"line":180,"column":17},"end":{"line":180,"column":34}}]},"35":{"loc":{"start":{"line":203,"column":17},"end":{"line":203,"column":null}},"type":"cond-expr","locations":[{"start":{"line":203,"column":36},"end":{"line":203,"column":null}},{"start":{"line":203,"column":36},"end":{"line":203,"column":null}}]},"36":{"loc":{"start":{"line":203,"column":17},"end":{"line":203,"column":36}},"type":"binary-expr","locations":[{"start":{"line":203,"column":17},"end":{"line":203,"column":null}},{"start":{"line":203,"column":17},"end":{"line":203,"column":36}}]},"37":{"loc":{"start":{"line":219,"column":17},"end":{"line":219,"column":null}},"type":"cond-expr","locations":[{"start":{"line":219,"column":35},"end":{"line":219,"column":null}},{"start":{"line":219,"column":35},"end":{"line":219,"column":null}}]},"38":{"loc":{"start":{"line":219,"column":17},"end":{"line":219,"column":35}},"type":"binary-expr","locations":[{"start":{"line":219,"column":17},"end":{"line":219,"column":null}},{"start":{"line":219,"column":17},"end":{"line":219,"column":35}}]},"39":{"loc":{"start":{"line":235,"column":17},"end":{"line":235,"column":null}},"type":"cond-expr","locations":[{"start":{"line":235,"column":35},"end":{"line":235,"column":null}},{"start":{"line":235,"column":35},"end":{"line":235,"column":null}}]},"40":{"loc":{"start":{"line":235,"column":17},"end":{"line":235,"column":35}},"type":"binary-expr","locations":[{"start":{"line":235,"column":17},"end":{"line":235,"column":null}},{"start":{"line":235,"column":17},"end":{"line":235,"column":35}}]},"41":{"loc":{"start":{"line":251,"column":17},"end":{"line":251,"column":null}},"type":"cond-expr","locations":[{"start":{"line":251,"column":34},"end":{"line":251,"column":null}},{"start":{"line":251,"column":34},"end":{"line":251,"column":null}}]},"42":{"loc":{"start":{"line":251,"column":17},"end":{"line":251,"column":34}},"type":"binary-expr","locations":[{"start":{"line":251,"column":17},"end":{"line":251,"column":null}},{"start":{"line":251,"column":17},"end":{"line":251,"column":34}}]},"43":{"loc":{"start":{"line":267,"column":17},"end":{"line":267,"column":null}},"type":"cond-expr","locations":[{"start":{"line":267,"column":34},"end":{"line":267,"column":null}},{"start":{"line":267,"column":34},"end":{"line":267,"column":null}}]},"44":{"loc":{"start":{"line":267,"column":17},"end":{"line":267,"column":34}},"type":"binary-expr","locations":[{"start":{"line":267,"column":17},"end":{"line":267,"column":null}},{"start":{"line":267,"column":17},"end":{"line":267,"column":34}}]},"45":{"loc":{"start":{"line":283,"column":17},"end":{"line":283,"column":null}},"type":"cond-expr","locations":[{"start":{"line":283,"column":32},"end":{"line":283,"column":null}},{"start":{"line":283,"column":32},"end":{"line":283,"column":null}}]},"46":{"loc":{"start":{"line":283,"column":17},"end":{"line":283,"column":32}},"type":"binary-expr","locations":[{"start":{"line":283,"column":17},"end":{"line":283,"column":null}},{"start":{"line":283,"column":17},"end":{"line":283,"column":32}}]},"47":{"loc":{"start":{"line":299,"column":17},"end":{"line":299,"column":null}},"type":"cond-expr","locations":[{"start":{"line":299,"column":33},"end":{"line":299,"column":null}},{"start":{"line":299,"column":33},"end":{"line":299,"column":null}}]},"48":{"loc":{"start":{"line":299,"column":17},"end":{"line":299,"column":33}},"type":"binary-expr","locations":[{"start":{"line":299,"column":17},"end":{"line":299,"column":null}},{"start":{"line":299,"column":17},"end":{"line":299,"column":33}}]},"49":{"loc":{"start":{"line":315,"column":17},"end":{"line":315,"column":null}},"type":"cond-expr","locations":[{"start":{"line":315,"column":35},"end":{"line":315,"column":null}},{"start":{"line":315,"column":35},"end":{"line":315,"column":null}}]},"50":{"loc":{"start":{"line":315,"column":17},"end":{"line":315,"column":35}},"type":"binary-expr","locations":[{"start":{"line":315,"column":17},"end":{"line":315,"column":null}},{"start":{"line":315,"column":17},"end":{"line":315,"column":35}}]},"51":{"loc":{"start":{"line":331,"column":17},"end":{"line":331,"column":null}},"type":"cond-expr","locations":[{"start":{"line":331,"column":33},"end":{"line":331,"column":null}},{"start":{"line":331,"column":33},"end":{"line":331,"column":null}}]},"52":{"loc":{"start":{"line":331,"column":17},"end":{"line":331,"column":33}},"type":"binary-expr","locations":[{"start":{"line":331,"column":17},"end":{"line":331,"column":null}},{"start":{"line":331,"column":17},"end":{"line":331,"column":33}}]},"53":{"loc":{"start":{"line":347,"column":17},"end":{"line":347,"column":null}},"type":"cond-expr","locations":[{"start":{"line":347,"column":28},"end":{"line":347,"column":null}},{"start":{"line":347,"column":28},"end":{"line":347,"column":null}}]},"54":{"loc":{"start":{"line":347,"column":17},"end":{"line":347,"column":28}},"type":"binary-expr","locations":[{"start":{"line":347,"column":17},"end":{"line":347,"column":null}},{"start":{"line":347,"column":17},"end":{"line":347,"column":28}}]},"55":{"loc":{"start":{"line":363,"column":17},"end":{"line":363,"column":null}},"type":"cond-expr","locations":[{"start":{"line":363,"column":33},"end":{"line":363,"column":null}},{"start":{"line":363,"column":33},"end":{"line":363,"column":null}}]},"56":{"loc":{"start":{"line":363,"column":17},"end":{"line":363,"column":33}},"type":"binary-expr","locations":[{"start":{"line":363,"column":17},"end":{"line":363,"column":null}},{"start":{"line":363,"column":17},"end":{"line":363,"column":33}}]},"57":{"loc":{"start":{"line":379,"column":17},"end":{"line":379,"column":null}},"type":"cond-expr","locations":[{"start":{"line":379,"column":34},"end":{"line":379,"column":null}},{"start":{"line":379,"column":34},"end":{"line":379,"column":null}}]},"58":{"loc":{"start":{"line":379,"column":17},"end":{"line":379,"column":34}},"type":"binary-expr","locations":[{"start":{"line":379,"column":17},"end":{"line":379,"column":null}},{"start":{"line":379,"column":17},"end":{"line":379,"column":34}}]},"59":{"loc":{"start":{"line":398,"column":17},"end":{"line":398,"column":null}},"type":"cond-expr","locations":[{"start":{"line":398,"column":42},"end":{"line":398,"column":null}},{"start":{"line":398,"column":42},"end":{"line":398,"column":null}}]},"60":{"loc":{"start":{"line":398,"column":17},"end":{"line":398,"column":42}},"type":"binary-expr","locations":[{"start":{"line":398,"column":17},"end":{"line":398,"column":null}},{"start":{"line":398,"column":17},"end":{"line":398,"column":42}}]},"61":{"loc":{"start":{"line":414,"column":17},"end":{"line":414,"column":null}},"type":"cond-expr","locations":[{"start":{"line":414,"column":36},"end":{"line":414,"column":null}},{"start":{"line":414,"column":36},"end":{"line":414,"column":null}}]},"62":{"loc":{"start":{"line":414,"column":17},"end":{"line":414,"column":36}},"type":"binary-expr","locations":[{"start":{"line":414,"column":17},"end":{"line":414,"column":null}},{"start":{"line":414,"column":17},"end":{"line":414,"column":36}}]},"63":{"loc":{"start":{"line":430,"column":17},"end":{"line":430,"column":null}},"type":"cond-expr","locations":[{"start":{"line":430,"column":41},"end":{"line":430,"column":null}},{"start":{"line":430,"column":41},"end":{"line":430,"column":null}}]},"64":{"loc":{"start":{"line":430,"column":17},"end":{"line":430,"column":41}},"type":"binary-expr","locations":[{"start":{"line":430,"column":17},"end":{"line":430,"column":null}},{"start":{"line":430,"column":17},"end":{"line":430,"column":41}}]},"65":{"loc":{"start":{"line":440,"column":17},"end":{"line":440,"column":null}},"type":"cond-expr","locations":[{"start":{"line":440,"column":36},"end":{"line":440,"column":null}},{"start":{"line":440,"column":36},"end":{"line":440,"column":null}}]},"66":{"loc":{"start":{"line":440,"column":17},"end":{"line":440,"column":36}},"type":"binary-expr","locations":[{"start":{"line":440,"column":17},"end":{"line":440,"column":null}},{"start":{"line":440,"column":17},"end":{"line":440,"column":36}}]},"67":{"loc":{"start":{"line":451,"column":17},"end":{"line":451,"column":null}},"type":"cond-expr","locations":[{"start":{"line":451,"column":40},"end":{"line":451,"column":null}},{"start":{"line":451,"column":40},"end":{"line":451,"column":null}}]},"68":{"loc":{"start":{"line":451,"column":17},"end":{"line":451,"column":40}},"type":"binary-expr","locations":[{"start":{"line":451,"column":17},"end":{"line":451,"column":null}},{"start":{"line":451,"column":17},"end":{"line":451,"column":40}}]},"69":{"loc":{"start":{"line":57,"column":49},"end":{"line":57,"column":68}},"type":"cond-expr","locations":[{"start":{"line":57,"column":65},"end":{"line":57,"column":68}},{"start":{"line":57,"column":65},"end":{"line":57,"column":68}}]},"70":{"loc":{"start":{"line":57,"column":49},"end":{"line":57,"column":65}},"type":"binary-expr","locations":[{"start":{"line":57,"column":49},"end":{"line":57,"column":68}},{"start":{"line":57,"column":49},"end":{"line":57,"column":65}}]}},"s":{"0":2,"1":2,"2":2,"3":2,"4":2,"5":2,"6":2,"7":2,"8":2,"9":2,"10":80,"11":78,"12":2,"13":2,"14":1,"15":1,"16":60,"17":59,"18":1,"19":4,"20":2,"21":1,"22":1,"23":1,"24":1,"25":3,"26":1,"27":2,"28":1,"29":0,"30":1,"31":1,"32":9,"33":5,"34":42,"35":42,"36":1,"37":41,"38":29,"39":29,"40":9,"41":0,"42":9,"43":3,"44":5,"45":5,"46":0,"47":5,"48":4,"49":4,"50":6,"51":6,"52":0,"53":6,"54":6,"55":6,"56":6,"57":6,"58":0,"59":6,"60":5,"61":5,"62":1,"63":1,"64":0,"65":1,"66":1,"67":1,"68":0,"69":0,"70":0,"71":0,"72":0,"73":0,"74":3,"75":3,"76":0,"77":3,"78":3,"79":3,"80":2,"81":2,"82":0,"83":2,"84":1,"85":1,"86":1,"87":1,"88":0,"89":1,"90":1,"91":1,"92":3,"93":3,"94":0,"95":3,"96":1,"97":1,"98":1,"99":1,"100":0,"101":1,"102":1,"103":1,"104":2,"105":2,"106":0,"107":2,"108":2,"109":2,"110":1,"111":1,"112":0,"113":1,"114":1,"115":1,"116":6,"117":6,"118":0,"119":6,"120":4,"121":4,"122":1,"123":1,"124":0,"125":1,"126":1,"127":1,"128":0,"129":1,"130":21,"131":2,"132":2,"133":2,"134":2,"135":2,"136":2,"137":2,"138":2,"139":2,"140":2,"141":2,"142":2,"143":2,"144":2,"145":2,"146":2,"147":2,"148":2,"149":2,"150":2,"151":2,"152":2,"153":2,"154":2,"155":2,"156":2,"157":2,"158":2,"159":2,"160":2,"161":2,"162":2,"163":2,"164":2,"165":2,"166":2,"167":2,"168":2},"f":{"0":2,"1":80,"2":60,"3":4,"4":2,"5":1,"6":3,"7":1,"8":2,"9":1,"10":0,"11":1,"12":1,"13":9,"14":5,"15":42,"16":9,"17":3,"18":5,"19":6,"20":6,"21":1,"22":0,"23":3,"24":2,"25":1,"26":3,"27":1,"28":2,"29":1,"30":6,"31":1,"32":0,"33":1,"34":21,"35":2,"36":2},"b":{"0":[78],"1":[1],"2":[2,1],"3":[59],"4":[1],"5":[0],"6":[9,0],"7":[0],"8":[0],"9":[0],"10":[0],"11":[0],"12":[0],"13":[0],"14":[0],"15":[0],"16":[0],"17":[0],"18":[0],"19":[0],"20":[0],"21":[2,0],"22":[2,2],"23":[2,0],"24":[2,2],"25":[2,0],"26":[2,2],"27":[2,0],"28":[2,2],"29":[2,0],"30":[2,2],"31":[2,0],"32":[2,2],"33":[2,0],"34":[2,2],"35":[2,0],"36":[2,2],"37":[2,0],"38":[2,2],"39":[2,0],"40":[2,2],"41":[2,0],"42":[2,2],"43":[2,0],"44":[2,2],"45":[2,0],"46":[2,2],"47":[2,0],"48":[2,2],"49":[2,0],"50":[2,2],"51":[2,0],"52":[2,2],"53":[2,0],"54":[2,2],"55":[2,0],"56":[2,2],"57":[2,0],"58":[2,2],"59":[2,0],"60":[2,2],"61":[2,0],"62":[2,2],"63":[2,0],"64":[2,2],"65":[2,0],"66":[2,2],"67":[2,0],"68":[2,2],"69":[2,0],"70":[2,2]}}
,"/home/dheerajsingh/Desktop/arihant-bos/apps/api/src/modules/proposals/proposals.dto.ts": {"path":"/home/dheerajsingh/Desktop/arihant-bos/apps/api/src/modules/proposals/proposals.dto.ts","statementMap":{"0":{"start":{"line":1,"column":0},"end":{"line":1,"column":null}},"1":{"start":{"line":15,"column":0},"end":{"line":15,"column":52}},"2":{"start":{"line":17,"column":21},"end":{"line":17,"column":100}},"3":{"start":{"line":19,"column":0},"end":{"line":19,"column":13}},"4":{"start":{"line":22,"column":2},"end":{"line":22,"column":null}},"5":{"start":{"line":26,"column":2},"end":{"line":26,"column":null}},"6":{"start":{"line":29,"column":0},"end":{"line":29,"column":13}},"7":{"start":{"line":32,"column":2},"end":{"line":32,"column":null}},"8":{"start":{"line":36,"column":2},"end":{"line":36,"column":null}},"9":{"start":{"line":40,"column":2},"end":{"line":40,"column":null}},"10":{"start":{"line":46,"column":2},"end":{"line":46,"column":null}},"11":{"start":{"line":44,"column":14},"end":{"line":44,"column":36}},"12":{"start":{"line":50,"column":2},"end":{"line":50,"column":null}},"13":{"start":{"line":54,"column":2},"end":{"line":54,"column":null}},"14":{"start":{"line":58,"column":2},"end":{"line":58,"column":null}},"15":{"start":{"line":62,"column":2},"end":{"line":62,"column":null}},"16":{"start":{"line":66,"column":2},"end":{"line":66,"column":null}},"17":{"start":{"line":70,"column":2},"end":{"line":70,"column":null}},"18":{"start":{"line":74,"column":2},"end":{"line":74,"column":null}},"19":{"start":{"line":78,"column":2},"end":{"line":78,"column":null}},"20":{"start":{"line":82,"column":2},"end":{"line":82,"column":null}},"21":{"start":{"line":86,"column":2},"end":{"line":86,"column":null}},"22":{"start":{"line":90,"column":2},"end":{"line":90,"column":null}},"23":{"start":{"line":94,"column":2},"end":{"line":94,"column":null}},"24":{"start":{"line":98,"column":2},"end":{"line":98,"column":null}},"25":{"start":{"line":102,"column":2},"end":{"line":102,"column":null}},"26":{"start":{"line":106,"column":2},"end":{"line":106,"column":null}},"27":{"start":{"line":110,"column":2},"end":{"line":110,"column":null}},"28":{"start":{"line":114,"column":2},"end":{"line":114,"column":null}},"29":{"start":{"line":118,"column":2},"end":{"line":118,"column":null}},"30":{"start":{"line":123,"column":2},"end":{"line":123,"column":null}},"31":{"start":{"line":127,"column":2},"end":{"line":127,"column":null}},"32":{"start":{"line":131,"column":2},"end":{"line":131,"column":null}},"33":{"start":{"line":134,"column":0},"end":{"line":134,"column":13}},"34":{"start":{"line":137,"column":2},"end":{"line":137,"column":null}},"35":{"start":{"line":141,"column":2},"end":{"line":141,"column":null}},"36":{"start":{"line":145,"column":2},"end":{"line":145,"column":null}},"37":{"start":{"line":151,"column":2},"end":{"line":151,"column":null}},"38":{"start":{"line":149,"column":14},"end":{"line":149,"column":36}},"39":{"start":{"line":155,"column":2},"end":{"line":155,"column":null}},"40":{"start":{"line":159,"column":2},"end":{"line":159,"column":null}},"41":{"start":{"line":163,"column":2},"end":{"line":163,"column":null}},"42":{"start":{"line":167,"column":2},"end":{"line":167,"column":null}},"43":{"start":{"line":171,"column":2},"end":{"line":171,"column":null}},"44":{"start":{"line":175,"column":2},"end":{"line":175,"column":null}},"45":{"start":{"line":179,"column":2},"end":{"line":179,"column":null}},"46":{"start":{"line":183,"column":2},"end":{"line":183,"column":null}},"47":{"start":{"line":187,"column":2},"end":{"line":187,"column":null}},"48":{"start":{"line":191,"column":2},"end":{"line":191,"column":null}},"49":{"start":{"line":195,"column":2},"end":{"line":195,"column":null}},"50":{"start":{"line":200,"column":2},"end":{"line":200,"column":null}},"51":{"start":{"line":204,"column":2},"end":{"line":204,"column":null}},"52":{"start":{"line":207,"column":0},"end":{"line":207,"column":13}},"53":{"start":{"line":210,"column":2},"end":{"line":210,"column":null}},"54":{"start":{"line":213,"column":0},"end":{"line":213,"column":13}},"55":{"start":{"line":216,"column":2},"end":{"line":216,"column":null}},"56":{"start":{"line":221,"column":2},"end":{"line":221,"column":null}},"57":{"start":{"line":224,"column":0},"end":{"line":224,"column":13}},"58":{"start":{"line":227,"column":2},"end":{"line":227,"column":null}},"59":{"start":{"line":230,"column":0},"end":{"line":230,"column":13}},"60":{"start":{"line":233,"column":2},"end":{"line":233,"column":null}},"61":{"start":{"line":236,"column":0},"end":{"line":236,"column":13}},"62":{"start":{"line":239,"column":2},"end":{"line":239,"column":null}},"63":{"start":{"line":242,"column":0},"end":{"line":242,"column":13}},"64":{"start":{"line":245,"column":2},"end":{"line":245,"column":null}},"65":{"start":{"line":250,"column":2},"end":{"line":250,"column":null}},"66":{"start":{"line":254,"column":2},"end":{"line":254,"column":null}},"67":{"start":{"line":258,"column":2},"end":{"line":258,"column":null}},"68":{"start":{"line":263,"column":2},"end":{"line":263,"column":null}},"69":{"start":{"line":267,"column":2},"end":{"line":267,"column":null}},"70":{"start":{"line":270,"column":0},"end":{"line":270,"column":13}},"71":{"start":{"line":273,"column":2},"end":{"line":273,"column":null}},"72":{"start":{"line":277,"column":2},"end":{"line":277,"column":null}},"73":{"start":{"line":282,"column":2},"end":{"line":282,"column":null}},"74":{"start":{"line":286,"column":2},"end":{"line":286,"column":null}},"75":{"start":{"line":290,"column":2},"end":{"line":290,"column":null}},"76":{"start":{"line":295,"column":2},"end":{"line":295,"column":null}},"77":{"start":{"line":298,"column":0},"end":{"line":298,"column":13}},"78":{"start":{"line":301,"column":2},"end":{"line":301,"column":null}},"79":{"start":{"line":305,"column":2},"end":{"line":305,"column":null}},"80":{"start":{"line":308,"column":0},"end":{"line":308,"column":13}},"81":{"start":{"line":311,"column":2},"end":{"line":311,"column":null}},"82":{"start":{"line":315,"column":2},"end":{"line":315,"column":null}},"83":{"start":{"line":319,"column":2},"end":{"line":319,"column":null}},"84":{"start":{"line":323,"column":2},"end":{"line":323,"column":null}},"85":{"start":{"line":326,"column":0},"end":{"line":326,"column":13}},"86":{"start":{"line":329,"column":2},"end":{"line":329,"column":null}},"87":{"start":{"line":333,"column":2},"end":{"line":333,"column":null}},"88":{"start":{"line":337,"column":2},"end":{"line":337,"column":null}},"89":{"start":{"line":341,"column":2},"end":{"line":341,"column":null}},"90":{"start":{"line":345,"column":2},"end":{"line":345,"column":null}},"91":{"start":{"line":348,"column":0},"end":{"line":348,"column":13}},"92":{"start":{"line":351,"column":2},"end":{"line":351,"column":null}},"93":{"start":{"line":355,"column":2},"end":{"line":355,"column":null}},"94":{"start":{"line":359,"column":2},"end":{"line":359,"column":null}},"95":{"start":{"line":362,"column":0},"end":{"line":362,"column":13}},"96":{"start":{"line":365,"column":2},"end":{"line":365,"column":null}},"97":{"start":{"line":368,"column":0},"end":{"line":368,"column":13}},"98":{"start":{"line":371,"column":2},"end":{"line":371,"column":null}},"99":{"start":{"line":375,"column":2},"end":{"line":375,"column":null}},"100":{"start":{"line":379,"column":2},"end":{"line":379,"column":null}},"101":{"start":{"line":385,"column":2},"end":{"line":385,"column":null}},"102":{"start":{"line":389,"column":2},"end":{"line":389,"column":null}},"103":{"start":{"line":393,"column":2},"end":{"line":393,"column":null}},"104":{"start":{"line":397,"column":2},"end":{"line":397,"column":null}},"105":{"start":{"line":403,"column":2},"end":{"line":403,"column":null}},"106":{"start":{"line":407,"column":2},"end":{"line":407,"column":null}},"107":{"start":{"line":411,"column":2},"end":{"line":411,"column":null}},"108":{"start":{"line":415,"column":2},"end":{"line":415,"column":null}},"109":{"start":{"line":419,"column":2},"end":{"line":419,"column":null}},"110":{"start":{"line":423,"column":2},"end":{"line":423,"column":null}},"111":{"start":{"line":428,"column":2},"end":{"line":428,"column":null}},"112":{"start":{"line":426,"column":14},"end":{"line":426,"column":30}},"113":{"start":{"line":433,"column":2},"end":{"line":433,"column":null}},"114":{"start":{"line":431,"column":14},"end":{"line":431,"column":25}},"115":{"start":{"line":438,"column":2},"end":{"line":438,"column":null}},"116":{"start":{"line":436,"column":14},"end":{"line":436,"column":30}},"117":{"start":{"line":441,"column":0},"end":{"line":441,"column":13}},"118":{"start":{"line":444,"column":2},"end":{"line":444,"column":null}},"119":{"start":{"line":448,"column":2},"end":{"line":448,"column":null}},"120":{"start":{"line":451,"column":0},"end":{"line":451,"column":13}},"121":{"start":{"line":454,"column":2},"end":{"line":454,"column":null}},"122":{"start":{"line":459,"column":2},"end":{"line":459,"column":null}},"123":{"start":{"line":464,"column":2},"end":{"line":464,"column":null}},"124":{"start":{"line":467,"column":0},"end":{"line":467,"column":13}},"125":{"start":{"line":470,"column":2},"end":{"line":470,"column":null}},"126":{"start":{"line":474,"column":2},"end":{"line":474,"column":null}},"127":{"start":{"line":478,"column":2},"end":{"line":478,"column":null}},"128":{"start":{"line":481,"column":0},"end":{"line":481,"column":13}},"129":{"start":{"line":484,"column":2},"end":{"line":484,"column":null}},"130":{"start":{"line":488,"column":2},"end":{"line":488,"column":null}},"131":{"start":{"line":492,"column":2},"end":{"line":492,"column":null}},"132":{"start":{"line":496,"column":2},"end":{"line":496,"column":null}},"133":{"start":{"line":499,"column":0},"end":{"line":499,"column":13}},"134":{"start":{"line":502,"column":2},"end":{"line":502,"column":null}},"135":{"start":{"line":506,"column":2},"end":{"line":506,"column":null}},"136":{"start":{"line":510,"column":2},"end":{"line":510,"column":null}},"137":{"start":{"line":514,"column":2},"end":{"line":514,"column":null}},"138":{"start":{"line":518,"column":2},"end":{"line":518,"column":null}},"139":{"start":{"line":522,"column":2},"end":{"line":522,"column":null}},"140":{"start":{"line":526,"column":2},"end":{"line":526,"column":null}},"141":{"start":{"line":530,"column":2},"end":{"line":530,"column":null}},"142":{"start":{"line":538,"column":18},"end":{"line":538,"column":19}},"143":{"start":{"line":544,"column":19},"end":{"line":544,"column":21}},"144":{"start":{"line":676,"column":21},"end":{"line":676,"column":39}},"145":{"start":{"line":680,"column":49},"end":{"line":680,"column":55}},"146":{"start":{"line":533,"column":0},"end":{"line":533,"column":13}},"147":{"start":{"line":538,"column":2},"end":{"line":538,"column":null}},"148":{"start":{"line":534,"column":14},"end":{"line":534,"column":20}},"149":{"start":{"line":544,"column":2},"end":{"line":544,"column":null}},"150":{"start":{"line":540,"column":14},"end":{"line":540,"column":20}},"151":{"start":{"line":548,"column":2},"end":{"line":548,"column":null}},"152":{"start":{"line":552,"column":2},"end":{"line":552,"column":null}},"153":{"start":{"line":556,"column":2},"end":{"line":556,"column":null}},"154":{"start":{"line":560,"column":2},"end":{"line":560,"column":null}},"155":{"start":{"line":564,"column":2},"end":{"line":564,"column":null}},"156":{"start":{"line":568,"column":2},"end":{"line":568,"column":null}},"157":{"start":{"line":572,"column":2},"end":{"line":572,"column":null}},"158":{"start":{"line":576,"column":2},"end":{"line":576,"column":null}},"159":{"start":{"line":580,"column":2},"end":{"line":580,"column":null}},"160":{"start":{"line":584,"column":2},"end":{"line":584,"column":null}},"161":{"start":{"line":588,"column":2},"end":{"line":588,"column":null}},"162":{"start":{"line":592,"column":2},"end":{"line":592,"column":null}},"163":{"start":{"line":596,"column":2},"end":{"line":596,"column":null}},"164":{"start":{"line":600,"column":2},"end":{"line":600,"column":null}},"165":{"start":{"line":604,"column":2},"end":{"line":604,"column":null}},"166":{"start":{"line":608,"column":2},"end":{"line":608,"column":null}},"167":{"start":{"line":612,"column":2},"end":{"line":612,"column":null}},"168":{"start":{"line":616,"column":2},"end":{"line":616,"column":null}},"169":{"start":{"line":620,"column":2},"end":{"line":620,"column":null}},"170":{"start":{"line":624,"column":2},"end":{"line":624,"column":null}},"171":{"start":{"line":628,"column":2},"end":{"line":628,"column":null}},"172":{"start":{"line":632,"column":2},"end":{"line":632,"column":null}},"173":{"start":{"line":636,"column":2},"end":{"line":636,"column":null}},"174":{"start":{"line":640,"column":2},"end":{"line":640,"column":null}},"175":{"start":{"line":644,"column":2},"end":{"line":644,"column":null}},"176":{"start":{"line":648,"column":2},"end":{"line":648,"column":null}},"177":{"start":{"line":652,"column":2},"end":{"line":652,"column":null}},"178":{"start":{"line":656,"column":2},"end":{"line":656,"column":null}},"179":{"start":{"line":660,"column":2},"end":{"line":660,"column":null}},"180":{"start":{"line":664,"column":2},"end":{"line":664,"column":null}},"181":{"start":{"line":668,"column":2},"end":{"line":668,"column":null}},"182":{"start":{"line":672,"column":2},"end":{"line":672,"column":null}},"183":{"start":{"line":676,"column":2},"end":{"line":676,"column":null}},"184":{"start":{"line":680,"column":2},"end":{"line":680,"column":null}},"185":{"start":{"line":683,"column":0},"end":{"line":683,"column":13}},"186":{"start":{"line":686,"column":2},"end":{"line":686,"column":null}},"187":{"start":{"line":691,"column":2},"end":{"line":691,"column":null}},"188":{"start":{"line":696,"column":2},"end":{"line":696,"column":null}},"189":{"start":{"line":701,"column":2},"end":{"line":701,"column":null}},"190":{"start":{"line":706,"column":2},"end":{"line":706,"column":null}},"191":{"start":{"line":711,"column":2},"end":{"line":711,"column":null}},"192":{"start":{"line":716,"column":2},"end":{"line":716,"column":null}},"193":{"start":{"line":721,"column":2},"end":{"line":721,"column":null}},"194":{"start":{"line":726,"column":2},"end":{"line":726,"column":null}},"195":{"start":{"line":731,"column":2},"end":{"line":731,"column":null}},"196":{"start":{"line":736,"column":2},"end":{"line":736,"column":null}},"197":{"start":{"line":741,"column":2},"end":{"line":741,"column":null}},"198":{"start":{"line":746,"column":2},"end":{"line":746,"column":null}},
[...]
},"end":{"line":33,"column":28}},"type":"if","locations":[{"start":{"line":33,"column":4},"end":{"line":33,"column":28}}]},"4":{"loc":{"start":{"line":36,"column":22},"end":{"line":36,"column":66}},"type":"binary-expr","locations":[{"start":{"line":36,"column":22},"end":{"line":36,"column":46}},{"start":{"line":36,"column":50},"end":{"line":36,"column":66}}]},"5":{"loc":{"start":{"line":37,"column":25},"end":{"line":37,"column":76}},"type":"binary-expr","locations":[{"start":{"line":37,"column":25},"end":{"line":37,"column":50}},{"start":{"line":37,"column":54},"end":{"line":37,"column":76}}]},"6":{"loc":{"start":{"line":39,"column":6},"end":{"line":79,"column":7}},"type":"if","locations":[{"start":{"line":39,"column":6},"end":{"line":79,"column":7}}]},"7":{"loc":{"start":{"line":39,"column":10},"end":{"line":39,"column":46}},"type":"binary-expr","locations":[{"start":{"line":39,"column":10},"end":{"line":39,"column":17}},{"start":{"line":39,"column":21},"end":{"line":39,"column":31}},{"start":{"line":39,"column":35},"end":{"line":39,"column":46}}]},"8":{"loc":{"start":{"line":50,"column":8},"end":{"line":78,"column":9}},"type":"if","locations":[{"start":{"line":50,"column":8},"end":{"line":78,"column":9}},{"start":{"line":59,"column":15},"end":{"line":78,"column":9}}]},"9":{"loc":{"start":{"line":63,"column":44},"end":{"line":63,"column":69}},"type":"binary-expr","locations":[{"start":{"line":63,"column":44},"end":{"line":63,"column":63}},{"start":{"line":63,"column":67},"end":{"line":63,"column":69}}]},"10":{"loc":{"start":{"line":64,"column":80},"end":{"line":64,"column":105}},"type":"binary-expr","locations":[{"start":{"line":64,"column":80},"end":{"line":64,"column":99}},{"start":{"line":64,"column":103},"end":{"line":64,"column":105}}]},"11":{"loc":{"start":{"line":14,"column":44},"end":{"line":14,"column":60}},"type":"cond-expr","locations":[{"start":{"line":14,"column":50},"end":{"line":14,"column":60}},{"start":{"line":14,"column":50},"end":{"line":14,"column":60}}]},"12":{"loc":{"start":{"line":14,"column":44},"end":{"line":14,"column":50}},"type":"binary-expr","locations":[{"start":{"line":14,"column":44},"end":{"line":14,"column":60}},{"start":{"line":14,"column":44},"end":{"line":14,"column":50}}]},"13":{"loc":{"start":{"line":14,"column":50},"end":{"line":15,"column":null}},"type":"cond-expr","locations":[{"start":{"line":15,"column":49},"end":{"line":15,"column":null}},{"start":{"line":15,"column":49},"end":{"line":15,"column":null}}]},"14":{"loc":{"start":{"line":14,"column":50},"end":{"line":15,"column":49}},"type":"binary-expr","locations":[{"start":{"line":14,"column":50},"end":{"line":15,"column":null}},{"start":{"line":15,"column":36},"end":{"line":15,"column":49}}]}},"s":{"0":2,"1":2,"2":2,"3":2,"4":2,"5":2,"6":2,"7":2,"8":2,"9":2,"10":146,"11":146,"12":1,"13":145,"14":134,"15":11,"16":11,"17":0,"18":11,"19":11,"20":11,"21":11,"22":11,"23":11,"24":5,"25":6,"26":11,"27":0,"28":2,"29":2,"30":2},"f":{"0":2,"1":146},"b":{"0":[1],"1":[134],"2":[145,138,138],"3":[0],"4":[11,0],"5":[11,0],"6":[11],"7":[11,11,11],"8":[5,6],"9":[6,0],"10":[6,0],"11":[2,0],"12":[2,2],"13":[2,0],"14":[2,2]}}
,"/home/dheerajsingh/Desktop/arihant-bos/apps/api/src/modules/proposals/consumers/timeline.projection.ts": {"path":"/home/dheerajsingh/Desktop/arihant-bos/apps/api/src/modules/proposals/consumers/timeline.projection.ts","statementMap":{"0":{"start":{"line":1,"column":0},"end":{"line":1,"column":60}},"1":{"start":{"line":2,"column":0},"end":{"line":2,"column":48}},"2":{"start":{"line":3,"column":0},"end":{"line":3,"column":32}},"3":{"start":{"line":4,"column":0},"end":{"line":4,"column":72}},"4":{"start":{"line":5,"column":0},"end":{"line":5,"column":99}},"5":{"start":{"line":9,"column":39},"end":{"line":260,"column":null}},"6":{"start":{"line":10,"column":28},"end":{"line":10,"column":71}},"7":{"start":{"line":11,"column":33},"end":{"line":11,"column":53}},"8":{"start":{"line":12,"column":39},"end":{"line":12,"column":64}},"9":{"start":{"line":15,"column":40},"end":{"line":15,"column":44}},"10":{"start":{"line":16,"column":21},"end":{"line":16,"column":36}},"11":{"start":{"line":21,"column":97},"end":{"line":21,"column":105}},"12":{"start":{"line":23,"column":4},"end":{"line":23,"column":29}},"13":{"start":{"line":23,"column":22},"end":{"line":23,"column":29}},"14":{"start":{"line":26,"column":24},"end":{"line":26,"column":92}},"15":{"start":{"line":27,"column":4},"end":{"line":29,"column":5}},"16":{"start":{"line":28,"column":6},"end":{"line":28,"column":13}},"17":{"start":{"line":32,"column":4},"end":{"line":40,"column":5}},"18":{"start":{"line":33,"column":22},"end":{"line":33,"column":66}},"19":{"start":{"line":34,"column":6},"end":{"line":38,"column":7}},"20":{"start":{"line":35,"column":8},"end":{"line":35,"column":89}},"21":{"start":{"line":36,"column":8},"end":{"line":36,"column":79}},"22":{"start":{"line":37,"column":8},"end":{"line":37,"column":15}},"23":{"start":{"line":39,"column":6},"end":{"line":39,"column":65}},"24":{"start":{"line":42,"column":4},"end":{"line":62,"column":5}},"25":{"start":{"line":43,"column":47},"end":{"line":43,"column":91}},"26":{"start":{"line":45,"column":6},"end":{"line":57,"column":19}},"27":{"start":{"line":59,"column":6},"end":{"line":59,"column":77}},"28":{"start":{"line":61,"column":6},"end":{"line":61,"column":100}},"29":{"start":{"line":69,"column":4},"end":{"line":69,"column":72}},"30":{"start":{"line":72,"column":4},"end":{"line":72,"column":60}},"31":{"start":{"line":74,"column":16},"end":{"line":74,"column":17}},"32":{"start":{"line":77,"column":22},"end":{"line":77,"column":81}},"33":{"start":{"line":78,"column":4},"end":{"line":93,"column":5}},"34":{"start":{"line":79,"column":6},"end":{"line":91,"column":19}},"35":{"start":{"line":92,"column":6},"end":{"line":92,"column":14}},"36":{"start":{"line":96,"column":20},"end":{"line":100,"column":16}},"37":{"start":{"line":101,"column":4},"end":{"line":116,"column":5}},"38":{"start":{"line":102,"column":6},"end":{"line":114,"column":19}},"39":{"start":{"line":115,"column":6},"end":{"line":115,"column":14}},"40":{"start":{"line":119,"column":22},"end":{"line":123,"column":16}},"41":{"start":{"line":124,"column":4},"end":{"line":143,"column":5}},"42":{"start":{"line":125,"column":6},"end":{"line":141,"column":19}},"43":{"start":{"line":142,"column":6},"end":{"line":142,"column":14}},"44":{"start":{"line":145,"column":4},"end":{"line":145,"column":94}},"45":{"start":{"line":146,"column":4},"end":{"line":146,"column":35}},"46":{"start":{"line":153,"column":4},"end":{"line":258,"column":5}},"47":{"start":{"line":156,"column":8},"end":{"line":160,"column":10}},"48":{"start":{"line":162,"column":8},"end":{"line":166,"column":10}},"49":{"start":{"line":169,"column":8},"end":{"line":173,"column":10}},"50":{"start":{"line":175,"column":8},"end":{"line":179,"column":10}},"51":{"start":{"line":181,"column":8},"end":{"line":185,"column":10}},"52":{"start":{"line":187,"column":8},"end":{"line":191,"column":10}},"53":{"start":{"line":193,"column":8},"end":{"line":197,"column":10}},"54":{"start":{"line":199,"column":8},"end":{"line":203,"column":10}},"55":{"start":{"line":205,"column":8},"end":{"line":209,"column":10}},"56":{"start":{"line":211,"column":8},"end":{"line":215,"column":10}},"57":{"start":{"line":217,"column":8},"end":{"line":221,"column":10}},"58":{"start":{"line":223,"column":8},"end":{"line":227,"column":10}},"59":{"start":{"line":229,"column":8},"end":{"line":233,"column":10}},"60":{"start":{"line":235,"column":8},"end":{"line":239,"column":10}},"61":{"start":{"line":241,"column":8},"end":{"line":245,"column":10}},"62":{"start":{"line":247,"column":8},"end":{"line":251,"column":10}},"63":{"start":{"line":253,"column":8},"end":{"line":257,"column":10}},"64":{"start":{"line":9,"column":13},"end":{"line":9,"column":39}},"65":{"start":{"line":20,"column":8},"end":{"line":63,"column":null}},"66":{"start":{"line":9,"column":13},"end":{"line":260,"column":null}}},"fnMap":{"0":{"name":"(anonymous_4)","decl":{"start":{"line":14,"column":2},"end":{"line":14,"column":null}},"loc":{"start":{"line":16,"column":49},"end":{"line":17,"column":6}}},"1":{"name":"(anonymous_5)","decl":{"start":{"line":20,"column":2},"end":{"line":20,"column":7}},"loc":{"start":{"line":20,"column":57},"end":{"line":63,"column":3}}},"2":{"name":"(anonymous_6)","decl":{"start":{"line":68,"column":2},"end":{"line":68,"column":7}},"loc":{"start":{"line":68,"column":26},"end":{"line":147,"column":3}}},"3":{"name":"(anonymous_7)","decl":{"start":{"line":149,"column":10},"end":{"line":149,"column":29}},"loc":{"start":{"line":151,"column":16},"end":{"line":259,"column":3}}}},"branchMap":{"0":{"loc":{"start":{"line":23,"column":4},"end":{"line":23,"column":29}},"type":"if","locations":[{"start":{"line":23,"column":4},"end":{"line":23,"column":29}}]},"1":{"loc":{"start":{"line":27,"column":4},"end":{"line":29,"column":5}},"type":"if","locations":[{"start":{"line":27,"column":4},"end":{"line":29,"column":5}}]},"2":{"loc":{"start":{"line":32,"column":4},"end":{"line":40,"column":5}},"type":"if","locations":[{"start":{"line":32,"column":4},"end":{"line":40,"column":5}}]},"3":{"loc":{"start":{"line":33,"column":22},"end":{"line":33,"column":66}},"type":"binary-expr","locations":[{"start":{"line":33,"column":22},"end":{"line":33,"column":61}},{"start":{"line":33,"column":65},"end":{"line":33,"column":66}}]},"4":{"loc":{"start":{"line":34,"column":6},"end":{"line":38,"column":7}},"type":"if","locations":[{"start":{"line":34,"column":6},"end":{"line":38,"column":7}}]},"5":{"loc":{"start":{"line":53,"column":20},"end":{"line":53,"column":35}},"type":"binary-expr","locations":[{"start":{"line":53,"column":20},"end":{"line":53,"column":27}},{"start":{"line":53,"column":31},"end":{"line":53,"column":35}}]},"6":{"loc":{"start":{"line":54,"column":20},"end":{"line":54,"column":42}},"type":"cond-expr","locations":[{"start":{"line":54,"column":30},"end":{"line":54,"column":37}},{"start":{"line":54,"column":40},"end":{"line":54,"column":42}}]},"7":{"loc":{"start":{"line":55,"column":23},"end":{"line":55,"column":47}},"type":"binary-expr","locations":[{"start":{"line":55,"column":23},"end":{"line":55,"column":33}},{"start":{"line":55,"column":37},"end":{"line":55,"column":47}}]},"8":{"loc":{"start":{"line":86,"column":35},"end":{"line":86,"column":69}},"type":"binary-expr","locations":[{"start":{"line":86,"column":35},"end":{"line":86,"column":48}},{"start":{"line":86,"column":52},"end":{"line":86,"column":69}}]},"9":{"loc":{"start":{"line":87,"column":20},"end":{"line":87,"column":51}},"type":"binary-expr","locations":[{"start":{"line":87,"column":20},"end":{"line":87,"column":35}},{"start":{"line":87,"column":39},"end":{"line":87,"column":51}}]},"10":{"loc":{"start":{"line":88,"column":35},"end":{"line":88,"column":69}},"type":"binary-expr","locations":[{"start":{"line":88,"column":35},"end":{"line":88,"column":48}},{"start":{"line":88,"column":52},"end":{"line":88,"column":69}}]},"11":{"loc":{"start":{"line":109,"column":23},"end":{"line":109,"column":110}},"type":"binary-expr","locations":[{"start":{"line":109,"column":23},"end":{"line":109,"column":31}},{"start":{"line":109,"column":35},"end":{"line":109,"column":110}}]},"12":{"loc":{"start":{"line":109,"column":63},"end":{"line":109,"column":89}},"type":"binary-expr","locations":[{"start":{"line":109,"column":63},"end":{"line":109,"column":76}},{"start":{"line":109,"column":80},"end":{"line":109,"column":89}}]},"13":{"loc":{"start":{"line":129,"column":22},"end":{"line":129,"column":96}},"type":"cond-expr","locations":[{"start":{"line":129,"column":38},"end":{"line":129,"column":67}},{"start":{"line":129,"column":70},"end":{"line":129,"column":96}}]},"14":{"loc":{"start":{"line":131,"column":17},"end":{"line":131,"column":87}},"type":"cond-expr","locations":[{"start":{"line":131,"column":33},"end":{"line":131,"column":54}},{"start":{"line":131,"column":57},"end":{"line":131,"column":87}}]},"15":{"loc":{"start":{"line":132,"column":23},"end":{"line":132,"column":87}},"type":"cond-expr","locations":[{"start":{"line":132,"column":40},"end":{"line":132,"column":74}},{"start":{"line":132,"column":78},"end":{"line":132,"column":87}}]},"16":{"loc":{"start":{"line":132,"column":40},"end":{"line":132,"column":74}},"type":"binary-expr","locations":[{"start":{"line":132,"column":40},"end":{"line":132,"column":57}},{"start":{"line":132,"column":61},"end":{"line":132,"column":74}}]},"17":{"loc":{"start":{"line":153,"column":4},"end":{"line":258,"column":5}},"type":"switch","locations":[{"start":{"line":154,"column":6},"end":{"line":154,"column":32}},{"start":{"line":155,"column":6},"end":{"line":160,"column":10}},{"start":{"line":161,"column":6},"end":{"line":166,"column":10}},{"start":{"line":167,"column":6},"end":{"line":167,"column":43}},{"start":{"line":168,"column":6},"end":{"line":173,"column":10}},{"start":{"line":174,"column":6},"end":{"line":179,"column":10}},{"start":{"line":180,"column":6},"end":{"line":185,"column":10}},{"start":{"line":186,"column":6},"end":{"line":191,"column":10}},{"start":{"line":192,"column":6},"end":{"line":197,"column":10}},{"start":{"line":198,"column":6},"end":{"line":203,"column":10}},{"start":{"line":204,"column":6},"end":{"line":209,"column":10}},{"start":{"line":210,"column":6},"end":{"line":215,"column":10}},{"start":{"line":216,"column":6},"end":{"line":221,"column":10}},{"start":{"line":222,"column":6},"end":{"line":227,"column":10}},{"start":{"line":228,"column":6},"end":{"line":233,"column":10}},{"start":{"line":234,"column":6},"end":{"line":239,"column":10}},{"start":{"line":240,"column":6},"end":{"line":245,"column":10}},{"start":{"line":246,"column":6},"end":{"line":251,"column":10}},{"start":{"line":252,"column":6},"end":{"line":257,"column":10}}]},"18":{"loc":{"start":{"line":158,"column":35},"end":{"line":158,"column":60}},"type":"binary-expr","locations":[{"start":{"line":158,"column":35},"end":{"line":158,"column":54}},{"start":{"line":158,"column":58},"end":{"line":158,"column":60}}]},"19":{"loc":{"start":{"line":171,"column":23},"end":{"line":171,"column":104}},"type":"binary-expr","locations":[{"start":{"line":171,"column":23},"end":{"line":171,"column":45}},{"start":{"line":171,"column":49},"end":{"line":171,"column":104}}]},"20":{"loc":{"start":{"line":183,"column":23},"end":{"line":183,"column":94}},"type":"binary-expr","locations":[{"start":{"line":183,"column":23},"end":{"line":183,"column":39}},{"start":{"line":183,"column":43},"end":{"line":183,"column":94}}]},"21":{"loc":{"start":{"line":189,"column":23},"end":{"line":189,"column":104}},"type":"binary-expr","locations":[{"start":{"line":189,"column":23},"end":{"line":189,"column":50}},{"start":{"line":189,"column":54},"end":{"line":189,"column":104}}]},"22":{"loc":{"start":{"line":195,"column":40},"end":{"line":195,"column":68}},"type":"binary-expr","locations":[{"start":{"line":195,"column":40},"end":{"line":195,"column":57}},{"start":{"line":195,"column":61},"end":{"line":195,"column":68}}]},"23":{"loc":{"start":{"line":201,"column":23},"end":{"line":201,"column":85}},"type":"binary-expr","locations":[{"start":{"line":201,"column":23},"end":{"line":201,"column":46}},{"start":{"line":201,"column":50},"end":{"line":201,"column":85}}]},"24":{"loc":{"start":{"line":206,"column":38},"end":{"line":206,"column":61}},"type":"binary-expr","locations":[{"start":{"line":206,"column":38},"end":{"line":206,"column":51}},{"start":{"line":206,"column":55},"end":{"line":206,"column":61}}]},"25":{"loc":{"start":{"line":207,"column":23},"end":{"line":207,"column":73}},"type":"binary-expr","locations":[{"start":{"line":207,"column":23},"end":{"line":207,"column":39}},{"start":{"line":207,"column":43},"end":{"line":207,"column":73}}]},"26":{"loc":{"start":{"line":213,"column":23},"end":{"line":213,"column":90}},"type":"binary-expr","locations":[{"start":{"line":213,"column":23},"end":{"line":213,"column":46}},{"start":{"line":213,"column":50},"end":{"line":213,"column":90}}]},"27":{"loc":{"start":{"line":219,"column":61},"end":{"line":219,"column":92}},"type":"binary-expr","locations":[{"start":{"line":219,"column":61},"end":{"line":219,"column":81}},{"start":{"line":219,"column":85},"end":{"line":219,"column":92}}]},"28":{"loc":{"start":{"line":225,"column":34},"end":{"line":225,"column":70}},"type":"binary-expr","locations":[{"start":{"line":225,"column":34},"end":{"line":225,"column":57}},{"start":{"line":225,"column":61},"end":{"line":225,"column":70}}]},"29":{"loc":{"start":{"line":225,"column":76},"end":{"line":225,"column":105}},"type":"binary-expr","locations":[{"start":{"line":225,"column":76},"end":{"line":225,"column":99}},{"start":{"line":225,"column":103},"end":{"line":225,"column":105}}]},"30":{"loc":{"start":{"line":231,"column":35},"end":{"line":231,"column":73}},"type":"binary-expr","locations":[{"start":{"line":231,"column":35},"end":{"line":231,"column":61}},{"start":{"line":231,"column":65},"end":{"line":231,"column":73}}]},"31":{"loc":{"start":{"line":231,"column":79},"end":{"line":231,"column":111}},"type":"binary-expr","locations":[{"start":{"line":231,"column":79},"end":{"line":231,"column":105}},{"start":{"line":231,"column":109},"end":{"line":231,"column":111}}]},"32":{"loc":{"start":{"line":237,"column":23},"end":{"line":237,"column":86}},"type":"binary-expr","locations":[{"start":{"line":237,"column":23},"end":{"line":237,"column":44}},{"start":{"line":237,"column":48},"end":{"line":237,"column":86}}]},"33":{"loc":{"start":{"line":243,"column":23},"end":{"line":243,"column":71}},"type":"binary-expr","locations":[{"start":{"line":243,"column":23},"end":{"line":243,"column":38}},{"start":{"line":243,"column":42},"end":{"line":243,"column":71}}]},"34":{"loc":{"start":{"line":255,"column":38},"end":{"line":255,"column":51}},"type":"binary-expr","locations":[{"start":{"line":255,"column":38},"end":{"line":255,"column":45}},{"start":{"line":255,"column":49},"end":{"line":255,"column":51}}]},"35":{"loc":{"start":{"line":15,"column":44},"end":{"line":15,"column":60}},"type":"cond-expr","locations":[{"start":{"line":15,"column":50},"end":{"line":15,"column":60}},{"start":{"line":15,"column":50},"end":{"line":15,"column":60}}]},"36":{"loc":{"start":{"line":15,"column":44},"end":{"line":15,"column":50}},"type":"binary-expr","locations":[{"start":{"line":15,"column":44},"end":{"line":15,"column":60}},{"start":{"line":15,"column":44},"end":{"line":15,"column":50}}]},"37":{"loc":{"start":{"line":15,"column":50},"end":{"line":16,"column":null}},"type":"cond-expr","locations":[{"start":{"line":16,"column":49},"end":{"line":16,"column":null}},{"start":{"line":16,"column":49},"end":{"line":16,"column":null}}]},"38":{"loc":{"start":{"line":15,"column":50},"end":{"line":16,"column":49}},"type":"binary-expr","locations":[{"start":{"line":15,"column":50},"end":{"line":16,"column":null}},{"start":{"line":16,"column":36},"end":{"line":16,"column":49}}]}},"s":{"0":2,"1":2,"2":2,"3":2,"4":2,"5":2,"6":2,"7":2,"8":2,"9":2,"10":2,"11":146,"12":146,"13":0,"14":146,"15":146,"16":4,"17":142,"18":142,"19":142,"20":62,"21":62,"22":62,"23":80,"24":80,"25":80,"26":80,"27":80,"28":0,"29":1,"30":1,"31":1,"32":1,"33":1,"34":26,"35":26,"36":1,"37":1,"38":71,"39":71,"40":1,"41":1,"42":5,"43":5,"44":1,"45":1,"46":80,"47":29,"48":1,"49":0,"50":0,"51":0,"52":0,"53":0,"54":0,"55":0,"56":0,"57":0,"58":0,"59":0,"60":0,"61":14,"62":0,"63":36,"64":2,"65":2,"66":2},"f":{"0":2,"1":146,"2":1,"3":80},"b":{"0":[0],"1":[4],"2":[142],"3":[142,39],"4":[62],"5":[80,1],"6":[80,0],"7":[80,0],"8":[26,0],"9":[26,0],"10":[26,0],"11":[71,0],"12":[0,0],"13":[1,4],"14":[1,4],"15":[1,4],"16":[1,0],"17":[29,29,1,0,0,0,0,0,0,0,0,0,0,0,0,0,14,0,36],"18":[29,0],"19":[0,0],"20":[0,0],"21":[0,0],"22":[0,0],"23":[0,0],"24":[0,0],"25":[0,0],"26":[0,0],"27":[0,0],"28":[0,0],"29":[0,0],"30":[0,0],"31":[0,0],"32":[0,0],"33":[14,0],"34":[36,0],"35":[2,0],"36":[2,2],"37":[2,0],"38":[2,2]}}
}
