TN:
SF:src/modules/proposals/proposals-scheduler.service.ts
FN:13,(anonymous_4)
FN:22,(anonymous_5)
FN:67,(anonymous_6)
FN:96,(anonymous_7)
FN:345,(anonymous_8)
FN:358,(anonymous_9)
FN:376,(anonymous_10)
FN:404,(anonymous_11)
FN:431,(anonymous_12)
FN:455,(anonymous_13)
FN:459,(anonymous_14)
FNF:11
FNH:11
FNDA:2,(anonymous_4)
FNDA:2,(anonymous_5)
FNDA:2,(anonymous_6)
FNDA:2,(anonymous_7)
FNDA:3,(anonymous_8)
FNDA:6,(anonymous_9)
FNDA:6,(anonymous_10)
FNDA:1,(anonymous_11)
FNDA:15,(anonymous_12)
FNDA:2,(anonymous_13)
FNDA:1,(anonymous_14)
DA:1,2
DA:2,2
DA:3,2
DA:4,2
DA:5,2
DA:6,2
DA:10,2
DA:11,2
DA:14,2
DA:15,2
DA:22,2
DA:23,2
DA:26,2
DA:27,2
DA:29,2
DA:30,0
DA:31,0
DA:34,2
DA:36,2
DA:38,2
DA:44,2
DA:45,2
DA:46,2
DA:48,2
DA:50,2
DA:59,2
DA:62,2
DA:68,2
DA:75,2
DA:76,0
DA:87,0
DA:91,2
DA:97,2
DA:104,2
DA:106,2
DA:107,0
DA:108,0
DA:110,0
DA:111,0
DA:112,0
DA:114,0
DA:126,0
DA:129,0
DA:130,0
DA:131,0
DA:132,0
DA:133,0
DA:138,0
DA:141,0
DA:153,0
DA:158,2
DA:165,2
DA:167,2
DA:168,34
DA:170,34
DA:171,34
DA:172,34
DA:174,34
DA:176,4
DA:188,4
DA:189,30
DA:191,2
DA:203,2
DA:208,2
DA:215,2
DA:216,38
DA:217,38
DA:218,38
DA:219,30
DA:220,8
DA:221,0
DA:222,8
DA:223,0
DA:224,8
DA:225,4
DA:226,4
DA:227,4
DA:230,38
DA:231,38
DA:233,38
DA:234,0
DA:246,0
DA:251,2
DA:258,2
DA:259,0
DA:269,0
DA:273,2
DA:274,2
DA:275,0
DA:276,0
DA:277,0
DA:279,0
DA:280,0
DA:292,0
DA:297,2
DA:313,2
DA:314,38
DA:315,38
DA:316,0
DA:322,0
DA:327,2
DA:328,1
DA:331,2
DA:333,0
DA:336,2
DA:339,2
DA:346,3
DA:352,3
DA:364,6
DA:366,6
DA:367,6
DA:376,6
DA:380,6
DA:381,3
DA:384,3
DA:394,3
DA:396,0
DA:397,0
DA:405,1
DA:407,1
DA:413,1
DA:414,1
DA:417,1
DA:424,1
DA:425,1
DA:427,15
DA:432,15
DA:443,15
DA:444,3
DA:445,3
DA:449,1
DA:456,2
DA:460,1
LF:133
LH:97
BRDA:29,0,0,0
BRDA:44,1,0,2
BRDA:44,1,1,0
BRDA:82,2,0,0
BRDA:82,2,1,0
BRDA:83,3,0,0
BRDA:83,3,1,0
BRDA:87,4,0,0
BRDA:104,5,0,2
BRDA:104,5,1,0
BRDA:107,6,0,0
BRDA:107,6,1,0
BRDA:108,7,0,0
BRDA:120,8,0,0
BRDA:120,8,1,0
BRDA:121,9,0,0
BRDA:121,9,1,0
BRDA:126,10,0,0
BRDA:129,11,0,0
BRDA:130,12,0,0
BRDA:130,12,1,0
BRDA:132,13,0,0
BRDA:138,14,0,0
BRDA:138,14,1,0
BRDA:147,15,0,0
BRDA:147,15,1,0
BRDA:153,16,0,0
BRDA:165,17,0,2
BRDA:165,17,1,0
BRDA:168,18,0,0
BRDA:174,19,0,4
BRDA:174,19,1,30
BRDA:182,20,0,4
BRDA:182,20,1,0
BRDA:183,21,0,4
BRDA:183,21,1,4
BRDA:188,22,0,2
BRDA:189,23,0,2
BRDA:197,24,0,2
BRDA:197,24,1,0
BRDA:198,25,0,2
BRDA:198,25,1,0
BRDA:203,26,0,1
BRDA:216,27,0,38
BRDA:216,27,1,0
BRDA:218,28,0,30
BRDA:218,28,1,8
BRDA:219,29,0,30
BRDA:219,29,1,0
BRDA:220,30,0,0
BRDA:220,30,1,8
BRDA:221,31,0,0
BRDA:221,31,1,0
BRDA:222,32,0,0
BRDA:222,32,1,8
BRDA:223,33,0,0
BRDA:223,33,1,0
BRDA:224,34,0,4
BRDA:224,34,1,4
BRDA:225,35,0,4
BRDA:225,35,1,0
BRDA:226,36,0,4
BRDA:227,37,0,4
BRDA:227,37,1,0
BRDA:230,38,0,38
BRDA:230,38,1,0
BRDA:233,39,0,0
BRDA:240,40,0,0
BRDA:240,40,1,0
BRDA:246,41,0,0
BRDA:265,42,0,0
BRDA:265,42,1,0
BRDA:266,43,0,0
BRDA:266,43,1,0
BRDA:269,44,0,0
BRDA:273,45,0,2
BRDA:273,45,1,0
BRDA:275,46,0,0
BRDA:279,47,0,0
BRDA:286,48,0,0
BRDA:286,48,1,0
BRDA:287,49,0,0
BRDA:287,49,1,0
BRDA:292,50,0,0
BRDA:314,51,0,38
BRDA:314,51,1,38
BRDA:315,52,0,0
BRDA:315,53,0,38
BRDA:315,53,1,0
BRDA:322,54,0,0
BRDA:322,54,1,0
BRDA:327,55,0,1
BRDA:345,56,0,0
BRDA:380,57,0,3
BRDA:413,58,0,1
BRDA:413,58,1,0
BRDA:443,59,0,3
BRDA:22,60,0,2
BRDA:22,60,1,0
BRDA:22,61,0,2
BRDA:22,61,1,2
BRDA:14,62,0,2
BRDA:14,62,1,0
BRDA:14,63,0,2
BRDA:14,63,1,2
BRDA:14,64,0,2
BRDA:14,64,1,0
BRDA:14,65,0,2
BRDA:14,65,1,2
BRF:109
BRH:42
end_of_record
TN:
SF:src/modules/proposals/proposals.controller.ts
FN:57,(anonymous_4)
FN:62,(anonymous_5)
FN:71,(anonymous_6)
FN:81,(anonymous_7)
FN:87,(anonymous_8)
FN:93,(anonymous_9)
FN:106,(anonymous_10)
FN:112,(anonymous_11)
FN:118,(anonymous_12)
FN:124,(anonymous_13)
FN:130,(anonymous_14)
FN:136,(anonymous_15)
FN:142,(anonymous_16)
FN:151,(anonymous_17)
FN:157,(anonymous_18)
FN:163,(anonymous_19)
FN:178,(anonymous_20)
FN:192,(anonymous_21)
FN:201,(anonymous_22)
FN:217,(anonymous_23)
FN:233,(anonymous_24)
FN:249,(anonymous_25)
FN:265,(anonymous_26)
FN:281,(anonymous_27)
FN:297,(anonymous_28)
FN:313,(anonymous_29)
FN:329,(anonymous_30)
FN:345,(anonymous_31)
FN:361,(anonymous_32)
FN:377,(anonymous_33)
FN:396,(anonymous_34)
FN:412,(anonymous_35)
FN:428,(anonymous_36)
FN:438,(anonymous_37)
FN:449,(anonymous_38)
FN:459,(anonymous_39)
FN:465,(anonymous_40)
FNF:37
FNH:34
FNDA:2,(anonymous_4)
FNDA:80,(anonymous_5)
FNDA:60,(anonymous_6)
FNDA:4,(anonymous_7)
FNDA:2,(anonymous_8)
FNDA:1,(anonymous_9)
FNDA:3,(anonymous_10)
FNDA:1,(anonymous_11)
FNDA:2,(anonymous_12)
FNDA:1,(anonymous_13)
FNDA:0,(anonymous_14)
FNDA:1,(anonymous_15)
FNDA:1,(anonymous_16)
FNDA:9,(anonymous_17)
FNDA:5,(anonymous_18)
FNDA:42,(anonymous_19)
FNDA:9,(anonymous_20)
FNDA:3,(anonymous_21)
FNDA:5,(anonymous_22)
FNDA:6,(anonymous_23)
FNDA:6,(anonymous_24)
FNDA:1,(anonymous_25)
FNDA:0,(anonymous_26)
FNDA:3,(anonymous_27)
FNDA:2,(anonymous_28)
FNDA:1,(anonymous_29)
FNDA:3,(anonymous_30)
FNDA:1,(anonymous_31)
FNDA:2,(anonymous_32)
FNDA:1,(anonymous_33)
FNDA:6,(anonymous_34)
FNDA:1,(anonymous_35)
FNDA:0,(anonymous_36)
FNDA:1,(anonymous_37)
FNDA:21,(anonymous_38)
FNDA:2,(anonymous_39)
FNDA:2,(anonymous_40)
DA:1,2
DA:19,2
DA:20,2
DA:45,2
DA:46,2
DA:47,2
DA:48,2
DA:52,2
DA:56,2
DA:57,2
DA:63,80
DA:64,2
DA:65,2
DA:66,1
DA:68,1
DA:72,60
DA:73,1
DA:81,2
DA:82,4
DA:87,2
DA:88,2
DA:93,2
DA:98,1
DA:99,1
DA:100,1
DA:101,1
DA:106,2
DA:107,3
DA:112,2
DA:113,1
DA:118,2
DA:119,2
DA:124,2
DA:125,1
DA:130,2
DA:131,0
DA:136,2
DA:137,1
DA:142,2
DA:143,1
DA:151,2
DA:152,9
DA:157,2
DA:158,5
DA:163,2
DA:168,42
DA:169,42
DA:171,41
DA:172,29
DA:173,29
DA:178,2
DA:184,9
DA:185,0
DA:187,9
DA:192,2
DA:193,3
DA:201,2
DA:207,5
DA:208,5
DA:210,5
DA:211,4
DA:212,4
DA:217,2
DA:223,6
DA:224,6
DA:226,6
DA:227,6
DA:228,6
DA:233,2
DA:239,6
DA:240,6
DA:242,6
DA:243,5
DA:244,5
DA:249,2
DA:255,1
DA:256,1
DA:258,1
DA:259,1
DA:260,1
DA:265,2
DA:271,0
DA:272,0
DA:274,0
DA:275,0
DA:276,0
DA:281,2
DA:287,3
DA:288,3
DA:290,3
DA:291,3
DA:292,3
DA:297,2
DA:303,2
DA:304,2
DA:306,2
DA:307,1
DA:308,1
DA:313,2
DA:319,1
DA:320,1
DA:322,1
DA:323,1
DA:324,1
DA:329,2
DA:335,3
DA:336,3
DA:338,3
DA:339,1
DA:340,1
DA:345,2
DA:351,1
DA:352,1
DA:354,1
DA:355,1
DA:356,1
DA:361,2
DA:367,2
DA:368,2
DA:370,2
DA:371,2
DA:372,2
DA:377,2
DA:383,1
DA:384,1
DA:386,1
DA:387,1
DA:388,1
DA:396,2
DA:402,6
DA:403,6
DA:405,6
DA:406,4
DA:407,4
DA:412,2
DA:418,1
DA:419,1
DA:421,1
DA:422,1
DA:423,1
DA:428,2
DA:433,0
DA:438,2
DA:443,1
DA:449,2
DA:454,21
DA:459,2
DA:460,2
DA:465,2
DA:466,2
LF:150
LH:142
BRDA:63,0,0,78
BRDA:65,1,0,1
BRDA:65,2,0,2
BRDA:65,2,1,1
BRDA:72,3,0,59
BRDA:169,4,0,1
BRDA:184,5,0,0
BRDA:184,6,0,9
BRDA:184,6,1,0
BRDA:208,7,0,0
BRDA:224,8,0,0
BRDA:240,9,0,0
BRDA:256,10,0,0
BRDA:272,11,0,0
BRDA:288,12,0,0
BRDA:304,13,0,0
BRDA:320,14,0,0
BRDA:336,15,0,0
BRDA:352,16,0,0
BRDA:368,17,0,0
BRDA:384,18,0,0
BRDA:403,19,0,0
BRDA:419,20,0,0
BRDA:94,21,0,2
BRDA:94,21,1,0
BRDA:94,22,0,2
BRDA:94,22,1,2
BRDA:106,23,0,2
BRDA:106,23,1,0
BRDA:106,24,0,2
BRDA:106,24,1,2
BRDA:118,25,0,2
BRDA:118,25,1,0
BRDA:118,26,0,2
BRDA:118,26,1,2
BRDA:142,27,0,2
BRDA:142,27,1,0
BRDA:142,28,0,2
BRDA:142,28,1,2
BRDA:151,29,0,2
BRDA:151,29,1,0
BRDA:151,30,0,2
BRDA:151,30,1,2
BRDA:164,31,0,2
BRDA:164,31,1,0
BRDA:164,32,0,2
BRDA:164,32,1,2
BRDA:180,33,0,2
BRDA:180,33,1,0
BRDA:180,34,0,2
BRDA:180,34,1,2
BRDA:203,35,0,2
BRDA:203,35,1,0
BRDA:203,36,0,2
BRDA:203,36,1,2
BRDA:219,37,0,2
BRDA:219,37,1,0
BRDA:219,38,0,2
BRDA:219,38,1,2
BRDA:235,39,0,2
BRDA:235,39,1,0
BRDA:235,40,0,2
BRDA:235,40,1,2
BRDA:251,41,0,2
BRDA:251,41,1,0
BRDA:251,42,0,2
BRDA:251,42,1,2
BRDA:267,43,0,2
BRDA:267,43,1,0
BRDA:267,44,0,2
BRDA:267,44,1,2
BRDA:283,45,0,2
BRDA:283,45,1,0
BRDA:283,46,0,2
BRDA:283,46,1,2
BRDA:299,47,0,2
BRDA:299,47,1,0
BRDA:299,48,0,2
BRDA:299,48,1,2
BRDA:315,49,0,2
BRDA:315,49,1,0
BRDA:315,50,0,2
BRDA:315,50,1,2
BRDA:331,51,0,2
BRDA:331,51,1,0
BRDA:331,52,0,2
BRDA:331,52,1,2
BRDA:347,53,0,2
BRDA:347,53,1,0
BRDA:347,54,0,2
BRDA:347,54,1,2
BRDA:363,55,0,2
BRDA:363,55,1,0
BRDA:363,56,0,2
BRDA:363,56,1,2
BRDA:379,57,0,2
BRDA:379,57,1,0
BRDA:379,58,0,2
BRDA:379,58,1,2
BRDA:398,59,0,2
BRDA:398,59,1,0
BRDA:398,60,0,2
BRDA:398,60,1,2
BRDA:414,61,0,2
BRDA:414,61,1,0
BRDA:414,62,0,2
BRDA:414,62,1,2
BRDA:430,63,0,2
BRDA:430,63,1,0
BRDA:430,64,0,2
BRDA:430,64,1,2
BRDA:440,65,0,2
BRDA:440,65,1,0
BRDA:440,66,0,2
BRDA:440,66,1,2
BRDA:451,67,0,2
BRDA:451,67,1,0
BRDA:451,68,0,2
BRDA:451,68,1,2
BRDA:57,69,0,2
BRDA:57,69,1,0
BRDA:57,70,0,2
BRDA:57,70,1,2
BRF:123
BRH:82
end_of_record
TN:
SF:src/modules/proposals/proposals.dto.ts
FN:44,(anonymous_2)
FN:149,(anonymous_3)
FN:426,(anonymous_4)
FN:431,(anonymous_5)
FN:436,(anonymous_6)
FN:534,(anonymous_7)
FN:540,(anonymous_8)
FNF:7
FNH:3
FNDA:2,(anonymous_2)
FNDA:0,(anonymous_3)
FNDA:0,(anonymous_4)
FNDA:0,(anonymous_5)
FNDA:0,(anonymous_6)
FNDA:2,(anonymous_7)
FNDA:3,(anonymous_8)
DA:1,2
DA:15,2
DA:17,2
DA:19,2
DA:22,2
DA:26,2
DA:29,2
DA:32,2
DA:36,2
DA:40,2
DA:44,2
DA:46,2
DA:50,2
DA:54,2
DA:58,2
DA:62,2
DA:66,2
DA:70,2
DA:74,2
DA:78,2
DA:82,2
DA:86,2
DA:90,2
DA:94,2
DA:98,2
DA:102,2
DA:106,2
DA:110,2
DA:114,2
DA:118,2
DA:123,2
DA:127,2
DA:131,2
DA:134,2
DA:137,2
DA:141,2
DA:145,2
DA:149,0
DA:151,2
DA:155,2
DA:159,2
DA:163,2
DA:167,2
DA:171,2
DA:175,2
DA:179,2
DA:183,2
DA:187,2
DA:191,2
DA:195,2
DA:200,2
DA:204,2
DA:207,2
DA:210,2
DA:213,2
DA:216,2
DA:221,2
DA:224,2
DA:227,2
DA:230,2
DA:233,2
DA:236,2
DA:239,2
DA:242,2
DA:245,2
DA:250,2
DA:254,2
DA:258,2
DA:263,2
DA:267,2
DA:270,2
DA:273,2
DA:277,2
DA:282,2
DA:286,2
DA:290,2
DA:295,2
DA:298,2
DA:301,2
DA:305,2
DA:308,2
DA:311,2
DA:315,2
DA:319,2
DA:323,2
DA:326,2
DA:329,2
DA:333,2
DA:337,2
DA:341,2
DA:345,2
DA:348,2
DA:351,2
DA:355,2
DA:359,2
DA:362,2
DA:365,2
DA:368,2
DA:371,2
DA:375,2
DA:379,2
DA:385,2
DA:389,2
DA:393,2
DA:397,2
DA:403,2
DA:407,2
DA:411,2
DA:415,2
DA:419,2
DA:423,2
DA:426,0
DA:428,2
DA:431,0
DA:433,2
DA:436,0
DA:438,2
DA:441,2
DA:444,2
DA:448,2
DA:451,2
DA:454,2
DA:459,2
DA:464,2
DA:467,2
DA:470,2
DA:474,2
DA:478,2
DA:481,2
DA:484,2
DA:488,2
DA:492,2
DA:496,2
DA:499,2
DA:502,2
DA:506,2
DA:510,2
DA:514,2
DA:518,2
DA:522,2
DA:526,2
DA:530,2
DA:533,2
DA:534,2
DA:538,10
DA:540,3
DA:544,10
DA:548,2
DA:552,2
DA:556,2
DA:560,2
DA:564,2
DA:568,2
DA:572,2
DA:576,2
DA:580,2
DA:584,2
DA:588,2
DA:592,2
DA:596,2
DA:600,2
DA:604,2
DA:608,2
DA:612,2
DA:616,2
DA:620,2
DA:624,2
DA:628,2
DA:632,2
DA:636,2
DA:640,2
DA:644,2
DA:648,2
DA:652,2
DA:656,2
DA:660,2
DA:664,2
DA:668,2
DA:672,2
DA:676,10
DA:680,10
DA:683,2
DA:686,2
DA:691,2
DA:696,2
DA:701,2
DA:706,2
DA:711,2
DA:716,2
DA:721,2
DA:726,2
DA:731,2
DA:736,2
DA:741,2
DA:746,2
DA:751,2
DA:756,2
DA:761,2
DA:765,2
DA:769,2
DA:773,2
DA:777,2
DA:781,2
DA:785,2
DA:788,2
DA:791,2
DA:795,2
DA:799,2
DA:803,2
LF:209
LH:205
BRF:0
BRH:0
end_of_record
TN:
SF:src/modules/proposals/proposals.module.ts
FNF:0
FNH:0
DA:1,2
DA:2,2
DA:3,2
DA:4,2
DA:5,2
DA:6,2
DA:7,2
DA:8,2
DA:9,2
DA:29,2
LF:10
LH:10
BRF:0
BRH:0
end_of_record
TN:
SF:src/modules/proposals/proposals.service.ts
FN:56,(anonymous_4)
FN:67,(anonymous_5)
FN:87,(anonymous_6)
FN:98,(anonymous_7)
FN:109,(anonymous_8)
FN:123,(anonymous_9)
FN:144,(anonymous_10)
FN:150,(anonymous_11)
FN:151,(anonymous_12)
FN:159,(anonymous_13)
FN:160,(anonymous_14)
FN:167,(anonymous_15)
FN:168,(anonymous_16)
FN:175,(anonymous_17)
FN:176,(anonymous_18)
FN:192,(anonymous_19)
FN:218,(anonymous_20)
FN:235,(anonymous_21)
FN:246,(anonymous_22)
FN:254,(anonymous_23)
FN:270,(anonymous_24)
FN:278,(anonymous_25)
FN:287,(anonymous_26)
FN:323,(anonymous_27)
FN:331,(anonymous_28)
FN:342,(anonymous_29)
FN:434,(anonymous_30)
FN:446,(anonymous_31)
FN:450,(anonymous_32)
FN:451,(anonymous_33)
FN:459,(anonymous_34)
FN:460,(anonymous_35)
FN:467,(anonymous_36)
FN:468,(anonymous_37)
FN:475,(anonymous_38)
FN:476,(anonymous_39)
FN:623,(anonymous_40)
FN:643,(anonymous_41)
FN:667,(anonymous_42)
FN:765,(anonymous_43)
FN:791,(anonymous_44)
FN:930,(anonymous_45)
FN:942,(anonymous_46)
FN:1000,(anonymous_47)
FN:1083,(anonymous_48)
FN:1090,(anonymous_49)
FN:1108,(anonymous_50)
FN:1142,(anonymous_51)
FN:1149,(anonymous_52)
FN:1155,(anonymous_53)
FN:1192,(anonymous_54)
FN:1199,(anonymous_55)
FN:1205,(anonymous_56)
FN:1246,(anonymous_57)
FN:1253,(anonymous_58)
FN:1265,(anonymous_59)
FN:1307,(anonymous_60)
FN:1314,(anonymous_61)
FN:1326,(anonymous_62)
FN:1365,(anonymous_63)
FN:1372,(anonymous_64)
FN:1398,(anonymous_65)
FN:1463,(anonymous_66)
FN:1470,(anonymous_67)
FN:1500,(anonymous_68)
FN:1555,(anonymous_69)
FN:1562,(anonymous_70)
FN:1574,(anonymous_71)
FN:1636,(anonymous_72)
FN:1643,(anonymous_73)
FN:1655,(anonymous_74)
FN:1704,(anonymous_75)
FN:1711,(anonymous_76)
FN:1729,(anonymous_77)
FN:1780,(anonymous_78)
FN:1787,(anonymous_79)
FN:1805,(anonymous_80)
FN:1850,(anonymous_81)
FN:1857,(anonymous_82)
FN:1871,(anonymous_83)
FN:1912,(anonymous_84)
FN:1919,(anonymous_85)
FN:1972,(anonymous_86)
FN:2054,(anonymous_87)
FN:2079,(anonymous_88)
FN:2088,(anonymous_89)
FN:2135,(anonymous_90)
FN:2142,(anonymous_91)
FN:2148,(anonymous_92)
FN:2199,(anonymous_93)
FN:2206,(anonymous_94)
FN:2238,(anonymous_95)
FN:2242,(anonymous_96)
FN:2280,(anonymous_97)
FN:2287,(anonymous_98)
FN:2300,(anonymous_99)
FN:2320,(anonymous_100)
FN:2327,(anonymous_101)
FN:2339,(anonymous_102)
FN:2340,(anonymous_103)
FN:2356,(anonymous_104)
FN:2516,(anonymous_105)
FN:2597,(anonymous_106)
FN:2603,(anonymous_107)
FN:2668,(anonymous_108)
FN:2719,(anonymous_109)
FN:2732,(anonymous_110)
FN:2747,(anonymous_111)
FN:2829,(anonymous_112)
FN:2914,(anonymous_113)
FN:2931,(anonymous_114)
FN:2947,(anonymous_115)
FN:2959,(anonymous_116)
FN:2974,(anonymous_117)
FN:3041,(anonymous_118)
FN:3050,(anonymous_119)
FN:3057,(anonymous_120)
FNF:117
FNH:82
FNDA:2,(anonymous_4)
FNDA:1,(anonymous_5)
FNDA:71,(anonymous_6)
FNDA:305,(anonymous_7)
FNDA:0,(anonymous_8)
FNDA:2,(anonymous_9)
FNDA:12,(anonymous_10)
FNDA:12,(anonymous_11)
FNDA:12,(anonymous_12)
FNDA:12,(anonymous_13)
FNDA:12,(anonymous_14)
FNDA:12,(anonymous_15)
FNDA:12,(anonymous_16)
FNDA:12,(anonymous_17)
FNDA:12,(anonymous_18)
FNDA:0,(anonymous_19)
FNDA:0,(anonymous_20)
FNDA:0,(anonymous_21)
FNDA:1,(anonymous_22)
FNDA:0,(anonymous_23)
FNDA:0,(anonymous_24)
FNDA:1,(anonymous_25)
FNDA:0,(anonymous_26)
FNDA:0,(anonymous_27)
FNDA:0,(anonymous_28)
FNDA:1,(anonymous_29)
FNDA:93,(anonymous_30)
FNDA:182,(anonymous_31)
FNDA:182,(anonymous_32)
FNDA:182,(anonymous_33)
FNDA:182,(anonymous_34)
FNDA:182,(anonymous_35)
FNDA:182,(anonymous_36)
FNDA:182,(anonymous_37)
FNDA:182,(anonymous_38)
FNDA:182,(anonymous_39)
FNDA:41,(anonymous_40)
FNDA:4,(anonymous_41)
FNDA:35,(anonymous_42)
FNDA:30,(anonymous_43)
FNDA:29,(anonymous_44)
FNDA:0,(anonymous_45)
FNDA:9,(anonymous_46)
FNDA:4,(anonymous_47)
FNDA:0,(anonymous_48)
FNDA:10,(anonymous_49)
FNDA:9,(anonymous_50)
FNDA:0,(anonymous_51)
FNDA:10,(anonymous_52)
FNDA:10,(anonymous_53)
FNDA:0,(anonymous_54)
FNDA:11,(anonymous_55)
FNDA:9,(anonymous_56)
FNDA:0,(anonymous_57)
FNDA:1,(anonymous_58)
FNDA:1,(anonymous_59)
FNDA:0,(anonymous_60)
FNDA:0,(anonymous_61)
FNDA:0,(anonymous_62)
FNDA:0,(anonymous_63)
FNDA:6,(anonymous_64)
FNDA:6,(anonymous_65)
FNDA:0,(anonymous_66)
FNDA:2,(anonymous_67)
FNDA:1,(anonymous_68)
FNDA:0,(anonymous_69)
FNDA:1,(anonymous_70)
FNDA:1,(anonymous_71)
FNDA:0,(anonymous_72)
FNDA:4,(anonymous_73)
FNDA:2,(anonymous_74)
FNDA:0,(anonymous_75)
FNDA:2,(anonymous_76)
FNDA:2,(anonymous_77)
FNDA:0,(anonymous_78)
FNDA:2,(anonymous_79)
FNDA:2,(anonymous_80)
FNDA:0,(anonymous_81)
FNDA:1,(anonymous_82)
FNDA:1,(anonymous_83)
FNDA:0,(anonymous_84)
FNDA:6,(anonymous_85)
FNDA:4,(anonymous_86)
FNDA:0,(anonymous_87)
FNDA:1,(anonymous_88)
FNDA:1,(anonymous_89)
FNDA:0,(anonymous_90)
FNDA:2,(anonymous_91)
FNDA:2,(anonymous_92)
FNDA:0,(anonymous_93)
FNDA:1,(anonymous_94)
FNDA:0,(anonymous_95)
FNDA:0,(anonymous_96)
FNDA:0,(anonymous_97)
FNDA:3,(anonymous_98)
FNDA:2,(anonymous_99)
FNDA:0,(anonymous_100)
FNDA:4,(anonymous_101)
FNDA:4,(anonymous_102)
FNDA:4,(anonymous_103)
FNDA:1,(anonymous_104)
FNDA:2,(anonymous_105)
FNDA:1,(anonymous_106)
FNDA:432,(anonymous_107)
FNDA:3,(anonymous_108)
FNDA:123,(anonymous_109)
FNDA:96,(anonymous_110)
FNDA:0,(anonymous_111)
FNDA:1,(anonymous_112)
FNDA:0,(anonymous_113)
FNDA:1,(anonymous_114)
FNDA:1,(anonymous_115)
FNDA:0,(anonymous_116)
FNDA:21,(anonymous_117)
FNDA:2,(anonymous_118)
FNDA:2,(anonymous_119)
FNDA:3,(anonymous_120)
DA:1,2
DA:12,2
DA:13,2
DA:14,2
DA:15,2
DA:16,2
DA:23,2
DA:24,2
DA:25,2
DA:26,2
DA:53,2
DA:54,2
DA:57,2
DA:58,2
DA:59,2
DA:60,2
DA:61,2
DA:68,1
DA:69,1
DA:81,1
DA:88,71
DA:89,24
DA:90,24
DA:92,23
DA:99,305
DA:105,305
DA:106,0
DA:109,0
DA:111,0
DA:117,305
DA:124,2
DA:125,2
DA:126,0
DA:129,2
DA:138,2
DA:145,12
DA:146,12
DA:148,12
DA:151,12
DA:152,12
DA:160,12
DA:161,12
DA:168,12
DA:169,12
DA:176,12
DA:177,12
DA:186,12
DA:187,12
DA:188,12
DA:189,0
DA:190,0
DA:192,0
DA:193,0
DA:201,0
DA:202,0
DA:204,0
DA:210,12
DA:211,1
DA:212,1
DA:216,12
DA:217,12
DA:218,0
DA:219,0
DA:224,12
DA:225,0
DA:229,12
DA:230,12
DA:231,0
DA:232,12
DA:233,2
DA:234,2
DA:235,0
DA:236,0
DA:239,2
DA:244,12
DA:245,12
DA:246,1
DA:247,1
DA:252,12
DA:253,12
DA:254,0
DA:255,0
DA:260,12
DA:267,12
DA:268,0
DA:271,0
DA:275,12
DA:276,1
DA:279,1
DA:283,12
DA:284,0
DA:285,0
DA:288,0
DA:297,12
DA:298,1
DA:303,12
DA:304,0
DA:307,12
DA:308,0
DA:311,12
DA:312,0
DA:316,12
DA:317,12
DA:318,12
DA:319,12
DA:320,12
DA:321,12
DA:322,12
DA:323,0
DA:324,0
DA:330,12
DA:331,0
DA:332,0
DA:340,12
DA:341,1
DA:342,1
DA:343,1
DA:356,12
DA:359,12
DA:361,12
DA:362,12
DA:363,12
DA:364,11
DA:365,11
DA:367,12
DA:369,12
DA:434,93
DA:440,12
DA:447,182
DA:451,182
DA:452,182
DA:460,182
DA:461,182
DA:468,182
DA:469,182
DA:476,182
DA:477,182
DA:496,182
DA:497,3
DA:501,179
DA:502,179
DA:503,179
DA:504,179
DA:505,63
DA:506,8
DA:507,0
DA:511,55
DA:517,55
DA:518,0
DA:524,179
DA:527,179
DA:541,179
DA:549,179
DA:573,179
DA:591,179
DA:606,179
DA:624,41
DA:625,41
DA:628,41
DA:629,2
DA:631,39
DA:636,39
DA:637,2
DA:641,37
DA:642,37
DA:643,4
DA:644,2
DA:645,1
DA:647,1
DA:648,2
DA:653,35
DA:654,35
DA:656,0
DA:660,36
DA:661,36
DA:662,37
DA:663,1
DA:665,36
DA:667,35
DA:670,35
DA:671,35
DA:676,35
DA:677,1
DA:682,34
DA:689,34
DA:690,34
DA:693,34
DA:694,1
DA:698,33
DA:699,2
DA:706,31
DA:707,31
DA:708,31
DA:709,31
DA:710,31
DA:713,31
DA:714,31
DA:715,1
DA:716,1
DA:717,1
DA:718,0
DA:721,1
DA:726,1
DA:727,0
DA:732,31
DA:733,31
DA:734,13
DA:739,13
DA:740,1
DA:745,30
DA:746,30
DA:747,30
DA:748,30
DA:753,30
DA:757,30
DA:758,30
DA:762,30
DA:766,30
DA:774,30
DA:775,1
DA:784,29
DA:785,29
DA:786,29
DA:787,29
DA:788,29
DA:791,29
DA:792,29
DA:793,29
DA:795,29
DA:838,29
DA:839,29
DA:851,29
DA:865,29
DA:878,29
DA:896,29
DA:897,12
DA:913,29
DA:927,29
DA:930,29
DA:931,29
DA:932,29
DA:933,4
DA:934,4
DA:936,29
DA:943,9
DA:944,9
DA:947,9
DA:948,1
DA:955,8
DA:956,3
DA:958,1
DA:961,1
DA:966,1
DA:968,2
DA:975,5
DA:978,5
DA:979,5
DA:980,0
DA:984,5
DA:985,2
DA:986,1
DA:991,4
DA:992,4
DA:993,1
DA:994,1
DA:995,1
DA:996,1
DA:1000,4
DA:1001,4
DA:1002,4
DA:1004,4
DA:1010,4
DA:1011,4
DA:1012,0
DA:1013,0
DA:1015,4
DA:1016,4
DA:1017,4
DA:1018,4
DA:1019,0
DA:1020,0
DA:1021,0
DA:1023,4
DA:1024,0
DA:1025,0
DA:1026,0
DA:1028,4
DA:1029,4
DA:1030,4
DA:1031,1
DA:1032,1
DA:1033,1
DA:1036,4
DA:1037,1
DA:1038,1
DA:1039,1
DA:1040,1
DA:1043,4
DA:1045,4
DA:1046,1
DA:1058,1
DA:1070,3
DA:1083,4
DA:1084,4
DA:1091,10
DA:1092,10
DA:1095,10
DA:1096,10
DA:1097,2
DA:1100,10
DA:1108,9
DA:1109,9
DA:1121,9
DA:1133,9
DA:1142,9
DA:1143,9
DA:1150,10
DA:1151,10
DA:1153,10
DA:1155,10
DA:1156,10
DA:1166,10
DA:1178,10
DA:1192,10
DA:1193,10
DA:1200,11
DA:1201,11
DA:1203,11
DA:1205,9
DA:1206,9
DA:1219,9
DA:1231,9
DA:1246,9
DA:1247,9
DA:1254,1
DA:1255,1
DA:1257,1
DA:1265,1
DA:1266,1
DA:1268,1
DA:1279,1
DA:1291,1
DA:1307,1
DA:1308,1
DA:1315,0
DA:1316,0
DA:1318,0
DA:1326,0
DA:1327,0
DA:1340,0
DA:1352,0
DA:1365,0
DA:1366,0
DA:1373,6
DA:1374,6
DA:1376,6
DA:1390,6
DA:1393,6
DA:1396,6
DA:1398,6
DA:1399,6
DA:1401,6
DA:1420,6
DA:1421,6
DA:1433,6
DA:1445,6
DA:1463,6
DA:1464,6
DA:1471,2
DA:1472,2
DA:1474,2
DA:1475,1
DA:1478,1
DA:1492,1
DA:1495,1
DA:1498,1
DA:1500,1
DA:1501,1
DA:1503,1
DA:1524,1
DA:1536,1
DA:1555,1
DA:1556,1
DA:1563,1
DA:1564,1
DA:1566,1
DA:1574,1
DA:1575,1
DA:1578,1
DA:1596,1
DA:1609,1
DA:1621,1
DA:1636,1
DA:1637,1
DA:1644,4
DA:1645,4
DA:1647,4
DA:1655,2
DA:1656,2
DA:1674,2
DA:1686,2
DA:1704,2
DA:1705,2
DA:1712,2
DA:1713,2
DA:1715,2
DA:1717,2
DA:1729,2
DA:1730,2
DA:1750,2
DA:1762,2
DA:1780,2
DA:1781,2
DA:1788,2
DA:1789,2
DA:1791,2
DA:1793,2
DA:1805,2
DA:1806,2
DA:1823,2
DA:1835,2
DA:1850,2
DA:1851,2
DA:1858,1
DA:1859,1
DA:1861,1
DA:1869,1
DA:1871,1
DA:1872,1
DA:1885,1
DA:1897,1
DA:1912,1
DA:1913,1
DA:1920,6
DA:1921,6
DA:1924,6
DA:1925,6
DA:1926,0
DA:1929,6
DA:1930,6
DA:1933,6
DA:1934,0
DA:1936,6
DA:1937,0
DA:1940,6
DA:1941,6
DA:1942,0
DA:1946,6
DA:1947,6
DA:1949,6
DA:1950,1
DA:1956,5
DA:1957,5
DA:1958,1
DA:1960,4
DA:1961,4
DA:1962,4
DA:1963,4
DA:1964,4
DA:1965,0
DA:1972,4
DA:1973,4
DA:1974,4
DA:1977,4
DA:1996,4
DA:2011,4
DA:2012,4
DA:2013,2
DA:2016,4
DA:2018,4
DA:2034,4
DA:2054,4
DA:2057,4
DA:2058,0
DA:2059,4
DA:2060,0
DA:2061,4
DA:2062,0
DA:2065,4
DA:2066,4
DA:2080,1
DA:2081,1
DA:2083,1
DA:2084,1
DA:2085,0
DA:2088,1
DA:2089,1
DA:2090,1
DA:2092,1
DA:2108,1
DA:2120,1
DA:2135,1
DA:2136,1
DA:2143,2
DA:2145,2
DA:2146,2
DA:2148,2
DA:2149,2
DA:2151,2
DA:2152,2
DA:2153,2
DA:2155,2
DA:2156,0
DA:2157,0
DA:2161,2
DA:2164,2
DA:2166,2
DA:2167,2
DA:2182,2
DA:2183,0
DA:2199,2
DA:2200,2
DA:2210,1
DA:2211,1
DA:2212,1
DA:2214,1
DA:2215,1
DA:2216,1
DA:2225,1
DA:2227,0
DA:2228,0
DA:2232,1
DA:2239,0
DA:2240,0
DA:2242,0
DA:2243,0
DA:2256,0
DA:2267,0
DA:2280,0
DA:2281,0
DA:2288,3
DA:2289,3
DA:2290,0
DA:2293,3
DA:2294,3
DA:2295,1
DA:2300,2
DA:2301,2
DA:2311,2
DA:2320,2
DA:2321,2
DA:2328,4
DA:2329,4
DA:2330,4
DA:2337,4
DA:2340,4
DA:2341,4
DA:2350,4
DA:2351,4
DA:2352,4
DA:2353,1
DA:2354,0
DA:2356,1
DA:2357,1
DA:2365,1
DA:2366,1
DA:2368,1
DA:2373,4
DA:2375,4
DA:2376,4
DA:2377,4
DA:2378,4
DA:2379,4
DA:2380,4
DA:2381,4
DA:2382,4
DA:2383,4
DA:2385,4
DA:2386,4
DA:2387,4
DA:2388,4
DA:2389,4
DA:2390,4
DA:2391,4
DA:2392,4
DA:2393,4
DA:2394,4
DA:2396,4
DA:2397,4
DA:2399,4
DA:2400,4
DA:2401,4
DA:2402,4
DA:2404,4
DA:2405,89
DA:2407,89
DA:2408,32
DA:2409,32
DA:2410,31
DA:2411,24
DA:2412,24
DA:2413,17
DA:2414,10
DA:2415,4
DA:2417,89
DA:2418,89
DA:2421,89
DA:2422,41
DA:2426,89
DA:2427,0
DA:2431,89
DA:2432,0
DA:2433,0
DA:2434,0
DA:2435,0
DA:2436,0
DA:2441,89
DA:2442,1
DA:2446,89
DA:2447,0
DA:2451,89
DA:2452,7
DA:2453,7
DA:2454,7
DA:2457,7
DA:2458,7
DA:2459,7
DA:2460,7
DA:2462,7
DA:2463,0
DA:2467,7
DA:2468,0
DA:2473,89
DA:2474,72
DA:2475,72
DA:2476,15
DA:2477,15
DA:2478,14
DA:2479,7
DA:2481,72
DA:2482,72
DA:2483,72
DA:2484,0
DA:2489,4
DA:2517,2
DA:2518,2
DA:2520,2
DA:2521,2
DA:2522,2
DA:2523,2
DA:2524,2
DA:2526,2
DA:2527,2
DA:2528,2
DA:2529,2
DA:2531,2
DA:2533,2
DA:2534,48
DA:2535,48
DA:2536,44
DA:2537,2
DA:2538,2
DA:2539,2
DA:2540,42
DA:2541,4
DA:2544,48
DA:2545,12
DA:2546,12
DA:2548,12
DA:2549,12
DA:2550,12
DA:2551,12
DA:2552,12
DA:2553,12
DA:2556,12
DA:2557,8
DA:2558,8
DA:2559,8
DA:2560,8
DA:2561,8
DA:2567,2
DA:2569,2
DA:2572,2
DA:2574,2
DA:2576,2
DA:2578,2
DA:2598,1
DA:2599,1
DA:2600,1
DA:2603,1
DA:2604,432
DA:2605,295
DA:2606,295
DA:2607,1
DA:2609,295
DA:2612,1
DA:2631,1
DA:2633,1
DA:2634,27
DA:2656,1
DA:2657,0
DA:2662,1
DA:2669,3
DA:2670,3
DA:2672,3
DA:2673,3
DA:2674,3
DA:2675,3
DA:2676,3
DA:2678,3
DA:2681,3
DA:2682,3
DA:2683,3
DA:2684,3
DA:2689,3
DA:2690,3
DA:2691,88
DA:2692,88
DA:2695,3
DA:2697,3
DA:2698,3
DA:2699,6
DA:2700,6
DA:2703,6
DA:2704,6
DA:2705,6
DA:2706,6
DA:2707,6
DA:2708,6
DA:2709,6
DA:2710,6
DA:2711,6
DA:2713,6
DA:2714,6
DA:2715,6
DA:2718,6
DA:2720,123
DA:2724,6
DA:2725,3
DA:2726,3
DA:2727,0
DA:2731,6
DA:2733,96
DA:2737,6
DA:2738,0
DA:2739,6
DA:2740,0
DA:2744,6
DA:2745,6
DA:2746,0
DA:2748,0
DA:2752,0
DA:2753,0
DA:2756,6
DA:2759,6
DA:2760,6
DA:2761,0
DA:2763,6
DA:2767,6
DA:2768,6
DA:2769,1
DA:2770,1
DA:2773,6
DA:2774,3
DA:2775,3
DA:2781,3
DA:2782,1
DA:2789,2
DA:2790,2
DA:2791,2
DA:2792,2
DA:2794,2
DA:2803,2
DA:2820,3
DA:2821,1
DA:2822,1
DA:2823,1
DA:2824,1
DA:2825,1
DA:2826,1
DA:2827,1
DA:2829,1
DA:2830,1
DA:2863,1
DA:2873,1
DA:2887,1
DA:2903,1
DA:2905,0
DA:2906,0
DA:2914,1
DA:2917,3
DA:2932,1
DA:2933,1
DA:2934,0
DA:2936,1
DA:2937,1
DA:2948,1
DA:2949,1
DA:2950,0
DA:2952,1
DA:2953,1
DA:2960,0
DA:2961,0
DA:2962,0
DA:2964,0
DA:2965,0
DA:2966,0
DA:2968,0
DA:2975,21
DA:2976,21
DA:2977,21
DA:2979,21
DA:2980,1
DA:2983,20
DA:2984,1
DA:2987,19
DA:2989,5
DA:2991,4
DA:2993,5
DA:2995,3
DA:3007,1
DA:3018,1
DA:3028,0
DA:3037,0
DA:3042,2
DA:3051,2
DA:3057,3
LF:817
LH:707
BRDA:81,0,0,1
BRDA:81,0,1,0
BRDA:88,1,0,47
BRDA:88,2,0,71
BRDA:88,2,1,24
BRDA:90,3,0,1
BRDA:105,4,0,0
BRDA:124,5,0,2
BRDA:124,5,1,0
BRDA:125,6,0,0
BRDA:125,7,0,2
BRDA:125,7,1,2
BRDA:186,8,0,12
BRDA:186,8,1,0
BRDA:187,9,0,12
BRDA:187,9,1,12
BRDA:188,10,0,0
BRDA:189,11,0,0
BRDA:189,11,1,0
BRDA:189,12,0,0
BRDA:189,12,1,0
BRDA:201,13,0,0
BRDA:210,14,0,1
BRDA:210,15,0,12
BRDA:210,15,1,1
BRDA:216,16,0,12
BRDA:216,16,1,12
BRDA:217,17,0,0
BRDA:224,18,0,0
BRDA:229,19,0,12
BRDA:229,19,1,11
BRDA:230,20,0,0
BRDA:230,20,1,12
BRDA:232,21,0,2
BRDA:232,22,0,12
BRDA:232,22,1,2
BRDA:234,23,0,0
BRDA:234,23,1,2
BRDA:244,24,0,12
BRDA:244,24,1,12
BRDA:245,25,0,1
BRDA:252,26,0,12
BRDA:252,26,1,12
BRDA:253,27,0,0
BRDA:261,28,0,12
BRDA:261,28,1,0
BRDA:267,29,0,0
BRDA:267,30,0,12
BRDA:267,30,1,12
BRDA:275,31,0,1
BRDA:275,32,0,12
BRDA:275,32,1,11
BRDA:283,33,0,0
BRDA:283,34,0,12
BRDA:283,34,1,12
BRDA:284,35,0,0
BRDA:284,35,1,0
BRDA:297,36,0,1
BRDA:297,37,0,12
BRDA:297,37,1,11
BRDA:303,38,0,0
BRDA:303,39,0,12
BRDA:303,39,1,12
BRDA:307,40,0,0
BRDA:307,41,0,12
BRDA:307,41,1,12
BRDA:311,42,0,0
BRDA:311,43,0,12
BRDA:311,43,1,12
BRDA:316,44,0,0
BRDA:317,45,0,0
BRDA:318,46,0,0
BRDA:319,47,0,0
BRDA:320,48,0,0
BRDA:321,49,0,0
BRDA:322,50,0,0
BRDA:330,51,0,0
BRDA:340,52,0,1
BRDA:340,53,0,12
BRDA:340,53,1,1
BRDA:359,54,0,12
BRDA:359,54,1,2
BRDA:361,55,0,12
BRDA:361,55,1,11
BRDA:363,56,0,1
BRDA:363,56,1,11
BRDA:363,57,0,12
BRDA:363,57,1,11
BRDA:364,58,0,0
BRDA:364,58,1,11
BRDA:364,59,0,11
BRDA:364,59,1,11
BRDA:365,60,0,0
BRDA:365,61,0,11
BRDA:365,61,1,11
BRDA:367,62,0,0
BRDA:367,62,1,12
BRDA:367,63,0,12
BRDA:367,63,1,11
BRDA:367,63,2,2
BRDA:436,64,0,93
BRDA:436,64,1,0
BRDA:496,65,0,3
BRDA:501,66,0,179
BRDA:502,67,0,179
BRDA:502,67,1,0
BRDA:503,68,0,179
BRDA:503,68,1,179
BRDA:504,69,0,63
BRDA:505,70,0,8
BRDA:505,70,1,55
BRDA:505,71,0,63
BRDA:505,71,1,8
BRDA:506,72,0,0
BRDA:511,73,0,55
BRDA:511,73,1,0
BRDA:511,73,2,0
BRDA:511,73,3,0
BRDA:511,73,4,0
BRDA:511,73,5,0
BRDA:517,74,0,0
BRDA:517,75,0,55
BRDA:517,75,1,0
BRDA:608,76,0,179
BRDA:608,76,1,0
BRDA:614,77,0,179
BRDA:614,77,1,0
BRDA:625,78,0,41
BRDA:625,78,1,14
BRDA:628,79,0,2
BRDA:636,80,0,2
BRDA:642,81,0,2
BRDA:642,81,1,35
BRDA:642,82,0,37
BRDA:642,82,1,2
BRDA:644,83,0,1
BRDA:653,84,0,35
BRDA:653,84,1,0
BRDA:662,85,0,1
BRDA:667,86,0,35
BRDA:667,86,1,0
BRDA:676,87,0,1
BRDA:683,88,0,34
BRDA:683,88,1,0
BRDA:689,89,0,34
BRDA:689,89,1,21
BRDA:693,90,0,1
BRDA:698,91,0,2
BRDA:706,92,0,31
BRDA:706,92,1,0
BRDA:713,93,0,31
BRDA:713,93,1,30
BRDA:713,93,2,30
BRDA:714,94,0,1
BRDA:715,95,0,1
BRDA:715,95,1,0
BRDA:717,96,0,0
BRDA:726,97,0,0
BRDA:726,98,0,1
BRDA:726,98,1,1
BRDA:732,99,0,31
BRDA:732,99,1,27
BRDA:732,99,2,18
BRDA:733,100,0,13
BRDA:739,101,0,1
BRDA:739,102,0,13
BRDA:739,102,1,12
BRDA:746,103,0,30
BRDA:746,103,1,0
BRDA:746,103,2,0
BRDA:747,104,0,30
BRDA:747,105,0,30
BRDA:747,105,1,30
BRDA:753,106,0,0
BRDA:757,107,0,30
BRDA:757,107,1,0
BRDA:774,108,0,1
BRDA:774,109,0,30
BRDA:774,109,1,29
BRDA:774,109,2,1
BRDA:776,110,0,1
BRDA:776,110,1,0
BRDA:779,111,0,1
BRDA:779,111,1,0
BRDA:785,112,0,29
BRDA:785,112,1,0
BRDA:793,113,0,29
BRDA:793,113,1,29
BRDA:802,114,0,29
BRDA:802,114,1,29
BRDA:804,115,0,29
BRDA:804,115,1,29
BRDA:812,116,0,29
BRDA:812,116,1,28
BRDA:812,116,2,28
BRDA:813,117,0,29
BRDA:813,117,1,28
BRDA:813,117,2,28
BRDA:816,118,0,29
BRDA:816,118,1,29
BRDA:818,119,0,29
BRDA:818,119,1,28
BRDA:822,120,0,29
BRDA:822,120,1,29
BRDA:822,120,2,29
BRDA:823,121,0,29
BRDA:823,121,1,29
BRDA:823,121,2,29
BRDA:829,122,0,29
BRDA:829,122,1,29
BRDA:857,123,0,11
BRDA:857,123,1,18
BRDA:896,124,0,12
BRDA:917,125,0,12
BRDA:917,125,1,17
BRDA:932,126,0,4
BRDA:947,127,0,1
BRDA:947,128,0,9
BRDA:947,128,1,1
BRDA:955,129,0,3
BRDA:956,130,0,1
BRDA:956,131,0,3
BRDA:956,131,1,1
BRDA:956,131,2,1
BRDA:956,131,3,1
BRDA:958,132,0,0
BRDA:958,132,1,1
BRDA:978,133,0,5
BRDA:978,133,1,5
BRDA:979,134,0,0
BRDA:979,135,0,5
BRDA:979,135,1,0
BRDA:979,135,2,0
BRDA:979,135,3,0
BRDA:984,136,0,2
BRDA:984,137,0,5
BRDA:984,137,1,2
BRDA:984,137,2,2
BRDA:985,138,0,1
BRDA:992,139,0,1
BRDA:993,140,0,1
BRDA:993,140,1,0
BRDA:994,141,0,1
BRDA:994,141,1,1
BRDA:995,142,0,1
BRDA:995,143,0,1
BRDA:995,143,1,1
BRDA:1001,144,0,4
BRDA:1001,144,1,0
BRDA:1002,145,0,1
BRDA:1002,145,1,3
BRDA:1010,146,0,1
BRDA:1011,147,0,0
BRDA:1015,148,0,1
BRDA:1016,149,0,0
BRDA:1017,150,0,0
BRDA:1018,151,0,0
BRDA:1018,152,0,4
BRDA:1018,152,1,4
BRDA:1019,153,0,0
BRDA:1019,153,1,0
BRDA:1023,154,0,0
BRDA:1023,155,0,4
BRDA:1023,155,1,4
BRDA:1024,156,0,0
BRDA:1024,156,1,0
BRDA:1028,157,0,1
BRDA:1029,158,0,2
BRDA:1030,159,0,1
BRDA:1030,160,0,4
BRDA:1030,160,1,4
BRDA:1031,161,0,1
BRDA:1031,161,1,1
BRDA:1036,162,0,1
BRDA:1045,163,0,1
BRDA:1045,163,1,3
BRDA:1095,164,0,10
BRDA:1095,164,1,2
BRDA:1096,165,0,2
BRDA:1172,166,0,10
BRDA:1172,166,1,4
BRDA:1185,167,0,10
BRDA:1185,167,1,0
BRDA:1225,168,0,9
BRDA:1225,168,1,4
BRDA:1238,169,0,9
BRDA:1238,169,1,0
BRDA:1240,170,0,9
BRDA:1240,170,1,0
BRDA:1241,171,0,9
BRDA:1241,171,1,0
BRDA:1266,172,0,1
BRDA:1266,172,1,1
BRDA:1298,173,0,1
BRDA:1298,173,1,0
BRDA:1301,174,0,1
BRDA:1301,174,1,0
BRDA:1302,175,0,1
BRDA:1302,175,1,0
BRDA:1390,176,0,6
BRDA:1390,176,1,0
BRDA:1392,177,0,0
BRDA:1392,177,1,0
BRDA:1393,178,0,0
BRDA:1393,178,1,6
BRDA:1395,179,0,6
BRDA:1395,179,1,0
BRDA:1396,180,0,6
BRDA:1396,180,1,6
BRDA:1396,180,2,6
BRDA:1420,181,0,6
BRDA:1420,181,1,0
BRDA:1427,182,0,6
BRDA:1427,182,1,6
BRDA:1452,183,0,6
BRDA:1452,183,1,0
BRDA:1458,184,0,6
BRDA:1458,184,1,0
BRDA:1474,185,0,1
BRDA:1492,186,0,1
BRDA:1492,186,1,0
BRDA:1494,187,0,0
BRDA:1494,187,1,0
BRDA:1495,188,0,0
BRDA:1495,188,1,1
BRDA:1497,189,0,1
BRDA:1497,189,1,0
BRDA:1498,190,0,1
BRDA:1498,190,1,1
BRDA:1498,190,2,1
BRDA:1543,191,0,1
BRDA:1543,191,1,0
BRDA:1575,192,0,1
BRDA:1575,192,1,0
BRDA:1601,193,0,1
BRDA:1601,193,1,0
BRDA:1628,194,0,1
BRDA:1628,194,1,0
BRDA:1631,195,0,1
BRDA:1631,195,1,0
BRDA:1662,196,0,2
BRDA:1662,196,1,0
BRDA:1663,197,0,2
BRDA:1663,197,1,0
BRDA:1664,198,0,2
BRDA:1664,198,1,1
BRDA:1680,199,0,2
BRDA:1680,199,1,2
BRDA:1693,200,0,2
BRDA:1693,200,1,0
BRDA:1696,201,0,2
BRDA:1696,201,1,0
BRDA:1698,202,0,2
BRDA:1698,202,1,0
BRDA:1699,203,0,2
BRDA:1699,203,1,0
BRDA:1715,204,0,2
BRDA:1715,204,1,1
BRDA:1740,205,0,2
BRDA:1740,205,1,2
BRDA:1769,206,0,2
BRDA:1769,206,1,0
BRDA:1774,207,0,2
BRDA:1774,207,1,0
BRDA:1775,208,0,2
BRDA:1775,208,1,0
BRDA:1842,209,0,2
BRDA:1842,209,1,0
BRDA:1869,210,0,1
BRDA:1869,210,1,0
BRDA:1904,211,0,1
BRDA:1904,211,1,0
BRDA:1925,212,0,0
BRDA:1929,213,0,6
BRDA:1929,213,1,1
BRDA:1929,213,2,0
BRDA:1933,214,0,0
BRDA:1936,215,0,0
BRDA:1936,216,0,6
BRDA:1936,216,1,6
BRDA:1940,217,0,6
BRDA:1940,217,1,1
BRDA:1941,218,0,0
BRDA:1946,219,0,6
BRDA:1946,219,1,2
BRDA:1947,220,0,6
BRDA:1947,220,1,6
BRDA:1947,220,2,6
BRDA:1949,221,0,1
BRDA:1949,222,0,6
BRDA:1949,222,1,1
BRDA:1956,223,0,5
BRDA:1957,224,0,1
BRDA:1960,225,0,4
BRDA:1960,225,1,0
BRDA:1964,226,0,0
BRDA:1964,227,0,4
BRDA:1964,227,1,0
BRDA:1973,228,0,4
BRDA:1973,228,1,3
BRDA:1974,229,0,4
BRDA:1974,229,1,2
BRDA:1986,230,0,4
BRDA:1986,230,1,0
BRDA:1988,231,0,4
BRDA:1988,231,1,4
BRDA:2004,232,0,4
BRDA:2004,232,1,0
BRDA:2012,233,0,2
BRDA:2016,234,0,4
BRDA:2016,234,1,2
BRDA:2022,235,0,4
BRDA:2022,235,1,0
BRDA:2023,236,0,4
BRDA:2023,236,1,0
BRDA:2041,237,0,4
BRDA:2041,237,1,0
BRDA:2048,238,0,4
BRDA:2048,238,1,0
BRDA:2057,239,0,0
BRDA:2057,239,1,4
BRDA:2059,240,0,0
BRDA:2059,240,1,4
BRDA:2061,241,0,0
BRDA:2084,242,0,0
BRDA:2089,243,0,1
BRDA:2089,243,1,1
BRDA:2090,244,0,1
BRDA:2090,244,1,0
BRDA:2127,245,0,1
BRDA:2127,245,1,0
BRDA:2145,246,0,2
BRDA:2145,246,1,0
BRDA:2146,247,0,2
BRDA:2146,247,1,2
BRDA:2151,248,0,2
BRDA:2155,249,0,0
BRDA:2166,250,0,2
BRDA:2166,251,0,2
BRDA:2166,251,1,2
BRDA:2174,252,0,2
BRDA:2174,252,1,0
BRDA:2182,253,0,0
BRDA:2182,254,0,2
BRDA:2182,254,1,0
BRDA:2190,255,0,0
BRDA:2190,255,1,0
BRDA:2240,256,0,0
BRDA:2240,256,1,0
BRDA:2249,257,0,0
BRDA:2249,257,1,0
BRDA:2250,258,0,0
BRDA:2250,258,1,0
BRDA:2288,259,0,3
BRDA:2288,259,1,0
BRDA:2289,260,0,0
BRDA:2289,261,0,3
BRDA:2289,261,1,3
BRDA:2294,262,0,1
BRDA:2316,263,0,2
BRDA:2316,263,1,0
BRDA:2329,264,0,4
BRDA:2329,264,1,0
BRDA:2350,265,0,4
BRDA:2350,265,1,0
BRDA:2351,266,0,4
BRDA:2351,266,1,4
BRDA:2352,267,0,1
BRDA:2353,268,0,0
BRDA:2353,268,1,1
BRDA:2353,269,0,1
BRDA:2353,269,1,0
BRDA:2365,270,0,1
BRDA:2399,271,0,4
BRDA:2399,271,1,0
BRDA:2400,272,0,4
BRDA:2400,272,1,0
BRDA:2401,273,0,4
BRDA:2401,273,1,0
BRDA:2405,274,0,89
BRDA:2405,274,1,0
BRDA:2407,275,0,57
BRDA:2407,275,1,32
BRDA:2407,276,0,89
BRDA:2407,276,1,89
BRDA:2408,277,0,0
BRDA:2408,277,1,32
BRDA:2409,278,0,1
BRDA:2409,278,1,31
BRDA:2410,279,0,7
BRDA:2410,279,1,24
BRDA:2411,280,0,0
BRDA:2411,280,1,24
BRDA:2411,281,0,24
BRDA:2411,281,1,24
BRDA:2412,282,0,7
BRDA:2412,282,1,17
BRDA:2412,283,0,24
BRDA:2412,283,1,17
BRDA:2413,284,0,7
BRDA:2413,284,1,10
BRDA:2414,285,0,6
BRDA:2414,285,1,4
BRDA:2415,286,0,4
BRDA:2417,287,0,89
BRDA:2417,287,1,0
BRDA:2418,288,0,89
BRDA:2418,288,1,0
BRDA:2421,289,0,41
BRDA:2421,290,0,89
BRDA:2421,290,1,89
BRDA:2421,290,2,57
BRDA:2421,290,3,41
BRDA:2426,291,0,0
BRDA:2426,292,0,89
BRDA:2426,292,1,82
BRDA:2426,292,2,65
BRDA:2426,292,3,65
BRDA:2431,293,0,0
BRDA:2431,294,0,89
BRDA:2431,294,1,82
BRDA:2431,294,2,65
BRDA:2431,294,3,65
BRDA:2435,295,0,0
BRDA:2441,296,0,1
BRDA:2446,297,0,0
BRDA:2446,298,0,89
BRDA:2446,298,1,0
BRDA:2451,299,0,7
BRDA:2452,300,0,7
BRDA:2452,300,1,0
BRDA:2453,301,0,0
BRDA:2453,301,1,7
BRDA:2454,302,0,0
BRDA:2454,303,0,7
BRDA:2454,303,1,7
BRDA:2459,304,0,7
BRDA:2462,305,0,0
BRDA:2462,306,0,7
BRDA:2462,306,1,7
BRDA:2462,306,2,7
BRDA:2462,306,3,0
BRDA:2462,307,0,0
BRDA:2462,307,1,0
BRDA:2467,308,0,0
BRDA:2467,309,0,7
BRDA:2467,309,1,0
BRDA:2473,310,0,72
BRDA:2475,311,0,57
BRDA:2475,311,1,15
BRDA:2475,312,0,57
BRDA:2475,312,1,0
BRDA:2476,313,0,0
BRDA:2476,313,1,15
BRDA:2476,314,0,0
BRDA:2476,314,1,0
BRDA:2477,315,0,1
BRDA:2477,315,1,14
BRDA:2477,316,0,1
BRDA:2477,316,1,0
BRDA:2478,317,0,7
BRDA:2478,317,1,7
BRDA:2478,318,0,7
BRDA:2478,318,1,0
BRDA:2479,319,0,7
BRDA:2479,320,0,7
BRDA:2479,320,1,0
BRDA:2481,321,0,72
BRDA:2481,321,1,0
BRDA:2483,322,0,0
BRDA:2534,323,0,48
BRDA:2534,323,1,0
BRDA:2535,324,0,4
BRDA:2535,324,1,44
BRDA:2536,325,0,2
BRDA:2536,325,1,42
BRDA:2538,326,0,2
BRDA:2538,326,1,0
BRDA:2538,326,2,0
BRDA:2539,327,0,2
BRDA:2539,327,1,2
BRDA:2540,328,0,4
BRDA:2544,329,0,12
BRDA:2546,330,0,4
BRDA:2548,331,0,12
BRDA:2556,332,0,8
BRDA:2569,333,0,0
BRDA:2569,333,1,2
BRDA:2572,334,0,0
BRDA:2572,334,1,2
BRDA:2574,335,0,0
BRDA:2574,335,1,2
BRDA:2576,336,0,0
BRDA:2576,336,1,2
BRDA:2604,337,0,137
BRDA:2604,338,0,432
BRDA:2604,338,1,295
BRDA:2606,339,0,1
BRDA:2636,340,0,27
BRDA:2636,340,1,0
BRDA:2641,341,0,27
BRDA:2641,341,1,12
BRDA:2646,342,0,27
BRDA:2646,342,1,25
BRDA:2650,343,0,1
BRDA:2650,343,1,26
BRDA:2651,344,0,2
BRDA:2651,344,1,25
BRDA:2656,345,0,0
BRDA:2669,346,0,3
BRDA:2669,346,1,0
BRDA:2670,347,0,3
BRDA:2670,347,1,2
BRDA:2691,348,0,1
BRDA:2692,349,0,46
BRDA:2703,350,0,6
BRDA:2703,350,1,0
BRDA:2703,350,2,0
BRDA:2703,350,3,0
BRDA:2703,350,4,0
BRDA:2704,351,0,6
BRDA:2704,351,1,0
BRDA:2704,351,2,0
BRDA:2704,351,3,0
BRDA:2704,351,4,0
BRDA:2704,351,5,0
BRDA:2704,351,6,0
BRDA:2705,352,0,6
BRDA:2705,352,1,0
BRDA:2705,352,2,0
BRDA:2705,352,3,0
BRDA:2706,353,0,6
BRDA:2706,353,1,6
BRDA:2706,353,2,3
BRDA:2706,353,3,3
BRDA:2707,354,0,6
BRDA:2707,354,1,0
BRDA:2707,354,2,0
BRDA:2708,355,0,6
BRDA:2708,355,1,3
BRDA:2708,355,2,3
BRDA:2709,356,0,6
BRDA:2709,356,1,3
BRDA:2709,356,2,3
BRDA:2710,357,0,6
BRDA:2710,357,1,6
BRDA:2710,357,2,6
BRDA:2710,357,3,6
BRDA:2710,357,4,6
BRDA:2711,358,0,6
BRDA:2711,358,1,3
BRDA:2711,358,2,3
BRDA:2713,359,0,0
BRDA:2714,360,0,0
BRDA:2715,361,0,0
BRDA:2720,362,0,123
BRDA:2720,362,1,120
BRDA:2720,362,2,120
BRDA:2724,363,0,3
BRDA:2724,363,1,3
BRDA:2726,364,0,0
BRDA:2733,365,0,96
BRDA:2733,365,1,90
BRDA:2733,365,2,90
BRDA:2737,366,0,0
BRDA:2737,366,1,6
BRDA:2739,367,0,0
BRDA:2745,368,0,0
BRDA:2748,369,0,0
BRDA:2748,369,1,0
BRDA:2748,369,2,0
BRDA:2752,370,0,0
BRDA:2756,371,0,6
BRDA:2756,371,1,6
BRDA:2759,372,0,6
BRDA:2759,372,1,0
BRDA:2760,373,0,0
BRDA:2760,373,1,6
BRDA:2768,374,0,1
BRDA:2768,375,0,6
BRDA:2768,375,1,6
BRDA:2773,376,0,3
BRDA:2773,376,1,3
BRDA:2777,377,0,3
BRDA:2777,377,1,0
BRDA:2781,378,0,1
BRDA:2781,378,1,2
BRDA:2790,379,0,2
BRDA:2790,379,1,0
BRDA:2796,380,0,2
BRDA:2796,380,1,0
BRDA:2814,381,0,2
BRDA:2814,381,1,0
BRDA:2815,382,0,2
BRDA:2815,382,1,0
BRDA:2820,383,0,1
BRDA:2820,384,0,3
BRDA:2820,384,1,2
BRDA:2825,385,0,1
BRDA:2825,385,1,0
BRDA:2932,386,0,1
BRDA:2932,386,1,0
BRDA:2933,387,0,0
BRDA:2933,388,0,1
BRDA:2933,388,1,1
BRDA:2948,389,0,1
BRDA:2948,389,1,0
BRDA:2949,390,0,0
BRDA:2949,391,0,1
BRDA:2949,391,1,1
BRDA:2960,392,0,0
BRDA:2960,392,1,0
BRDA:2961,393,0,0
BRDA:2961,394,0,0
BRDA:2961,394,1,0
BRDA:2965,395,0,0
BRDA:2979,396,0,1
BRDA:2979,397,0,21
BRDA:2979,397,1,15
BRDA:2979,397,2,6
BRDA:2983,398,0,1
BRDA:2983,399,0,20
BRDA:2983,399,1,2
BRDA:2983,399,2,1
BRDA:2987,400,0,5
BRDA:2987,400,1,4
BRDA:2987,400,2,5
BRDA:2987,400,3,3
BRDA:2987,400,4,1
BRDA:2987,400,5,1
BRDA:2987,400,6,0
BRDA:2987,400,7,0
BRDA:2998,401,0,3
BRDA:2998,401,1,2
BRDA:2999,402,0,3
BRDA:2999,402,1,3
BRDA:3002,403,0,3
BRDA:3002,403,1,3
BRDA:3010,404,0,1
BRDA:3010,404,1,1
BRDA:3021,405,0,1
BRDA:3021,405,1,0
BRDA:3022,406,0,1
BRDA:3022,406,1,0
BRDA:3022,406,2,0
BRDA:3032,407,0,0
BRDA:3032,407,1,0
BRDA:3059,408,0,2
BRDA:3059,408,1,1
BRDA:3059,409,0,3
BRDA:3059,409,1,1
BRDA:3059,409,2,0
BRDA:57,410,0,2
BRDA:57,410,1,0
BRDA:57,411,0,2
BRDA:57,411,1,2
BRDA:57,412,0,2
BRDA:57,412,1,0
BRDA:57,413,0,2
BRDA:57,413,1,2
BRDA:58,414,0,2
BRDA:58,414,1,0
BRDA:58,415,0,2
BRDA:58,415,1,2
BRDA:59,416,0,2
BRDA:59,416,1,0
BRDA:59,417,0,2
BRDA:59,417,1,2
BRDA:60,418,0,2
BRDA:60,418,1,0
BRDA:60,419,0,2
BRDA:60,419,1,2
BRF:772
BRH:520
end_of_record
TN:
SF:src/modules/proposals/proposals.workflow.ts
FN:42,(anonymous_1)
FN:68,(anonymous_2)
FN:102,(anonymous_3)
FN:208,(anonymous_4)
FNF:4
FNH:4
FNDA:852,(anonymous_1)
FNDA:378,(anonymous_2)
FNDA:321,(anonymous_3)
FNDA:49,(anonymous_4)
DA:1,2
DA:9,2
DA:38,2
DA:43,852
DA:44,852
DA:46,852
DA:61,852
DA:62,0
DA:69,378
DA:70,378
DA:76,2
DA:107,321
DA:108,321
DA:109,321
DA:110,321
DA:111,321
DA:112,321
DA:113,321
DA:115,321
DA:116,321
DA:117,321
DA:118,321
DA:121,321
DA:122,28
DA:123,27
DA:124,27
DA:125,27
DA:126,27
DA:127,27
DA:128,27
DA:129,27
DA:130,27
DA:133,0
DA:136,293
DA:137,293
DA:139,293
DA:140,857
DA:141,255
DA:143,136
DA:144,60
DA:146,119
DA:148,43
DA:149,35
DA:151,76
DA:153,33
DA:154,33
DA:156,43
DA:158,43
DA:159,43
DA:162,602
DA:163,38
DA:164,38
DA:166,564
DA:168,43
DA:170,35
DA:171,35
DA:172,31
DA:175,521
DA:176,114
DA:177,33
DA:178,33
DA:180,81
DA:182,81
DA:183,24
DA:186,407
DA:187,28
DA:188,28
DA:190,379
DA:191,86
DA:192,86
DA:194,293
DA:195,293
DA:196,293
DA:201,293
DA:215,49
DA:216,49
DA:217,49
DA:219,49
DA:220,49
DA:221,49
DA:224,49
DA:225,1
DA:226,1
DA:227,0
DA:232,1
DA:233,0
DA:235,1
DA:236,1
DA:237,1
DA:238,1
DA:239,1
DA:240,1
DA:241,1
DA:242,0
DA:248,1
DA:251,0
DA:258,48
DA:259,4
DA:260,2
DA:261,1
DA:266,1
DA:268,1
DA:275,2
DA:277,1
DA:283,1
DA:285,0
DA:286,0
DA:293,1
DA:300,44
DA:301,2
DA:302,0
DA:304,42
DA:305,2
DA:306,0
DA:308,40
DA:309,3
DA:310,0
DA:312,3
DA:313,3
DA:314,3
DA:315,3
DA:316,1
DA:318,2
DA:319,2
DA:320,2
DA:321,0
DA:324,37
DA:326,1
DA:327,0
DA:329,36
DA:331,7
DA:332,0
DA:334,7
DA:335,7
DA:336,7
DA:337,7
DA:338,0
DA:340,7
DA:341,7
DA:342,7
DA:343,0
DA:346,7
DA:347,0
DA:349,7
DA:350,0
DA:352,7
DA:353,0
DA:355,7
DA:356,7
DA:357,0
DA:361,43
LF:151
LH:131
BRDA:43,0,0,0
BRDA:61,1,0,852
BRDA:108,2,0,321
BRDA:108,2,1,0
BRDA:109,3,0,321
BRDA:109,3,1,321
BRDA:115,4,0,321
BRDA:115,4,1,80
BRDA:117,5,0,321
BRDA:117,5,1,0
BRDA:118,6,0,321
BRDA:118,6,1,241
BRDA:121,7,0,28
BRDA:122,8,0,1
BRDA:123,9,0,27
BRDA:123,9,1,0
BRDA:124,10,0,27
BRDA:124,10,1,0
BRDA:125,11,0,27
BRDA:129,12,0,27
BRDA:136,13,0,293
BRDA:136,13,1,0
BRDA:140,14,0,255
BRDA:140,14,1,602
BRDA:141,15,0,136
BRDA:141,15,1,119
BRDA:143,16,0,60
BRDA:143,17,0,136
BRDA:143,17,1,60
BRDA:143,17,2,44
BRDA:143,17,3,0
BRDA:143,17,4,0
BRDA:143,17,5,0
BRDA:146,18,0,43
BRDA:146,18,1,76
BRDA:148,19,0,35
BRDA:148,20,0,43
BRDA:148,20,1,15
BRDA:151,21,0,33
BRDA:151,21,1,43
BRDA:153,22,0,33
BRDA:153,23,0,33
BRDA:153,23,1,24
BRDA:153,23,2,1
BRDA:156,24,0,43
BRDA:156,25,0,43
BRDA:156,25,1,15
BRDA:158,26,0,43
BRDA:158,27,0,43
BRDA:158,27,1,26
BRDA:158,27,2,26
BRDA:158,27,3,0
BRDA:158,27,4,0
BRDA:162,28,0,38
BRDA:162,28,1,564
BRDA:163,29,0,38
BRDA:163,30,0,38
BRDA:163,30,1,15
BRDA:163,30,2,0
BRDA:166,31,0,43
BRDA:166,31,1,521
BRDA:168,32,0,35
BRDA:168,33,0,43
BRDA:168,33,1,15
BRDA:171,34,0,31
BRDA:171,35,0,35
BRDA:171,35,1,4
BRDA:171,35,2,4
BRDA:175,36,0,114
BRDA:175,36,1,407
BRDA:176,37,0,33
BRDA:176,37,1,81
BRDA:177,38,0,33
BRDA:177,39,0,33
BRDA:177,39,1,24
BRDA:177,39,2,24
BRDA:177,39,3,1
BRDA:177,39,4,0
BRDA:180,40,0,81
BRDA:180,41,0,81
BRDA:180,41,1,43
BRDA:182,42,0,24
BRDA:182,43,0,81
BRDA:182,43,1,34
BRDA:182,43,2,10
BRDA:186,44,0,28
BRDA:186,44,1,379
BRDA:187,45,0,28
BRDA:187,46,0,28
BRDA:187,46,1,18
BRDA:187,46,2,18
BRDA:187,46,3,0
BRDA:190,47,0,86
BRDA:190,47,1,293
BRDA:190,48,0,379
BRDA:190,48,1,336
BRDA:191,49,0,86
BRDA:191,50,0,86
BRDA:191,50,1,52
BRDA:191,50,2,52
BRDA:191,50,3,0
BRDA:191,50,4,0
BRDA:194,51,0,293
BRDA:195,52,0,293
BRDA:195,53,0,293
BRDA:195,53,1,87
BRDA:195,53,2,11
BRDA:195,53,3,11
BRDA:195,53,4,4
BRDA:219,54,0,49
BRDA:219,54,1,2
BRDA:220,55,0,49
BRDA:220,55,1,0
BRDA:221,56,0,49
BRDA:221,56,1,49
BRDA:224,57,0,1
BRDA:225,58,0,1
BRDA:226,59,0,0
BRDA:232,60,0,0
BRDA:235,61,0,1
BRDA:235,61,1,0
BRDA:236,62,0,1
BRDA:236,62,1,0
BRDA:237,63,0,1
BRDA:241,64,0,0
BRDA:258,65,0,4
BRDA:259,66,0,2
BRDA:260,67,0,1
BRDA:260,68,0,2
BRDA:260,68,1,2
BRDA:260,68,2,2
BRDA:266,69,0,1
BRDA:266,70,0,1
BRDA:266,70,1,1
BRDA:266,70,2,1
BRDA:275,71,0,1
BRDA:275,72,0,2
BRDA:275,72,1,1
BRDA:275,72,2,1
BRDA:283,73,0,0
BRDA:283,74,0,1
BRDA:283,74,1,0
BRDA:283,74,2,0
BRDA:285,75,0,0
BRDA:300,76,0,2
BRDA:300,76,1,42
BRDA:301,77,0,0
BRDA:301,78,0,2
BRDA:301,78,1,2
BRDA:304,79,0,2
BRDA:304,79,1,40
BRDA:305,80,0,0
BRDA:305,81,0,2
BRDA:305,81,1,2
BRDA:308,82,0,3
BRDA:308,82,1,37
BRDA:309,83,0,0
BRDA:315,84,0,1
BRDA:318,85,0,2
BRDA:320,86,0,0
BRDA:324,87,0,1
BRDA:324,87,1,36
BRDA:324,88,0,37
BRDA:324,88,1,11
BRDA:326,89,0,0
BRDA:329,90,0,7
BRDA:331,91,0,0
BRDA:337,92,0,0
BRDA:340,93,0,7
BRDA:342,94,0,0
BRDA:346,95,0,0
BRDA:346,96,0,7
BRDA:346,96,1,7
BRDA:346,96,2,7
BRDA:349,97,0,0
BRDA:352,98,0,0
BRDA:356,99,0,0
BRF:177
BRH:139
end_of_record
TN:
SF:src/modules/proposals/consumers/audit-log.consumer.ts
FN:15,(anonymous_4)
FN:21,(anonymous_5)
FNF:2
FNH:2
FNDA:2,(anonymous_4)
FNDA:146,(anonymous_5)
DA:1,2
DA:2,2
DA:3,2
DA:4,2
DA:5,2
DA:9,2
DA:10,2
DA:11,2
DA:13,2
DA:16,2
DA:17,2
DA:21,2
DA:22,146
DA:25,146
DA:26,146
DA:27,5
DA:28,5
DA:32,141
DA:33,141
DA:34,141
DA:35,62
DA:38,62
DA:39,62
DA:41,79
DA:44,79
DA:46,79
DA:47,79
DA:48,29
DA:49,50
DA:50,0
DA:51,50
DA:52,34
DA:53,16
DA:54,0
DA:55,16
DA:56,0
DA:59,79
DA:72,79
DA:73,79
DA:75,0
LF:40
LH:36
BRDA:26,0,0,5
BRDA:32,1,0,141
BRDA:32,2,0,141
BRDA:32,2,1,141
BRDA:33,3,0,141
BRDA:33,3,1,39
BRDA:34,4,0,62
BRDA:47,5,0,29
BRDA:47,5,1,50
BRDA:47,6,0,79
BRDA:47,6,1,50
BRDA:49,7,0,0
BRDA:49,7,1,50
BRDA:51,8,0,34
BRDA:51,8,1,16
BRDA:53,9,0,0
BRDA:53,9,1,16
BRDA:55,10,0,0
BRDA:62,11,0,79
BRDA:62,11,1,1
BRDA:66,12,0,0
BRDA:66,12,1,79
BRDA:67,13,0,79
BRDA:67,13,1,0
BRDA:16,14,0,2
BRDA:16,14,1,0
BRDA:16,15,0,2
BRDA:16,15,1,2
BRDA:16,16,0,2
BRDA:16,16,1,0
BRDA:16,17,0,2
BRDA:16,17,1,2
BRF:32
BRH:25
end_of_record
TN:
SF:src/modules/proposals/consumers/notification.consumer.ts
FN:14,(anonymous_4)
FN:21,(anonymous_5)
FN:65,(anonymous_6)
FN:173,(anonymous_7)
FNF:4
FNH:4
FNDA:2,(anonymous_4)
FNDA:146,(anonymous_5)
FNDA:72,(anonymous_6)
FNDA:141,(anonymous_7)
DA:1,2
DA:2,2
DA:3,2
DA:4,2
DA:5,2
DA:6,2
DA:10,2
DA:11,2
DA:12,2
DA:15,2
DA:16,2
DA:17,2
DA:21,2
DA:22,146
DA:25,146
DA:26,1
DA:27,1
DA:31,145
DA:32,145
DA:33,5
DA:36,140
DA:37,140
DA:38,140
DA:39,140
DA:41,140
DA:43,16
DA:44,16
DA:45,16
DA:46,16
DA:49,29
DA:50,11
DA:51,11
DA:52,11
DA:54,29
DA:59,12
DA:65,72
DA:66,12
DA:67,12
DA:68,12
DA:72,9
DA:73,9
DA:74,9
DA:75,9
DA:76,9
DA:79,1
DA:80,1
DA:81,1
DA:82,1
DA:83,1
DA:86,7
DA:87,7
DA:88,7
DA:89,7
DA:90,7
DA:93,0
DA:94,0
DA:95,0
DA:96,0
DA:97,0
DA:100,1
DA:101,1
DA:102,1
DA:103,1
DA:108,6
DA:109,6
DA:110,6
DA:111,6
DA:112,6
DA:115,0
DA:116,0
DA:117,0
DA:118,0
DA:121,2
DA:122,2
DA:123,2
DA:124,2
DA:128,57
DA:129,57
DA:133,83
DA:134,141
DA:135,141
DA:150,141
DA:161,141
DA:164,83
DA:166,0
DA:174,141
DA:175,141
DA:177,0
LF:88
LH:77
BRDA:25,0,0,1
BRDA:32,1,0,5
BRDA:41,2,0,16
BRDA:41,2,1,29
BRDA:41,2,2,12
BRDA:41,2,3,12
BRDA:41,2,4,9
BRDA:41,2,5,1
BRDA:41,2,6,7
BRDA:41,2,7,0
BRDA:41,2,8,1
BRDA:41,2,9,2
BRDA:41,2,10,4
BRDA:41,2,11,6
BRDA:41,2,12,0
BRDA:41,2,13,2
BRDA:41,2,14,57
BRDA:43,3,0,16
BRDA:44,4,0,16
BRDA:44,4,1,0
BRDA:45,5,0,16
BRDA:45,5,1,0
BRDA:49,6,0,11
BRDA:49,7,0,29
BRDA:49,7,1,12
BRDA:51,8,0,11
BRDA:51,8,1,0
BRDA:52,9,0,11
BRDA:52,9,1,0
BRDA:66,10,0,12
BRDA:66,10,1,0
BRDA:67,11,0,12
BRDA:67,11,1,0
BRDA:72,12,0,9
BRDA:73,13,0,9
BRDA:74,14,0,9
BRDA:74,14,1,0
BRDA:75,15,0,9
BRDA:75,15,1,0
BRDA:79,16,0,1
BRDA:80,17,0,1
BRDA:81,18,0,1
BRDA:81,18,1,0
BRDA:82,19,0,1
BRDA:82,19,1,0
BRDA:82,20,0,1
BRDA:82,20,1,0
BRDA:86,21,0,6
BRDA:87,22,0,7
BRDA:89,23,0,7
BRDA:89,23,1,0
BRDA:93,24,0,0
BRDA:94,25,0,0
BRDA:96,26,0,0
BRDA:96,26,1,0
BRDA:100,27,0,1
BRDA:102,28,0,1
BRDA:102,28,1,0
BRDA:108,29,0,4
BRDA:109,30,0,4
BRDA:111,31,0,6
BRDA:111,31,1,0
BRDA:115,32,0,0
BRDA:117,33,0,0
BRDA:117,33,1,0
BRDA:121,34,0,0
BRDA:123,35,0,2
BRDA:123,35,1,0
BRDA:134,36,0,0
BRDA:15,37,0,2
BRDA:15,37,1,0
BRDA:15,38,0,2
BRDA:15,38,1,2
BRDA:15,39,0,2
BRDA:15,39,1,0
BRDA:15,40,0,2
BRDA:15,40,1,2
BRDA:16,41,0,2
BRDA:16,41,1,0
BRDA:16,42,0,2
BRDA:16,42,1,2
BRF:81
BRH:52
end_of_record
TN:
SF:src/modules/proposals/consumers/task-reminder.consumer.ts
FN:13,(anonymous_4)
FN:19,(anonymous_5)
FNF:2
FNH:2
FNDA:2,(anonymous_4)
FNDA:146,(anonymous_5)
DA:1,2
DA:2,2
DA:3,2
DA:4,2
DA:5,2
DA:9,2
DA:10,2
DA:11,2
DA:14,2
DA:15,2
DA:19,2
DA:20,146
DA:22,146
DA:24,145
DA:29,134
DA:32,11
DA:33,11
DA:35,11
DA:36,11
DA:37,11
DA:39,11
DA:41,11
DA:50,11
DA:51,5
DA:60,6
DA:81,11
DA:83,0
LF:27
LH:26
BRDA:22,0,0,1
BRDA:24,1,0,134
BRDA:25,2,0,145
BRDA:25,2,1,138
BRDA:25,2,2,138
BRDA:33,3,0,0
BRDA:36,4,0,11
BRDA:36,4,1,0
BRDA:37,5,0,11
BRDA:37,5,1,0
BRDA:39,6,0,11
BRDA:39,7,0,11
BRDA:39,7,1,11
BRDA:39,7,2,11
BRDA:50,8,0,5
BRDA:50,8,1,6
BRDA:63,9,0,6
BRDA:63,9,1,0
BRDA:64,10,0,6
BRDA:64,10,1,0
BRDA:14,11,0,2
BRDA:14,11,1,0
BRDA:14,12,0,2
BRDA:14,12,1,2
BRDA:14,13,0,2
BRDA:14,13,1,0
BRDA:14,14,0,2
BRDA:14,14,1,2
BRF:28
BRH:21
end_of_record
TN:
SF:src/modules/proposals/consumers/timeline.projection.ts
FN:14,(anonymous_4)
FN:20,(anonymous_5)
FN:68,(anonymous_6)
FN:149,(anonymous_7)
FNF:4
FNH:4
FNDA:2,(anonymous_4)
FNDA:146,(anonymous_5)
FNDA:1,(anonymous_6)
FNDA:80,(anonymous_7)
DA:1,2
DA:2,2
DA:3,2
DA:4,2
DA:5,2
DA:9,2
DA:10,2
DA:11,2
DA:12,2
DA:15,2
DA:16,2
DA:20,2
DA:21,146
DA:23,146
DA:26,146
DA:27,146
DA:28,4
DA:32,142
DA:33,142
DA:34,142
DA:35,62
DA:36,62
DA:37,62
DA:39,80
DA:42,80
DA:43,80
DA:45,80
DA:59,80
DA:61,0
DA:69,1
DA:72,1
DA:74,1
DA:77,1
DA:78,1
DA:79,26
DA:92,26
DA:96,1
DA:101,1
DA:102,71
DA:115,71
DA:119,1
DA:124,1
DA:125,5
DA:142,5
DA:145,1
DA:146,1
DA:153,80
DA:156,29
DA:162,1
DA:169,0
DA:175,0
DA:181,0
DA:187,0
DA:193,0
DA:199,0
DA:205,0
DA:211,0
DA:217,0
DA:223,0
DA:229,0
DA:235,0
DA:241,14
DA:247,0
DA:253,36
LF:64
LH:50
BRDA:23,0,0,0
BRDA:27,1,0,4
BRDA:32,2,0,142
BRDA:33,3,0,142
BRDA:33,3,1,39
BRDA:34,4,0,62
BRDA:53,5,0,80
BRDA:53,5,1,1
BRDA:54,6,0,80
BRDA:54,6,1,0
BRDA:55,7,0,80
BRDA:55,7,1,0
BRDA:86,8,0,26
BRDA:86,8,1,0
BRDA:87,9,0,26
BRDA:87,9,1,0
BRDA:88,10,0,26
BRDA:88,10,1,0
BRDA:109,11,0,71
BRDA:109,11,1,0
BRDA:109,12,0,0
BRDA:109,12,1,0
BRDA:129,13,0,1
BRDA:129,13,1,4
BRDA:131,14,0,1
BRDA:131,14,1,4
BRDA:132,15,0,1
BRDA:132,15,1,4
BRDA:132,16,0,1
BRDA:132,16,1,0
BRDA:153,17,0,29
BRDA:153,17,1,29
BRDA:153,17,2,1
BRDA:153,17,3,0
BRDA:153,17,4,0
BRDA:153,17,5,0
BRDA:153,17,6,0
BRDA:153,17,7,0
BRDA:153,17,8,0
BRDA:153,17,9,0
BRDA:153,17,10,0
BRDA:153,17,11,0
BRDA:153,17,12,0
BRDA:153,17,13,0
BRDA:153,17,14,0
BRDA:153,17,15,0
BRDA:153,17,16,14
BRDA:153,17,17,0
BRDA:153,17,18,36
BRDA:158,18,0,29
BRDA:158,18,1,0
BRDA:171,19,0,0
BRDA:171,19,1,0
BRDA:183,20,0,0
BRDA:183,20,1,0
BRDA:189,21,0,0
BRDA:189,21,1,0
BRDA:195,22,0,0
BRDA:195,22,1,0
BRDA:201,23,0,0
BRDA:201,23,1,0
BRDA:206,24,0,0
BRDA:206,24,1,0
BRDA:207,25,0,0
BRDA:207,25,1,0
BRDA:213,26,0,0
BRDA:213,26,1,0
BRDA:219,27,0,0
BRDA:219,27,1,0
BRDA:225,28,0,0
BRDA:225,28,1,0
BRDA:225,29,0,0
BRDA:225,29,1,0
BRDA:231,30,0,0
BRDA:231,30,1,0
BRDA:231,31,0,0
BRDA:231,31,1,0
BRDA:237,32,0,0
BRDA:237,32,1,0
BRDA:243,33,0,14
BRDA:243,33,1,0
BRDA:255,34,0,36
BRDA:255,34,1,0
BRDA:15,35,0,2
BRDA:15,35,1,0
BRDA:15,36,0,2
BRDA:15,36,1,2
BRDA:15,37,0,2
BRDA:15,37,1,0
BRDA:15,38,0,2
BRDA:15,38,1,2
BRF:91
BRH:34
end_of_record
